#
# There is insufficient memory for the Java Runtime Environment to continue.
# Native memory allocation (malloc) failed to allocate 1048576 bytes. Error detail: AllocateHeap
# Possible reasons:
#   The system is out of physical RAM or swap space
#   This process is running with CompressedOops enabled, and the Java Heap may be blocking the growth of the native heap
# Possible solutions:
#   Reduce memory load on the system
#   Increase physical memory or swap space
#   Check if swap backing store is full
#   Decrease Java heap size (-Xmx/-Xms)
#   Decrease number of Java threads
#   Decrease Java thread stack sizes (-Xss)
#   Set larger code cache with -XX:ReservedCodeCacheSize=
#   JVM is running with Unscaled Compressed Oops mode in which the Java heap is
#     placed in the first 4GB address space. The Java Heap base address is the
#     maximum limit for the native heap growth. Please use -XX:HeapBaseMinAddress
#     to set the Java Heap base and to place the Java Heap above 4GB virtual address.
# This output file may be truncated or incomplete.
#
#  Out of Memory Error (allocation.cpp:44), pid=12044, tid=10560
#
# JRE version: OpenJDK Runtime Environment Temurin-21.0.10+7 (21.0.10+7) (build 21.0.10+7-LTS)
# Java VM: OpenJDK 64-Bit Server VM Temurin-21.0.10+7 (21.0.10+7-LTS, mixed mode, sharing, tiered, compressed oops, compressed class ptrs, parallel gc, windows-amd64)
# No core dump will be written. Minidumps are not enabled by default on client versions of Windows
#

---------------  S U M M A R Y ------------

Command Line: --add-modules=ALL-SYSTEM --add-opens=java.base/java.util=ALL-UNNAMED --add-opens=java.base/java.lang=ALL-UNNAMED --add-opens=java.base/sun.nio.fs=ALL-UNNAMED -Declipse.application=org.eclipse.jdt.ls.core.id1 -Dosgi.bundles.defaultStartLevel=4 -Declipse.product=org.eclipse.jdt.ls.core.product -Djava.import.generatesMetadataFilesAtProjectRoot=false -DDetectVMInstallationsJob.disabled=true -Dfile.encoding=utf8 -XX:+UseParallelGC -XX:GCTimeRatio=4 -XX:AdaptiveSizePolicyWeight=90 -Dsun.zip.disableMemoryMapping=true -Xmx2G -Xms100m -Xlog:disable -javaagent:c:\Users\matys\.vscode\extensions\redhat.java-1.53.0-win32-x64\lombok\lombok-1.18.39-4050.jar -XX:+HeapDumpOnOutOfMemoryError -XX:HeapDumpPath=c:\Users\matys\AppData\Roaming\Code\User\workspaceStorage\47e3c005e3d690642a0c1828fe6af43c\redhat.java -Daether.dependencyCollector.impl=bf c:\Users\matys\.vscode\extensions\redhat.java-1.53.0-win32-x64\server\plugins\org.eclipse.equinox.launcher_1.7.100.v20251111-0406.jar -configuration c:\Users\matys\AppData\Roaming\Code\User\globalStorage\redhat.java\1.53.0\config_win -data c:\Users\matys\AppData\Roaming\Code\User\workspaceStorage\47e3c005e3d690642a0c1828fe6af43c\redhat.java\jdt_ws --pipe=\\.\pipe\lsp-5f323ece16c45648c9b5e797ac2bf13e-sock

Host: 11th Gen Intel(R) Core(TM) i7-11370H @ 3.30GHz, 8 cores, 15G,  Windows 11 , 64 bit Build 26100 (10.0.26100.8115)
Time: Sat Apr  4 21:46:57 2026 elapsed time: 3211.547594 seconds (0d 0h 53m 31s)

---------------  T H R E A D  ---------------

Current thread (0x0000024c0e608530):  JavaThread "Attach Listener" daemon [_thread_in_vm, id=10560, stack(0x000000d2e4400000,0x000000d2e4500000) (1024K)]

Stack: [0x000000d2e4400000,0x000000d2e4500000]
Native frames: (J=compiled Java code, j=interpreted, Vv=VM code, C=native code)
V  [jvm.dll+0x6d7a39]
V  [jvm.dll+0x8b4b26]
V  [jvm.dll+0x8b70de]
V  [jvm.dll+0x8b77c3]
V  [jvm.dll+0x284346]
V  [jvm.dll+0xc1277]
V  [jvm.dll+0x6d82e9]
V  [jvm.dll+0x1334a6]
V  [jvm.dll+0x3f857e]
V  [jvm.dll+0x85f59d]
V  [jvm.dll+0x6d626d]
C  [ucrtbase.dll+0x37b0]
C  [KERNEL32.DLL+0x2e8d7]
C  [ntdll.dll+0x8c3fc]


---------------  P R O C E S S  ---------------

Threads class SMR info:
_java_thread_list=0x0000024c6d74dc90, length=34, elements={
0x0000024c0c2868b0, 0x0000024c0e5fc000, 0x0000024c0e5fedf0, 0x0000024c0e607850,
0x0000024c0e608530, 0x0000024c0e60a340, 0x0000024c0e60aed0, 0x0000024c0e6110e0,
0x0000024c0e612320, 0x0000024c67baaad0, 0x0000024c67ce36b0, 0x0000024c6c3d0ac0,
0x0000024c6c52b500, 0x0000024c6c895160, 0x0000024c6c89bef0, 0x0000024c6cdbb070,
0x0000024c6cd1bfe0, 0x0000024c6ce8f4e0, 0x0000024c6c67c500, 0x0000024c6c67b7e0,
0x0000024c6c67be70, 0x0000024c6ec91300, 0x0000024c6ec91990, 0x0000024c6ec926b0,
0x0000024c6ec93a60, 0x0000024c6ec905e0, 0x0000024c6ec92020, 0x0000024c6ec940f0,
0x0000024c6ec90c70, 0x0000024c6ec96850, 0x0000024c6ec94780, 0x0000024c6ec954a0,
0x0000024c6ec97570, 0x0000024c6ec95b30
}

Java Threads: ( => current thread )
  0x0000024c0c2868b0 JavaThread "main"                              [_thread_blocked, id=23164, stack(0x000000d2e3d00000,0x000000d2e3e00000) (1024K)]
  0x0000024c0e5fc000 JavaThread "Reference Handler"          daemon [_thread_blocked, id=4124, stack(0x000000d2e4100000,0x000000d2e4200000) (1024K)]
  0x0000024c0e5fedf0 JavaThread "Finalizer"                  daemon [_thread_blocked, id=24228, stack(0x000000d2e4200000,0x000000d2e4300000) (1024K)]
  0x0000024c0e607850 JavaThread "Signal Dispatcher"          daemon [_thread_blocked, id=7096, stack(0x000000d2e4300000,0x000000d2e4400000) (1024K)]
=>0x0000024c0e608530 JavaThread "Attach Listener"            daemon [_thread_in_vm, id=10560, stack(0x000000d2e4400000,0x000000d2e4500000) (1024K)]
  0x0000024c0e60a340 JavaThread "Service Thread"             daemon [_thread_blocked, id=3672, stack(0x000000d2e4500000,0x000000d2e4600000) (1024K)]
  0x0000024c0e60aed0 JavaThread "Monitor Deflation Thread"   daemon [_thread_blocked, id=3552, stack(0x000000d2e4600000,0x000000d2e4700000) (1024K)]
  0x0000024c0e6110e0 JavaThread "C2 CompilerThread0"         daemon [_thread_blocked, id=10788, stack(0x000000d2e4700000,0x000000d2e4800000) (1024K)]
  0x0000024c0e612320 JavaThread "C1 CompilerThread0"         daemon [_thread_blocked, id=11112, stack(0x000000d2e4800000,0x000000d2e4900000) (1024K)]
  0x0000024c67baaad0 JavaThread "Common-Cleaner"             daemon [_thread_blocked, id=24136, stack(0x000000d2e4a00000,0x000000d2e4b00000) (1024K)]
  0x0000024c67ce36b0 JavaThread "Notification Thread"        daemon [_thread_blocked, id=27712, stack(0x000000d2e4900000,0x000000d2e4a00000) (1024K)]
  0x0000024c6c3d0ac0 JavaThread "Active Thread: Equinox Container: ce7af692-93a4-4c29-81a6-038f625d597b"        [_thread_blocked, id=27876, stack(0x000000d2e5300000,0x000000d2e5400000) (1024K)]
  0x0000024c6c52b500 JavaThread "Refresh Thread: Equinox Container: ce7af692-93a4-4c29-81a6-038f625d597b" daemon [_thread_blocked, id=28048, stack(0x000000d2e4c00000,0x000000d2e4d00000) (1024K)]
  0x0000024c6c895160 JavaThread "Framework Event Dispatcher: Equinox Container: ce7af692-93a4-4c29-81a6-038f625d597b" daemon [_thread_blocked, id=28072, stack(0x000000d2e5400000,0x000000d2e5500000) (1024K)]
  0x0000024c6c89bef0 JavaThread "Start Level: Equinox Container: ce7af692-93a4-4c29-81a6-038f625d597b" daemon [_thread_blocked, id=28076, stack(0x000000d2e5500000,0x000000d2e5600000) (1024K)]
  0x0000024c6cdbb070 JavaThread "Bundle File Closer"         daemon [_thread_blocked, id=28404, stack(0x000000d2e5600000,0x000000d2e5700000) (1024K)]
  0x0000024c6cd1bfe0 JavaThread "SCR Component Actor"        daemon [_thread_blocked, id=27672, stack(0x000000d2e5700000,0x000000d2e5800000) (1024K)]
  0x0000024c6ce8f4e0 JavaThread "Worker-JM"                         [_thread_blocked, id=26880, stack(0x000000d2e5900000,0x000000d2e5a00000) (1024K)]
  0x0000024c6c67c500 JavaThread "JNA Cleaner"                daemon [_thread_blocked, id=6068, stack(0x000000d2e5a00000,0x000000d2e5b00000) (1024K)]
  0x0000024c6c67b7e0 JavaThread "Worker-1"                          [_thread_blocked, id=27960, stack(0x000000d2e5c00000,0x000000d2e5d00000) (1024K)]
  0x0000024c6c67be70 JavaThread "Java indexing"              daemon [_thread_blocked, id=27740, stack(0x000000d2e5d00000,0x000000d2e5e00000) (1024K)]
  0x0000024c6ec91300 JavaThread "Worker-4"                          [_thread_blocked, id=12444, stack(0x000000d2e6300000,0x000000d2e6400000) (1024K)]
  0x0000024c6ec91990 JavaThread "Thread-1"                   daemon [_thread_in_native, id=25952, stack(0x000000d2e6400000,0x000000d2e6500000) (1024K)]
  0x0000024c6ec926b0 JavaThread "Thread-2"                   daemon [_thread_in_native, id=22060, stack(0x000000d2e6500000,0x000000d2e6600000) (1024K)]
  0x0000024c6ec93a60 JavaThread "Thread-3"                   daemon [_thread_in_native, id=5928, stack(0x000000d2e6600000,0x000000d2e6700000) (1024K)]
  0x0000024c6ec905e0 JavaThread "Thread-4"                   daemon [_thread_in_native, id=20844, stack(0x000000d2e6700000,0x000000d2e6800000) (1024K)]
  0x0000024c6ec92020 JavaThread "Thread-5"                   daemon [_thread_in_native, id=28264, stack(0x000000d2e6800000,0x000000d2e6900000) (1024K)]
  0x0000024c6ec940f0 JavaThread "Thread-6"                   daemon [_thread_in_native, id=19160, stack(0x000000d2e6900000,0x000000d2e6a00000) (1024K)]
  0x0000024c6ec90c70 JavaThread "Thread-7"                   daemon [_thread_in_native, id=25180, stack(0x000000d2e6a00000,0x000000d2e6b00000) (1024K)]
  0x0000024c6ec96850 JavaThread "Thread-8"                   daemon [_thread_in_native, id=18000, stack(0x000000d2e6b00000,0x000000d2e6c00000) (1024K)]
  0x0000024c6ec94780 JavaThread "Thread-9"                   daemon [_thread_in_native, id=7380, stack(0x000000d2e6c00000,0x000000d2e6d00000) (1024K)]
  0x0000024c6ec954a0 JavaThread "pool-2-thread-1"                   [_thread_blocked, id=9060, stack(0x000000d2e6d00000,0x000000d2e6e00000) (1024K)]
  0x0000024c6ec97570 JavaThread "WorkspaceEventsHandler"            [_thread_blocked, id=3380, stack(0x000000d2e6e00000,0x000000d2e6f00000) (1024K)]
  0x0000024c6ec95b30 JavaThread "pool-1-thread-1"                   [_thread_blocked, id=17924, stack(0x000000d2e6f00000,0x000000d2e7000000) (1024K)]
Total: 34

Other Threads:
  0x0000024c0e726f00 VMThread "VM Thread"                           [id=21756, stack(0x000000d2e4000000,0x000000d2e4100000) (1024K)]
  0x0000024c0e6f6260 WatcherThread "VM Periodic Task Thread"        [id=20096, stack(0x000000d2e3f00000,0x000000d2e4000000) (1024K)]
  0x0000024c0e6a8500 WorkerThread "GC Thread#0"                     [id=3640, stack(0x000000d2e3e00000,0x000000d2e3f00000) (1024K)]
  0x0000024c6c607540 WorkerThread "GC Thread#1"                     [id=27752, stack(0x000000d2e4d00000,0x000000d2e4e00000) (1024K)]
  0x0000024c6c607cf0 WorkerThread "GC Thread#2"                     [id=27756, stack(0x000000d2e4e00000,0x000000d2e4f00000) (1024K)]
  0x0000024c6c6080a0 WorkerThread "GC Thread#3"                     [id=27760, stack(0x000000d2e4f00000,0x000000d2e5000000) (1024K)]
  0x0000024c6c332900 WorkerThread "GC Thread#4"                     [id=27764, stack(0x000000d2e5000000,0x000000d2e5100000) (1024K)]
  0x0000024c6c332cb0 WorkerThread "GC Thread#5"                     [id=27768, stack(0x000000d2e5100000,0x000000d2e5200000) (1024K)]
  0x0000024c6c333060 WorkerThread "GC Thread#6"                     [id=27772, stack(0x000000d2e5200000,0x000000d2e5300000) (1024K)]
  0x0000024c6c591800 WorkerThread "GC Thread#7"                     [id=28032, stack(0x000000d2e4b00000,0x000000d2e4c00000) (1024K)]
Total: 10

Threads with active compile tasks:
Total: 0

VM state: not at safepoint (normal execution)

VM Mutex/Monitor currently owned by a thread: None

Heap address: 0x0000000080000000, size: 2048 MB, Compressed Oops mode: 32-bit

CDS archive(s) mapped at: [0x0000024c25000000-0x0000024c25ba0000-0x0000024c25ba0000), size 12189696, SharedBaseAddress: 0x0000024c25000000, ArchiveRelocationMode: 1.
Compressed class space mapped at: 0x0000024c26000000-0x0000024c66000000, reserved size: 1073741824
Narrow klass base: 0x0000024c25000000, Narrow klass shift: 0, Narrow klass range: 0x100000000

GC Precious Log:
 CardTable entry size: 512
 CPUs: 8 total, 8 available
 Memory: 16075M
 Large Page Support: Disabled
 NUMA Support: Disabled
 Compressed Oops: Enabled (32-bit)
 Alignments: Space 512K, Generation 512K, Heap 2M
 Heap Min Capacity: 100M
 Heap Initial Capacity: 100M
 Heap Max Capacity: 2G
 Pre-touch: Disabled
 Parallel Workers: 8

Heap:
 PSYoungGen      total 16384K, used 2329K [0x00000000d5580000, 0x00000000d6a80000, 0x0000000100000000)
  eden space 14848K, 6% used [0x00000000d5580000,0x00000000d5676690,0x00000000d6400000)
  from space 1536K, 87% used [0x00000000d6400000,0x00000000d6550010,0x00000000d6580000)
  to   space 3072K, 0% used [0x00000000d6780000,0x00000000d6780000,0x00000000d6a80000)
 ParOldGen       total 92160K, used 76213K [0x0000000080000000, 0x0000000085a00000, 0x00000000d5580000)
  object space 92160K, 82% used [0x0000000080000000,0x0000000084a6d4b0,0x0000000085a00000)
 Metaspace       used 61902K, committed 63424K, reserved 1114112K
  class space    used 6565K, committed 7232K, reserved 1048576K

Card table byte_map: [0x0000024c0e020000,0x0000024c0e430000] _byte_map_base: 0x0000024c0dc20000

Marking Bits: (ParMarkBitMap*) 0x00007ffd630d3450
 Begin Bits: [0x0000024c20b30000, 0x0000024c22b30000)
 End Bits:   [0x0000024c22b30000, 0x0000024c24b30000)

Polling page: 0x0000024c0c420000

Metaspace:

Usage:
  Non-class:     54.04 MB used.
      Class:      6.41 MB used.
       Both:     60.45 MB used.

Virtual space:
  Non-class space:       64.00 MB reserved,      54.88 MB ( 86%) committed,  1 nodes.
      Class space:        1.00 GB reserved,       7.06 MB ( <1%) committed,  1 nodes.
             Both:        1.06 GB reserved,      61.94 MB (  6%) committed. 

Chunk freelists:
   Non-Class:  8.25 MB
       Class:  8.88 MB
        Both:  17.13 MB

MaxMetaspaceSize: unlimited
CompressedClassSpaceSize: 1.00 GB
Initial GC threshold: 21.00 MB
Current GC threshold: 97.31 MB
CDS: on
 - commit_granule_bytes: 65536.
 - commit_granule_words: 8192.
 - virtual_space_node_default_size: 8388608.
 - enlarge_chunks_in_place: 1.
 - use_allocation_guard: 0.


Internal statistics:

num_allocs_failed_limit: 9.
num_arena_births: 1220.
num_arena_deaths: 14.
num_vsnodes_births: 2.
num_vsnodes_deaths: 0.
num_space_committed: 991.
num_space_uncommitted: 0.
num_chunks_returned_to_freelist: 23.
num_chunks_taken_from_freelist: 4104.
num_chunk_merges: 10.
num_chunk_splits: 2532.
num_chunks_enlarged: 1446.
num_inconsistent_stats: 0.

CodeHeap 'non-profiled nmethods': size=120000Kb used=8306Kb max_used=8306Kb free=111693Kb
 bounds [0x0000024c19350000, 0x0000024c19b70000, 0x0000024c20880000]
CodeHeap 'profiled nmethods': size=120000Kb used=23714Kb max_used=23714Kb free=96285Kb
 bounds [0x0000024c11880000, 0x0000024c12fb0000, 0x0000024c18db0000]
CodeHeap 'non-nmethods': size=5760Kb used=1431Kb max_used=1471Kb free=4328Kb
 bounds [0x0000024c18db0000, 0x0000024c19020000, 0x0000024c19350000]
CodeCache: size=245760Kb, used=33451Kb, max_used=33491Kb, free=212306Kb
 total_blobs=11227, nmethods=10494, adapters=638, full_count=0
Compilation: enabled, stopped_count=0, restarted_count=0

Compilation events (20 events):
Event: 2497.561 Thread 0x0000024c0e612320 11229       3       sun.nio.ch.WindowsAsynchronousFileChannelImpl::getByOverlapped (9 bytes)
Event: 2497.563 Thread 0x0000024c0e612320 nmethod 11229 0x0000024c12fa0b10 code [0x0000024c12fa0cc0, 0x0000024c12fa0e08]
Event: 2497.563 Thread 0x0000024c0e612320 11230   !   3       sun.nio.ch.PendingIoCache::remove (89 bytes)
Event: 2497.564 Thread 0x0000024c0e612320 nmethod 11230 0x0000024c12fa0f10 code [0x0000024c12fa1140, 0x0000024c12fa18d8]
Event: 2506.058 Thread 0x0000024c0e612320 11231       3       org.eclipse.core.internal.localstore.FileSystemResourceManager::findLinkedResourcesPaths (155 bytes)
Event: 2506.064 Thread 0x0000024c0e612320 nmethod 11231 0x0000024c12fa1c90 code [0x0000024c12fa20c0, 0x0000024c12fa4238]
Event: 2571.006 Thread 0x0000024c0e612320 11232       3       org.eclipse.jdt.ls.core.internal.ParentProcessWatcher::run (83 bytes)
Event: 2571.017 Thread 0x0000024c0e612320 nmethod 11232 0x0000024c12fa5010 code [0x0000024c12fa52a0, 0x0000024c12fa5cf8]
Event: 2571.017 Thread 0x0000024c0e612320 11233       3       org.eclipse.jdt.ls.core.internal.ParentProcessWatcher::parentProcessStillRunning (62 bytes)
Event: 2571.021 Thread 0x0000024c0e612320 nmethod 11233 0x0000024c12fa6090 code [0x0000024c12fa62c0, 0x0000024c12fa69c8]
Event: 2769.132 Thread 0x0000024c0e612320 11234   !   3       java.util.logging.LogManager::ensureLogManagerInitialized (144 bytes)
Event: 2769.136 Thread 0x0000024c0e612320 nmethod 11234 0x0000024c12fa6c10 code [0x0000024c12fa6f20, 0x0000024c12fa8040]
Event: 3006.146 Thread 0x0000024c0e612320 11235       1       org.eclipse.core.internal.jobs.InternalJob::setNext (6 bytes)
Event: 3006.146 Thread 0x0000024c0e612320 nmethod 11235 0x0000024c19b6c210 code [0x0000024c19b6c3a0, 0x0000024c19b6c480]
Event: 3006.149 Thread 0x0000024c0e612320 11236       1       org.eclipse.core.internal.jobs.InternalJob::setPrevious (6 bytes)
Event: 3006.149 Thread 0x0000024c0e612320 nmethod 11236 0x0000024c19b6c510 code [0x0000024c19b6c6a0, 0x0000024c19b6c780]
Event: 3039.174 Thread 0x0000024c0e6110e0 11237       4       jdk.internal.misc.Unsafe::putIntOpaque (9 bytes)
Event: 3039.175 Thread 0x0000024c0e6110e0 nmethod 11237 0x0000024c19b6c810 code [0x0000024c19b6c9a0, 0x0000024c19b6ca38]
Event: 3131.444 Thread 0x0000024c0e612320 11238       3       java.lang.ProcessHandleImpl::<init> (15 bytes)
Event: 3131.444 Thread 0x0000024c0e612320 nmethod 11238 0x0000024c12fa8610 code [0x0000024c12fa87c0, 0x0000024c12fa8930]

GC Heap History (20 events):
Event: 26.964 GC heap before
{Heap before GC invocations=87 (full 2):
 PSYoungGen      total 19968K, used 19488K [0x00000000d5580000, 0x00000000d6a00000, 0x0000000100000000)
  eden space 18944K, 100% used [0x00000000d5580000,0x00000000d6800000,0x00000000d6800000)
  from space 1024K, 53% used [0x00000000d6900000,0x00000000d6988000,0x00000000d6a00000)
  to   space 1024K, 0% used [0x00000000d6800000,0x00000000d6800000,0x00000000d6900000)
 ParOldGen       total 89088K, used 88704K [0x0000000080000000, 0x0000000085700000, 0x00000000d5580000)
  object space 89088K, 99% used [0x0000000080000000,0x00000000856a0218,0x0000000085700000)
 Metaspace       used 54397K, committed 55872K, reserved 1114112K
  class space    used 5783K, committed 6400K, reserved 1048576K
}
Event: 26.968 GC heap after
{Heap after GC invocations=87 (full 2):
 PSYoungGen      total 19968K, used 1007K [0x00000000d5580000, 0x00000000d6d00000, 0x0000000100000000)
  eden space 18944K, 0% used [0x00000000d5580000,0x00000000d5580000,0x00000000d6800000)
  from space 1024K, 98% used [0x00000000d6800000,0x00000000d68fbdd8,0x00000000d6900000)
  to   space 2560K, 0% used [0x00000000d6a80000,0x00000000d6a80000,0x00000000d6d00000)
 ParOldGen       total 90112K, used 89873K [0x0000000080000000, 0x0000000085800000, 0x00000000d5580000)
  object space 90112K, 99% used [0x0000000080000000,0x00000000857c4678,0x0000000085800000)
 Metaspace       used 54397K, committed 55872K, reserved 1114112K
  class space    used 5783K, committed 6400K, reserved 1048576K
}
Event: 27.877 GC heap before
{Heap before GC invocations=88 (full 2):
 PSYoungGen      total 19968K, used 19951K [0x00000000d5580000, 0x00000000d6d00000, 0x0000000100000000)
  eden space 18944K, 100% used [0x00000000d5580000,0x00000000d6800000,0x00000000d6800000)
  from space 1024K, 98% used [0x00000000d6800000,0x00000000d68fbdd8,0x00000000d6900000)
  to   space 2560K, 0% used [0x00000000d6a80000,0x00000000d6a80000,0x00000000d6d00000)
 ParOldGen       total 90112K, used 89873K [0x0000000080000000, 0x0000000085800000, 0x00000000d5580000)
  object space 90112K, 99% used [0x0000000080000000,0x00000000857c4678,0x0000000085800000)
 Metaspace       used 56776K, committed 58240K, reserved 1114112K
  class space    used 6041K, committed 6656K, reserved 1048576K
}
Event: 27.880 GC heap after
{Heap after GC invocations=88 (full 2):
 PSYoungGen      total 19968K, used 952K [0x00000000d5580000, 0x00000000d6b80000, 0x0000000100000000)
  eden space 18944K, 0% used [0x00000000d5580000,0x00000000d5580000,0x00000000d6800000)
  from space 1024K, 93% used [0x00000000d6a80000,0x00000000d6b6e2e8,0x00000000d6b80000)
  to   space 1536K, 0% used [0x00000000d6880000,0x00000000d6880000,0x00000000d6a00000)
 ParOldGen       total 91136K, used 90627K [0x0000000080000000, 0x0000000085900000, 0x00000000d5580000)
  object space 91136K, 99% used [0x0000000080000000,0x0000000085880ca8,0x0000000085900000)
 Metaspace       used 56776K, committed 58240K, reserved 1114112K
  class space    used 6041K, committed 6656K, reserved 1048576K
}
Event: 28.758 GC heap before
{Heap before GC invocations=89 (full 2):
 PSYoungGen      total 19968K, used 19896K [0x00000000d5580000, 0x00000000d6b80000, 0x0000000100000000)
  eden space 18944K, 100% used [0x00000000d5580000,0x00000000d6800000,0x00000000d6800000)
  from space 1024K, 93% used [0x00000000d6a80000,0x00000000d6b6e2e8,0x00000000d6b80000)
  to   space 1536K, 0% used [0x00000000d6880000,0x00000000d6880000,0x00000000d6a00000)
 ParOldGen       total 91136K, used 90627K [0x0000000080000000, 0x0000000085900000, 0x00000000d5580000)
  object space 91136K, 99% used [0x0000000080000000,0x0000000085880ca8,0x0000000085900000)
 Metaspace       used 57539K, committed 59072K, reserved 1114112K
  class space    used 6144K, committed 6784K, reserved 1048576K
}
Event: 28.759 GC heap after
{Heap after GC invocations=89 (full 2):
 PSYoungGen      total 20480K, used 480K [0x00000000d5580000, 0x00000000d6b00000, 0x0000000100000000)
  eden space 18944K, 0% used [0x00000000d5580000,0x00000000d5580000,0x00000000d6800000)
  from space 1536K, 31% used [0x00000000d6880000,0x00000000d68f8010,0x00000000d6a00000)
  to   space 1024K, 0% used [0x00000000d6a00000,0x00000000d6a00000,0x00000000d6b00000)
 ParOldGen       total 91648K, used 91454K [0x0000000080000000, 0x0000000085980000, 0x00000000d5580000)
  object space 91648K, 99% used [0x0000000080000000,0x000000008594f9c0,0x0000000085980000)
 Metaspace       used 57539K, committed 59072K, reserved 1114112K
  class space    used 6144K, committed 6784K, reserved 1048576K
}
Event: 29.275 GC heap before
{Heap before GC invocations=90 (full 2):
 PSYoungGen      total 20480K, used 11970K [0x00000000d5580000, 0x00000000d6b00000, 0x0000000100000000)
  eden space 18944K, 60% used [0x00000000d5580000,0x00000000d60b8b70,0x00000000d6800000)
  from space 1536K, 31% used [0x00000000d6880000,0x00000000d68f8010,0x00000000d6a00000)
  to   space 1024K, 0% used [0x00000000d6a00000,0x00000000d6a00000,0x00000000d6b00000)
 ParOldGen       total 91648K, used 91454K [0x0000000080000000, 0x0000000085980000, 0x00000000d5580000)
  object space 91648K, 99% used [0x0000000080000000,0x000000008594f9c0,0x0000000085980000)
 Metaspace       used 58281K, committed 59776K, reserved 1114112K
  class space    used 6219K, committed 6848K, reserved 1048576K
}
Event: 29.277 GC heap after
{Heap after GC invocations=90 (full 2):
 PSYoungGen      total 19456K, used 352K [0x00000000d5580000, 0x00000000d6a80000, 0x0000000100000000)
  eden space 18944K, 0% used [0x00000000d5580000,0x00000000d5580000,0x00000000d6800000)
  from space 512K, 68% used [0x00000000d6a00000,0x00000000d6a58000,0x00000000d6a80000)
  to   space 512K, 0% used [0x00000000d6980000,0x00000000d6980000,0x00000000d6a00000)
 ParOldGen       total 92160K, used 91702K [0x0000000080000000, 0x0000000085a00000, 0x00000000d5580000)
  object space 92160K, 99% used [0x0000000080000000,0x000000008598d9c0,0x0000000085a00000)
 Metaspace       used 58281K, committed 59776K, reserved 1114112K
  class space    used 6219K, committed 6848K, reserved 1048576K
}
Event: 29.277 GC heap before
{Heap before GC invocations=91 (full 3):
 PSYoungGen      total 19456K, used 352K [0x00000000d5580000, 0x00000000d6a80000, 0x0000000100000000)
  eden space 18944K, 0% used [0x00000000d5580000,0x00000000d5580000,0x00000000d6800000)
  from space 512K, 68% used [0x00000000d6a00000,0x00000000d6a58000,0x00000000d6a80000)
  to   space 512K, 0% used [0x00000000d6980000,0x00000000d6980000,0x00000000d6a00000)
 ParOldGen       total 92160K, used 91702K [0x0000000080000000, 0x0000000085a00000, 0x00000000d5580000)
  object space 92160K, 99% used [0x0000000080000000,0x000000008598d9c0,0x0000000085a00000)
 Metaspace       used 58281K, committed 59776K, reserved 1114112K
  class space    used 6219K, committed 6848K, reserved 1048576K
}
Event: 29.431 GC heap after
{Heap after GC invocations=91 (full 3):
 PSYoungGen      total 19456K, used 0K [0x00000000d5580000, 0x00000000d6a80000, 0x0000000100000000)
  eden space 18944K, 0% used [0x00000000d5580000,0x00000000d5580000,0x00000000d6800000)
  from space 512K, 0% used [0x00000000d6a00000,0x00000000d6a00000,0x00000000d6a80000)
  to   space 512K, 0% used [0x00000000d6980000,0x00000000d6980000,0x00000000d6a00000)
 ParOldGen       total 92160K, used 69646K [0x0000000080000000, 0x0000000085a00000, 0x00000000d5580000)
  object space 92160K, 75% used [0x0000000080000000,0x0000000084403950,0x0000000085a00000)
 Metaspace       used 58281K, committed 59776K, reserved 1114112K
  class space    used 6219K, committed 6848K, reserved 1048576K
}
Event: 29.960 GC heap before
{Heap before GC invocations=92 (full 3):
 PSYoungGen      total 19456K, used 18944K [0x00000000d5580000, 0x00000000d6a80000, 0x0000000100000000)
  eden space 18944K, 100% used [0x00000000d5580000,0x00000000d6800000,0x00000000d6800000)
  from space 512K, 0% used [0x00000000d6a00000,0x00000000d6a00000,0x00000000d6a80000)
  to   space 512K, 0% used [0x00000000d6980000,0x00000000d6980000,0x00000000d6a00000)
 ParOldGen       total 92160K, used 69646K [0x0000000080000000, 0x0000000085a00000, 0x00000000d5580000)
  object space 92160K, 75% used [0x0000000080000000,0x0000000084403950,0x0000000085a00000)
 Metaspace       used 59426K, committed 61056K, reserved 1114112K
  class space    used 6347K, committed 7040K, reserved 1048576K
}
Event: 29.963 GC heap after
{Heap after GC invocations=92 (full 3):
 PSYoungGen      total 19456K, used 504K [0x00000000d5580000, 0x00000000d6d00000, 0x0000000100000000)
  eden space 18944K, 0% used [0x00000000d5580000,0x00000000d5580000,0x00000000d6800000)
  from space 512K, 98% used [0x00000000d6980000,0x00000000d69fe0a8,0x00000000d6a00000)
  to   space 2560K, 0% used [0x00000000d6a80000,0x00000000d6a80000,0x00000000d6d00000)
 ParOldGen       total 92160K, used 71148K [0x0000000080000000, 0x0000000085a00000, 0x00000000d5580000)
  object space 92160K, 77% used [0x0000000080000000,0x000000008457b100,0x0000000085a00000)
 Metaspace       used 59426K, committed 61056K, reserved 1114112K
  class space    used 6347K, committed 7040K, reserved 1048576K
}
Event: 30.052 GC heap before
{Heap before GC invocations=93 (full 3):
 PSYoungGen      total 19456K, used 19448K [0x00000000d5580000, 0x00000000d6d00000, 0x0000000100000000)
  eden space 18944K, 100% used [0x00000000d5580000,0x00000000d6800000,0x00000000d6800000)
  from space 512K, 98% used [0x00000000d6980000,0x00000000d69fe0a8,0x00000000d6a00000)
  to   space 2560K, 0% used [0x00000000d6a80000,0x00000000d6a80000,0x00000000d6d00000)
 ParOldGen       total 92160K, used 71148K [0x0000000080000000, 0x0000000085a00000, 0x00000000d5580000)
  object space 92160K, 77% used [0x0000000080000000,0x000000008457b100,0x0000000085a00000)
 Metaspace       used 59442K, committed 61056K, reserved 1114112K
  class space    used 6347K, committed 7040K, reserved 1048576K
}
Event: 30.054 GC heap after
{Heap after GC invocations=93 (full 3):
 PSYoungGen      total 19968K, used 777K [0x00000000d5580000, 0x00000000d6b80000, 0x0000000100000000)
  eden space 18944K, 0% used [0x00000000d5580000,0x00000000d5580000,0x00000000d6800000)
  from space 1024K, 75% used [0x00000000d6a80000,0x00000000d6b42730,0x00000000d6b80000)
  to   space 1536K, 0% used [0x00000000d6880000,0x00000000d6880000,0x00000000d6a00000)
 ParOldGen       total 92160K, used 71660K [0x0000000080000000, 0x0000000085a00000, 0x00000000d5580000)
  object space 92160K, 77% used [0x0000000080000000,0x00000000845fb1a8,0x0000000085a00000)
 Metaspace       used 59442K, committed 61056K, reserved 1114112K
  class space    used 6347K, committed 7040K, reserved 1048576K
}
Event: 30.947 GC heap before
{Heap before GC invocations=94 (full 3):
 PSYoungGen      total 19968K, used 19721K [0x00000000d5580000, 0x00000000d6b80000, 0x0000000100000000)
  eden space 18944K, 100% used [0x00000000d5580000,0x00000000d6800000,0x00000000d6800000)
  from space 1024K, 75% used [0x00000000d6a80000,0x00000000d6b42730,0x00000000d6b80000)
  to   space 1536K, 0% used [0x00000000d6880000,0x00000000d6880000,0x00000000d6a00000)
 ParOldGen       total 92160K, used 71660K [0x0000000080000000, 0x0000000085a00000, 0x00000000d5580000)
  object space 92160K, 77% used [0x0000000080000000,0x00000000845fb1a8,0x0000000085a00000)
 Metaspace       used 61132K, committed 62720K, reserved 1114112K
  class space    used 6514K, committed 7232K, reserved 1048576K
}
Event: 30.950 GC heap after
{Heap after GC invocations=94 (full 3):
 PSYoungGen      total 20480K, used 1134K [0x00000000d5580000, 0x00000000d6b00000, 0x0000000100000000)
  eden space 18944K, 0% used [0x00000000d5580000,0x00000000d5580000,0x00000000d6800000)
  from space 1536K, 73% used [0x00000000d6880000,0x00000000d699ba40,0x00000000d6a00000)
  to   space 1024K, 0% used [0x00000000d6a00000,0x00000000d6a00000,0x00000000d6b00000)
 ParOldGen       total 92160K, used 71676K [0x0000000080000000, 0x0000000085a00000, 0x00000000d5580000)
  object space 92160K, 77% used [0x0000000080000000,0x00000000845ff1a8,0x0000000085a00000)
 Metaspace       used 61132K, committed 62720K, reserved 1114112K
  class space    used 6514K, committed 7232K, reserved 1048576K
}
Event: 985.598 GC heap before
{Heap before GC invocations=95 (full 3):
 PSYoungGen      total 20480K, used 20050K [0x00000000d5580000, 0x00000000d6b00000, 0x0000000100000000)
  eden space 18944K, 99% used [0x00000000d5580000,0x00000000d67f8f78,0x00000000d6800000)
  from space 1536K, 73% used [0x00000000d6880000,0x00000000d699ba40,0x00000000d6a00000)
  to   space 1024K, 0% used [0x00000000d6a00000,0x00000000d6a00000,0x00000000d6b00000)
 ParOldGen       total 92160K, used 71676K [0x0000000080000000, 0x0000000085a00000, 0x00000000d5580000)
  object space 92160K, 77% used [0x0000000080000000,0x00000000845ff1a8,0x0000000085a00000)
 Metaspace       used 61762K, committed 63296K, reserved 1114112K
  class space    used 6564K, committed 7232K, reserved 1048576K
}
Event: 985.616 GC heap after
{Heap after GC invocations=95 (full 3):
 PSYoungGen      total 15872K, used 992K [0x00000000d5580000, 0x00000000d7400000, 0x0000000100000000)
  eden space 14848K, 0% used [0x00000000d5580000,0x00000000d5580000,0x00000000d6400000)
  from space 1024K, 96% used [0x00000000d6a00000,0x00000000d6af8328,0x00000000d6b00000)
  to   space 6144K, 0% used [0x00000000d6400000,0x00000000d6400000,0x00000000d6a00000)
 ParOldGen       total 92160K, used 75853K [0x0000000080000000, 0x0000000085a00000, 0x00000000d5580000)
  object space 92160K, 82% used [0x0000000080000000,0x0000000084a134b0,0x0000000085a00000)
 Metaspace       used 61762K, committed 63296K, reserved 1114112K
  class space    used 6564K, committed 7232K, reserved 1048576K
}
Event: 2458.404 GC heap before
{Heap before GC invocations=96 (full 3):
 PSYoungGen      total 15872K, used 15840K [0x00000000d5580000, 0x00000000d7400000, 0x0000000100000000)
  eden space 14848K, 99% used [0x00000000d5580000,0x00000000d63ffff8,0x00000000d6400000)
  from space 1024K, 96% used [0x00000000d6a00000,0x00000000d6af8328,0x00000000d6b00000)
  to   space 6144K, 0% used [0x00000000d6400000,0x00000000d6400000,0x00000000d6a00000)
 ParOldGen       total 92160K, used 75853K [0x0000000080000000, 0x0000000085a00000, 0x00000000d5580000)
  object space 92160K, 82% used [0x0000000080000000,0x0000000084a134b0,0x0000000085a00000)
 Metaspace       used 61893K, committed 63424K, reserved 1114112K
  class space    used 6565K, committed 7232K, reserved 1048576K
}
Event: 2458.426 GC heap after
{Heap after GC invocations=96 (full 3):
 PSYoungGen      total 16384K, used 1344K [0x00000000d5580000, 0x00000000d6a80000, 0x0000000100000000)
  eden space 14848K, 0% used [0x00000000d5580000,0x00000000d5580000,0x00000000d6400000)
  from space 1536K, 87% used [0x00000000d6400000,0x00000000d6550010,0x00000000d6580000)
  to   space 3072K, 0% used [0x00000000d6780000,0x00000000d6780000,0x00000000d6a80000)
 ParOldGen       total 92160K, used 76213K [0x0000000080000000, 0x0000000085a00000, 0x00000000d5580000)
  object space 92160K, 82% used [0x0000000080000000,0x0000000084a6d4b0,0x0000000085a00000)
 Metaspace       used 61893K, committed 63424K, reserved 1114112K
  class space    used 6565K, committed 7232K, reserved 1048576K
}

Dll operation events (10 events):
Event: 0.015 Loaded shared library c:\Users\matys\.vscode\extensions\redhat.java-1.53.0-win32-x64\jre\21.0.10-win32-x86_64\bin\java.dll
Event: 0.047 Loaded shared library c:\Users\matys\.vscode\extensions\redhat.java-1.53.0-win32-x64\jre\21.0.10-win32-x86_64\bin\zip.dll
Event: 0.203 Loaded shared library C:\Users\matys\.vscode\extensions\redhat.java-1.53.0-win32-x64\jre\21.0.10-win32-x86_64\bin\instrument.dll
Event: 0.208 Loaded shared library C:\Users\matys\.vscode\extensions\redhat.java-1.53.0-win32-x64\jre\21.0.10-win32-x86_64\bin\net.dll
Event: 0.212 Loaded shared library C:\Users\matys\.vscode\extensions\redhat.java-1.53.0-win32-x64\jre\21.0.10-win32-x86_64\bin\nio.dll
Event: 0.215 Loaded shared library C:\Users\matys\.vscode\extensions\redhat.java-1.53.0-win32-x64\jre\21.0.10-win32-x86_64\bin\zip.dll
Event: 0.247 Loaded shared library C:\Users\matys\.vscode\extensions\redhat.java-1.53.0-win32-x64\jre\21.0.10-win32-x86_64\bin\jimage.dll
Event: 0.399 Loaded shared library c:\Users\matys\.vscode\extensions\redhat.java-1.53.0-win32-x64\jre\21.0.10-win32-x86_64\bin\verify.dll
Event: 2.453 Loaded shared library C:\Users\matys\AppData\Roaming\Code\User\globalStorage\redhat.java\1.53.0\config_win\org.eclipse.equinox.launcher\org.eclipse.equinox.launcher.win32.win32.x86_64_1.3.0.v20260203-2149\eclipse_11919.dll
Event: 5.688 Loaded shared library C:\Users\matys\AppData\Local\Temp\jna-103668858\jna163243471950764795.dll

Deoptimization events (20 events):
Event: 985.763 Thread 0x0000024c6e4c94e0 DEOPT PACKING pc=0x0000024c19b03088 sp=0x000000d2e3bfdec0
Event: 985.763 Thread 0x0000024c6e4c94e0 DEOPT UNPACKING pc=0x0000024c18e06da2 sp=0x000000d2e3bfde58 mode 2
Event: 985.763 Thread 0x0000024c6e4c94e0 Uncommon trap: trap_request=0xffffffd6 fr.pc=0x0000024c19b02e28 relative=0x00000000000003c8
Event: 985.764 Thread 0x0000024c6e4c94e0 Uncommon trap: reason=array_check action=maybe_recompile pc=0x0000024c19b02e28 method=java.util.TimSort.binarySort([Ljava/lang/Object;IIILjava/util/Comparator;)V @ 215 c2
Event: 985.764 Thread 0x0000024c6e4c94e0 DEOPT PACKING pc=0x0000024c19b02e28 sp=0x000000d2e3bfdd70
Event: 985.764 Thread 0x0000024c6e4c94e0 DEOPT UNPACKING pc=0x0000024c18e06da2 sp=0x000000d2e3bfdd08 mode 2
Event: 985.764 Thread 0x0000024c6e4c94e0 Uncommon trap: trap_request=0xffffffd6 fr.pc=0x0000024c19b03088 relative=0x0000000000000628
Event: 985.764 Thread 0x0000024c6e4c94e0 Uncommon trap: reason=array_check action=maybe_recompile pc=0x0000024c19b03088 method=java.util.TimSort.binarySort([Ljava/lang/Object;IIILjava/util/Comparator;)V @ 183 c2
Event: 985.764 Thread 0x0000024c6e4c94e0 DEOPT PACKING pc=0x0000024c19b03088 sp=0x000000d2e3bfdd70
Event: 985.764 Thread 0x0000024c6e4c94e0 DEOPT UNPACKING pc=0x0000024c18e06da2 sp=0x000000d2e3bfdd08 mode 2
Event: 985.767 Thread 0x0000024c6e4c94e0 Uncommon trap: trap_request=0xffffffde fr.pc=0x0000024c19b0d674 relative=0x0000000000001ef4
Event: 985.767 Thread 0x0000024c6e4c94e0 Uncommon trap: reason=class_check action=maybe_recompile pc=0x0000024c19b0d674 method=org.eclipse.jdt.internal.core.JavaModelCache.getInfo(Lorg/eclipse/jdt/core/IJavaElement;)Lorg/eclipse/jdt/internal/compiler/env/IElementInfo; @ 152 c2
Event: 985.767 Thread 0x0000024c6e4c94e0 DEOPT PACKING pc=0x0000024c19b0d674 sp=0x000000d2e3bfe0d0
Event: 985.767 Thread 0x0000024c6e4c94e0 DEOPT UNPACKING pc=0x0000024c18e06da2 sp=0x000000d2e3bfe0a8 mode 2
Event: 985.767 Thread 0x0000024c6e4c94e0 Uncommon trap: trap_request=0xffffffde fr.pc=0x0000024c19b0d674 relative=0x0000000000001ef4
Event: 985.767 Thread 0x0000024c6e4c94e0 Uncommon trap: reason=class_check action=maybe_recompile pc=0x0000024c19b0d674 method=org.eclipse.jdt.internal.core.JavaModelCache.getInfo(Lorg/eclipse/jdt/core/IJavaElement;)Lorg/eclipse/jdt/internal/compiler/env/IElementInfo; @ 152 c2
Event: 985.767 Thread 0x0000024c6e4c94e0 DEOPT PACKING pc=0x0000024c19b0d674 sp=0x000000d2e3bfe0d0
Event: 985.767 Thread 0x0000024c6e4c94e0 DEOPT UNPACKING pc=0x0000024c18e06da2 sp=0x000000d2e3bfe0a8 mode 2
Event: 1455.379 Thread 0x0000024c6ec97570 DEOPT PACKING pc=0x0000024c12c52adb sp=0x000000d2e6efe880
Event: 1455.379 Thread 0x0000024c6ec97570 DEOPT UNPACKING pc=0x0000024c18e078e2 sp=0x000000d2e6efdda0 mode 0

Classes loaded (20 events):
Event: 29.639 Loading class java/util/stream/Node$Builder$OfInt done
Event: 29.639 Loading class java/util/stream/Nodes$IntArrayNode
Event: 29.639 Loading class java/util/stream/Nodes$IntArrayNode done
Event: 29.639 Loading class java/util/stream/Nodes$IntFixedNodeBuilder done
Event: 29.639 Loading class java/util/stream/ReferencePipeline$4$1
Event: 29.639 Loading class java/util/stream/ReferencePipeline$4$1 done
Event: 30.750 Loading class java/util/Hashtable$ValueCollection
Event: 30.750 Loading class java/util/Hashtable$ValueCollection done
Event: 31.256 Loading class java/util/stream/DistinctOps
Event: 31.257 Loading class java/util/stream/DistinctOps done
Event: 31.257 Loading class java/util/stream/DistinctOps$1
Event: 31.257 Loading class java/util/stream/DistinctOps$1 done
Event: 31.262 Loading class java/util/stream/DistinctOps$1$2
Event: 31.263 Loading class java/util/stream/DistinctOps$1$2 done
Event: 32.221 Loading class sun/nio/cs/ISO_8859_1$Encoder
Event: 32.221 Loading class sun/nio/cs/ISO_8859_1$Encoder done
Event: 32.221 Loading class sun/nio/cs/Surrogate$Parser
Event: 32.221 Loading class sun/nio/cs/Surrogate$Parser done
Event: 32.221 Loading class sun/nio/cs/Surrogate
Event: 32.221 Loading class sun/nio/cs/Surrogate done

Classes unloaded (7 events):
Event: 6.486 Thread 0x0000024c0e726f00 Unloading class 0x0000024c261a8800 'java/lang/invoke/LambdaForm$MH+0x0000024c261a8800'
Event: 6.486 Thread 0x0000024c0e726f00 Unloading class 0x0000024c261a8400 'java/lang/invoke/LambdaForm$MH+0x0000024c261a8400'
Event: 6.486 Thread 0x0000024c0e726f00 Unloading class 0x0000024c261a8000 'java/lang/invoke/LambdaForm$MH+0x0000024c261a8000'
Event: 6.486 Thread 0x0000024c0e726f00 Unloading class 0x0000024c261a7c00 'java/lang/invoke/LambdaForm$MH+0x0000024c261a7c00'
Event: 6.486 Thread 0x0000024c0e726f00 Unloading class 0x0000024c261a7800 'java/lang/invoke/LambdaForm$BMH+0x0000024c261a7800'
Event: 6.486 Thread 0x0000024c0e726f00 Unloading class 0x0000024c261a7400 'java/lang/invoke/LambdaForm$DMH+0x0000024c261a7400'
Event: 6.486 Thread 0x0000024c0e726f00 Unloading class 0x0000024c261a6400 'java/lang/invoke/LambdaForm$DMH+0x0000024c261a6400'

Classes redefined (0 events):
No events

Internal exceptions (20 events):
Event: 24.528 Thread 0x0000024c6e4cb5b0 Exception <a 'sun/nio/fs/WindowsException'{0x00000000d5d01110}> (0x00000000d5d01110) 
thrown [s\src\hotspot\share\prims\jni.cpp, line 520]
Event: 24.528 Thread 0x0000024c6e4cb5b0 Exception <a 'sun/nio/fs/WindowsException'{0x00000000d5d019f0}> (0x00000000d5d019f0) 
thrown [s\src\hotspot\share\prims\jni.cpp, line 520]
Event: 24.533 Thread 0x0000024c6e4cb5b0 Exception <a 'sun/nio/fs/WindowsException'{0x00000000d5e264d8}> (0x00000000d5e264d8) 
thrown [s\src\hotspot\share\prims\jni.cpp, line 520]
Event: 24.533 Thread 0x0000024c6e4cb5b0 Exception <a 'sun/nio/fs/WindowsException'{0x00000000d5e26db8}> (0x00000000d5e26db8) 
thrown [s\src\hotspot\share\prims\jni.cpp, line 520]
Event: 24.569 Thread 0x0000024c6e4cb5b0 Exception <a 'sun/nio/fs/WindowsException'{0x00000000d56136b0}> (0x00000000d56136b0) 
thrown [s\src\hotspot\share\prims\jni.cpp, line 520]
Event: 24.569 Thread 0x0000024c6e4cb5b0 Exception <a 'sun/nio/fs/WindowsException'{0x00000000d5613f90}> (0x00000000d5613f90) 
thrown [s\src\hotspot\share\prims\jni.cpp, line 520]
Event: 25.122 Thread 0x0000024c6e4caf20 Exception <a 'java/lang/IncompatibleClassChangeError'{0x00000000d5e1bc78}: Found class java.lang.Object, but interface was expected> (0x00000000d5e1bc78) 
thrown [s\src\hotspot\share\interpreter\linkResolver.cpp, line 840]
Event: 26.783 Thread 0x0000024c6ec91300 Exception <a 'java/lang/NoSuchMethodError'{0x00000000d5ee8448}: 'java.lang.Object java.lang.invoke.DirectMethodHandle$Holder.invokeSpecial(java.lang.Object, java.lang.Object, int, long)'> (0x00000000d5ee8448) 
thrown [s\src\hotspot\share\interpreter\linkResolver.cpp, line 773]
Event: 27.677 Thread 0x0000024c6ec91300 Exception <a 'java/lang/NoSuchMethodError'{0x00000000d6510f18}: 'java.lang.Object java.lang.invoke.DirectMethodHandle$Holder.invokeVirtual(java.lang.Object, java.lang.Object, int)'> (0x00000000d6510f18) 
thrown [s\src\hotspot\share\interpreter\linkResolver.cpp, line 773]
Event: 27.772 Thread 0x0000024c6ec91300 Implicit null exception at 0x0000024c199f8342 to 0x0000024c199f8b50
Event: 27.825 Thread 0x0000024c6e4caf20 Exception <a 'java/lang/LinkageError'{0x00000000d6786f18}: loader lombok.launch.ShadowClassLoader @3c53037c attempted duplicate class definition for lombok.launch.PatchFixesHider$Transform. (lombok.launch.PatchFixesHider$Transform is in unnamed module of loader lombok.launch.ShadowClassLoader @3c53037c, parent loader org.eclipse.osgi.internal.loader.EquinoxClassLoader @47a4bab9)> (0x00000000d6786f18) 
thrown [s\src\hotspot\share\classfile\systemDictionary.cpp, line 1672]
Event: 29.638 Thread 0x0000024c6e4caf20 Exception <a 'java/lang/NoSuchMethodError'{0x00000000d5a70878}: 'int java.lang.invoke.DirectMethodHandle$Holder.invokeSpecialIFC(java.lang.Object, java.lang.Object, java.lang.Object)'> (0x00000000d5a70878) 
thrown [s\src\hotspot\share\interpreter\linkResolver.cpp, line 773]
Event: 30.778 Thread 0x0000024c6ec91300 Exception <a 'java/lang/NoSuchMethodError'{0x00000000d642d7b0}: 'java.lang.Object java.lang.invoke.DirectMethodHandle$Holder.invokeStatic(java.lang.Object, java.lang.Object, int, java.lang.Object)'> (0x00000000d642d7b0) 
thrown [s\src\hotspot\share\interpreter\linkResolver.cpp, line 773]
Event: 30.783 Thread 0x0000024c6ec91300 Exception <a 'java/lang/NoSuchMethodError'{0x00000000d6433de0}: 'java.lang.Object java.lang.invoke.DirectMethodHandle$Holder.newInvokeSpecial(java.lang.Object, java.lang.Object, int)'> (0x00000000d6433de0) 
thrown [s\src\hotspot\share\interpreter\linkResolver.cpp, line 773]
Event: 30.860 Thread 0x0000024c6ec91300 Implicit null exception at 0x0000024c1996e023 to 0x0000024c1996e3c0
Event: 31.200 Thread 0x0000024c6e4caf20 Implicit null exception at 0x0000024c19a58f1f to 0x0000024c19a5b250
Event: 36.135 Thread 0x0000024c6c67cb90 Exception <a 'sun/nio/fs/WindowsException'{0x00000000d60b13f8}> (0x00000000d60b13f8) 
thrown [s\src\hotspot\share\prims\jni.cpp, line 520]
Event: 36.135 Thread 0x0000024c6c67cb90 Exception <a 'sun/nio/fs/WindowsException'{0x00000000d60b1a28}> (0x00000000d60b1a28) 
thrown [s\src\hotspot\share\prims\jni.cpp, line 520]
Event: 36.136 Thread 0x0000024c6c67cb90 Exception <a 'sun/nio/fs/WindowsException'{0x00000000d60c9d48}> (0x00000000d60c9d48) 
thrown [s\src\hotspot\share\prims\jni.cpp, line 520]
Event: 36.136 Thread 0x0000024c6c67cb90 Exception <a 'sun/nio/fs/WindowsException'{0x00000000d60ca378}> (0x00000000d60ca378) 
thrown [s\src\hotspot\share\prims\jni.cpp, line 520]

ZGC Phase Switch (0 events):
No events

VM Operations (20 events):
Event: 2826.111 Executing non-safepoint VM operation: HandshakeAllThreads (HandshakeForDeflation)
Event: 2826.111 Executing non-safepoint VM operation: HandshakeAllThreads (HandshakeForDeflation) done
Event: 2826.111 Executing non-safepoint VM operation: RendezvousGCThreads
Event: 2826.111 Executing non-safepoint VM operation: RendezvousGCThreads done
Event: 2886.353 Executing non-safepoint VM operation: HandshakeAllThreads (HandshakeForDeflation)
Event: 2886.353 Executing non-safepoint VM operation: HandshakeAllThreads (HandshakeForDeflation) done
Event: 2886.353 Executing non-safepoint VM operation: RendezvousGCThreads
Event: 2886.353 Executing non-safepoint VM operation: RendezvousGCThreads done
Event: 3006.550 Executing non-safepoint VM operation: HandshakeAllThreads (HandshakeForDeflation)
Event: 3006.550 Executing non-safepoint VM operation: HandshakeAllThreads (HandshakeForDeflation) done
Event: 3006.550 Executing non-safepoint VM operation: RendezvousGCThreads
Event: 3006.550 Executing non-safepoint VM operation: RendezvousGCThreads done
Event: 3126.788 Executing non-safepoint VM operation: HandshakeAllThreads (HandshakeForDeflation)
Event: 3126.788 Executing non-safepoint VM operation: HandshakeAllThreads (HandshakeForDeflation) done
Event: 3126.788 Executing non-safepoint VM operation: RendezvousGCThreads
Event: 3126.788 Executing non-safepoint VM operation: RendezvousGCThreads done
Event: 3186.834 Executing non-safepoint VM operation: HandshakeAllThreads (HandshakeForDeflation)
Event: 3186.834 Executing non-safepoint VM operation: HandshakeAllThreads (HandshakeForDeflation) done
Event: 3186.834 Executing non-safepoint VM operation: RendezvousGCThreads
Event: 3186.834 Executing non-safepoint VM operation: RendezvousGCThreads done

Memory protections (0 events):
No events

Nmethod flushes (20 events):
Event: 29.345 Thread 0x0000024c0e726f00 flushing  nmethod 0x0000024c120b9a10
Event: 29.345 Thread 0x0000024c0e726f00 flushing  nmethod 0x0000024c120baf90
Event: 29.345 Thread 0x0000024c0e726f00 flushing  nmethod 0x0000024c120bc590
Event: 29.345 Thread 0x0000024c0e726f00 flushing  nmethod 0x0000024c120bef90
Event: 29.345 Thread 0x0000024c0e726f00 flushing  nmethod 0x0000024c120ea810
Event: 29.345 Thread 0x0000024c0e726f00 flushing osr nmethod 0x0000024c1214dc10
Event: 29.345 Thread 0x0000024c0e726f00 flushing  nmethod 0x0000024c12158490
Event: 29.345 Thread 0x0000024c0e726f00 flushing  nmethod 0x0000024c12169110
Event: 29.345 Thread 0x0000024c0e726f00 flushing  nmethod 0x0000024c1217be10
Event: 29.345 Thread 0x0000024c0e726f00 flushing  nmethod 0x0000024c12188c10
Event: 29.345 Thread 0x0000024c0e726f00 flushing  nmethod 0x0000024c121a5f10
Event: 29.345 Thread 0x0000024c0e726f00 flushing  nmethod 0x0000024c121a6510
Event: 29.345 Thread 0x0000024c0e726f00 flushing  nmethod 0x0000024c121a6d90
Event: 29.345 Thread 0x0000024c0e726f00 flushing  nmethod 0x0000024c121a7390
Event: 29.345 Thread 0x0000024c0e726f00 flushing  nmethod 0x0000024c121a8b90
Event: 29.345 Thread 0x0000024c0e726f00 flushing  nmethod 0x0000024c121b4210
Event: 29.345 Thread 0x0000024c0e726f00 flushing  nmethod 0x0000024c121b9e10
Event: 29.345 Thread 0x0000024c0e726f00 flushing  nmethod 0x0000024c121f0d10
Event: 29.345 Thread 0x0000024c0e726f00 flushing  nmethod 0x0000024c12206e90
Event: 29.345 Thread 0x0000024c0e726f00 flushing  nmethod 0x0000024c12217d90

Events (20 events):
Event: 31.959 Thread 0x0000024c0e6110e0 Thread added: 0x0000024c6e4134f0
Event: 31.959 Thread 0x0000024c0e6110e0 Thread added: 0x0000024c6e413bc0
Event: 36.130 Thread 0x0000024c6e413bc0 Thread exited: 0x0000024c6e413bc0
Event: 36.131 Thread 0x0000024c6e4134f0 Thread exited: 0x0000024c6e4134f0
Event: 95.743 Thread 0x0000024c6ec933d0 Thread exited: 0x0000024c6ec933d0
Event: 96.139 Thread 0x0000024c6e4caf20 Thread exited: 0x0000024c6e4caf20
Event: 96.139 Thread 0x0000024c6ec92d40 Thread exited: 0x0000024c6ec92d40
Event: 96.322 Thread 0x0000024c6c67cb90 Thread exited: 0x0000024c6c67cb90
Event: 156.147 Thread 0x0000024c6e4cb5b0 Thread exited: 0x0000024c6e4cb5b0
Event: 216.158 Thread 0x0000024c6e4c94e0 Thread exited: 0x0000024c6e4c94e0
Event: 276.172 Thread 0x0000024c6ec94e10 Thread exited: 0x0000024c6ec94e10
Event: 336.186 Thread 0x0000024c6e4c7aa0 Thread exited: 0x0000024c6e4c7aa0
Event: 396.202 Thread 0x0000024c6ec96ee0 Thread exited: 0x0000024c6ec96ee0
Event: 456.213 Thread 0x0000024c6e4c9b70 Thread exited: 0x0000024c6e4c9b70
Event: 985.389 Thread 0x0000024c6ec95b30 Thread added: 0x0000024c6e4c94e0
Event: 985.460 Thread 0x0000024c6e4c94e0 Thread added: 0x0000024c6e4caf20
Event: 985.492 Thread 0x0000024c0e612320 Thread added: 0x0000024c6e413bc0
Event: 990.784 Thread 0x0000024c6e413bc0 Thread exited: 0x0000024c6e413bc0
Event: 1045.788 Thread 0x0000024c6e4c94e0 Thread exited: 0x0000024c6e4c94e0
Event: 1105.797 Thread 0x0000024c6e4caf20 Thread exited: 0x0000024c6e4caf20


Dynamic libraries:
0x00007ff7e2e80000 - 0x00007ff7e2e8e000 	c:\Users\matys\.vscode\extensions\redhat.java-1.53.0-win32-x64\jre\21.0.10-win32-x86_64\bin\java.exe
0x00007ffe117c0000 - 0x00007ffe11a27000 	C:\WINDOWS\SYSTEM32\ntdll.dll
0x00007ffe10000000 - 0x00007ffe100c9000 	C:\WINDOWS\System32\KERNEL32.DLL
0x00007ffe0efd0000 - 0x00007ffe0f3c4000 	C:\WINDOWS\System32\KERNELBASE.dll
0x00007ffe0aa50000 - 0x00007ffe0aaef000 	C:\WINDOWS\SYSTEM32\apphelp.dll
0x00007ffe0e360000 - 0x00007ffe0e4ab000 	C:\WINDOWS\System32\ucrtbase.dll
0x00007ffe054e0000 - 0x00007ffe054f8000 	c:\Users\matys\.vscode\extensions\redhat.java-1.53.0-win32-x64\jre\21.0.10-win32-x86_64\bin\jli.dll
0x00007ffe05350000 - 0x00007ffe0536e000 	c:\Users\matys\.vscode\extensions\redhat.java-1.53.0-win32-x64\jre\21.0.10-win32-x86_64\bin\VCRUNTIME140.dll
0x00007ffe113f0000 - 0x00007ffe115b5000 	C:\WINDOWS\System32\USER32.dll
0x00007ffe0e090000 - 0x00007ffe0e0b7000 	C:\WINDOWS\System32\win32u.dll
0x00007ffe0fde0000 - 0x00007ffe0fe0b000 	C:\WINDOWS\System32\GDI32.dll
0x00007ffe0e170000 - 0x00007ffe0e29a000 	C:\WINDOWS\System32\gdi32full.dll
0x00007ffe0ee90000 - 0x00007ffe0ef33000 	C:\WINDOWS\System32\msvcp_win.dll
0x00007ffdf8740000 - 0x00007ffdf89d3000 	C:\WINDOWS\WinSxS\amd64_microsoft.windows.common-controls_6595b64144ccf1df_6.0.26100.8115_none_3e075c82e3354f9c\COMCTL32.dll
0x00007ffe10360000 - 0x00007ffe10409000 	C:\WINDOWS\System32\msvcrt.dll
0x00007ffe0f550000 - 0x00007ffe0f582000 	C:\WINDOWS\System32\IMM32.DLL
0x00007ffe0a950000 - 0x00007ffe0a95c000 	c:\Users\matys\.vscode\extensions\redhat.java-1.53.0-win32-x64\jre\21.0.10-win32-x86_64\bin\vcruntime140_1.dll
0x00007ffdf3e80000 - 0x00007ffdf3f0d000 	c:\Users\matys\.vscode\extensions\redhat.java-1.53.0-win32-x64\jre\21.0.10-win32-x86_64\bin\msvcp140.dll
0x00007ffd62410000 - 0x00007ffd631b1000 	c:\Users\matys\.vscode\extensions\redhat.java-1.53.0-win32-x64\jre\21.0.10-win32-x86_64\bin\server\jvm.dll
0x00007ffe101b0000 - 0x00007ffe10266000 	C:\WINDOWS\System32\ADVAPI32.dll
0x00007ffe0fd00000 - 0x00007ffe0fda7000 	C:\WINDOWS\System32\sechost.dll
0x00007ffe11660000 - 0x00007ffe11778000 	C:\WINDOWS\System32\RPCRT4.dll
0x00007ffe109b0000 - 0x00007ffe10a30000 	C:\WINDOWS\System32\WS2_32.dll
0x00007ffe0cc70000 - 0x00007ffe0ccce000 	C:\WINDOWS\SYSTEM32\POWRPROF.dll
0x00007ffe051a0000 - 0x00007ffe051d6000 	C:\WINDOWS\SYSTEM32\WINMM.dll
0x00007ffe05730000 - 0x00007ffe0573b000 	C:\WINDOWS\SYSTEM32\VERSION.dll
0x00007ffe0cc50000 - 0x00007ffe0cc64000 	C:\WINDOWS\SYSTEM32\UMPDC.dll
0x00007ffe0cf40000 - 0x00007ffe0cf5b000 	C:\WINDOWS\SYSTEM32\kernel.appcore.dll
0x00007ffe05340000 - 0x00007ffe0534a000 	c:\Users\matys\.vscode\extensions\redhat.java-1.53.0-win32-x64\jre\21.0.10-win32-x86_64\bin\jimage.dll
0x00007ffe0bdf0000 - 0x00007ffe0c032000 	C:\WINDOWS\SYSTEM32\DBGHELP.DLL
0x00007ffe10bb0000 - 0x00007ffe10f32000 	C:\WINDOWS\System32\combase.dll
0x00007ffe107d0000 - 0x00007ffe108a7000 	C:\WINDOWS\System32\OLEAUT32.dll
0x00007ffdc8520000 - 0x00007ffdc855b000 	C:\WINDOWS\SYSTEM32\dbgcore.DLL
0x00007ffe0e0c0000 - 0x00007ffe0e165000 	C:\WINDOWS\System32\bcryptPrimitives.dll
0x00007ffe052d0000 - 0x00007ffe052df000 	c:\Users\matys\.vscode\extensions\redhat.java-1.53.0-win32-x64\jre\21.0.10-win32-x86_64\bin\instrument.dll
0x00007ffe00520000 - 0x00007ffe00540000 	c:\Users\matys\.vscode\extensions\redhat.java-1.53.0-win32-x64\jre\21.0.10-win32-x86_64\bin\java.dll
0x00007ffe0f590000 - 0x00007ffe0fcf6000 	C:\WINDOWS\System32\SHELL32.dll
0x00007ffe0ed20000 - 0x00007ffe0ee8a000 	C:\WINDOWS\System32\wintypes.dll
0x00007ffe0e4b0000 - 0x00007ffe0ed15000 	C:\WINDOWS\System32\windows.storage.dll
0x00007ffe10410000 - 0x00007ffe10507000 	C:\WINDOWS\System32\SHCORE.dll
0x00007ffe10270000 - 0x00007ffe102d6000 	C:\WINDOWS\System32\shlwapi.dll
0x00007ffe0dfb0000 - 0x00007ffe0dfd9000 	C:\WINDOWS\SYSTEM32\profapi.dll
0x00007ffe000d0000 - 0x00007ffe000e8000 	c:\Users\matys\.vscode\extensions\redhat.java-1.53.0-win32-x64\jre\21.0.10-win32-x86_64\bin\zip.dll
0x00007ffe052c0000 - 0x00007ffe052d0000 	C:\Users\matys\.vscode\extensions\redhat.java-1.53.0-win32-x64\jre\21.0.10-win32-x86_64\bin\net.dll
0x00007ffe06210000 - 0x00007ffe0633d000 	C:\WINDOWS\SYSTEM32\WINHTTP.dll
0x00007ffe0d4b0000 - 0x00007ffe0d51c000 	C:\WINDOWS\system32\mswsock.dll
0x00007ffe000b0000 - 0x00007ffe000c6000 	C:\Users\matys\.vscode\extensions\redhat.java-1.53.0-win32-x64\jre\21.0.10-win32-x86_64\bin\nio.dll
0x00007ffe00510000 - 0x00007ffe00520000 	c:\Users\matys\.vscode\extensions\redhat.java-1.53.0-win32-x64\jre\21.0.10-win32-x86_64\bin\verify.dll
0x00007ffdf3de0000 - 0x00007ffdf3e25000 	C:\Users\matys\AppData\Roaming\Code\User\globalStorage\redhat.java\1.53.0\config_win\org.eclipse.equinox.launcher\org.eclipse.equinox.launcher.win32.win32.x86_64_1.3.0.v20260203-2149\eclipse_11919.dll
0x00007ffe10630000 - 0x00007ffe107c7000 	C:\WINDOWS\System32\ole32.dll
0x00007ffe0d7a0000 - 0x00007ffe0d7bb000 	C:\WINDOWS\SYSTEM32\CRYPTSP.dll
0x00007ffe0cea0000 - 0x00007ffe0ced9000 	C:\WINDOWS\system32\rsaenh.dll
0x00007ffe0d560000 - 0x00007ffe0d593000 	C:\WINDOWS\SYSTEM32\USERENV.dll
0x00007ffe0df80000 - 0x00007ffe0dfaa000 	C:\WINDOWS\SYSTEM32\bcrypt.dll
0x00007ffe0d790000 - 0x00007ffe0d79c000 	C:\WINDOWS\SYSTEM32\CRYPTBASE.dll
0x00007ffe0c780000 - 0x00007ffe0c7b2000 	C:\WINDOWS\SYSTEM32\IPHLPAPI.DLL
0x00007ffe10ba0000 - 0x00007ffe10baa000 	C:\WINDOWS\System32\NSI.dll
0x00007ffdb5190000 - 0x00007ffdb51d9000 	C:\Users\matys\AppData\Local\Temp\jna-103668858\jna163243471950764795.dll
0x00007ffe11650000 - 0x00007ffe11658000 	C:\WINDOWS\System32\PSAPI.DLL
0x00007ffe06430000 - 0x00007ffe0644d000 	C:\WINDOWS\SYSTEM32\dhcpcsvc6.DLL
0x00007ffe063a0000 - 0x00007ffe063c5000 	C:\WINDOWS\SYSTEM32\dhcpcsvc.DLL

JVMTI agents:
c:\Users\matys\.vscode\extensions\redhat.java-1.53.0-win32-x64\lombok\lombok-1.18.39-4050.jar path:c:\Users\matys\.vscode\extensions\redhat.java-1.53.0-win32-x64\jre\21.0.10-win32-x86_64\bin\instrument.dll, loaded, initialized, instrumentlib options:none

dbghelp: loaded successfully - version: 4.0.5 - missing functions: none
symbol engine: initialized successfully - sym options: 0x614 - pdb path: .;c:\Users\matys\.vscode\extensions\redhat.java-1.53.0-win32-x64\jre\21.0.10-win32-x86_64\bin;C:\WINDOWS\SYSTEM32;C:\WINDOWS\WinSxS\amd64_microsoft.windows.common-controls_6595b64144ccf1df_6.0.26100.8115_none_3e075c82e3354f9c;c:\Users\matys\.vscode\extensions\redhat.java-1.53.0-win32-x64\jre\21.0.10-win32-x86_64\bin\server;C:\Users\matys\AppData\Roaming\Code\User\globalStorage\redhat.java\1.53.0\config_win\org.eclipse.equinox.launcher\org.eclipse.equinox.launcher.win32.win32.x86_64_1.3.0.v20260203-2149;C:\Users\matys\AppData\Local\Temp\jna-103668858

VM Arguments:
jvm_args: --add-modules=ALL-SYSTEM --add-opens=java.base/java.util=ALL-UNNAMED --add-opens=java.base/java.lang=ALL-UNNAMED --add-opens=java.base/sun.nio.fs=ALL-UNNAMED -Declipse.application=org.eclipse.jdt.ls.core.id1 -Dosgi.bundles.defaultStartLevel=4 -Declipse.product=org.eclipse.jdt.ls.core.product -Djava.import.generatesMetadataFilesAtProjectRoot=false -DDetectVMInstallationsJob.disabled=true -Dfile.encoding=utf8 -XX:+UseParallelGC -XX:GCTimeRatio=4 -XX:AdaptiveSizePolicyWeight=90 -Dsun.zip.disableMemoryMapping=true -Xmx2G -Xms100m -Xlog:disable -javaagent:c:\Users\matys\.vscode\extensions\redhat.java-1.53.0-win32-x64\lombok\lombok-1.18.39-4050.jar -XX:+HeapDumpOnOutOfMemoryError -XX:HeapDumpPath=c:\Users\matys\AppData\Roaming\Code\User\workspaceStorage\47e3c005e3d690642a0c1828fe6af43c\redhat.java -Daether.dependencyCollector.impl=bf 
java_command: c:\Users\matys\.vscode\extensions\redhat.java-1.53.0-win32-x64\server\plugins\org.eclipse.equinox.launcher_1.7.100.v20251111-0406.jar -configuration c:\Users\matys\AppData\Roaming\Code\User\globalStorage\redhat.java\1.53.0\config_win -data c:\Users\matys\AppData\Roaming\Code\User\workspaceStorage\47e3c005e3d690642a0c1828fe6af43c\redhat.java\jdt_ws --pipe=\\.\pipe\lsp-5f323ece16c45648c9b5e797ac2bf13e-sock
java_class_path (initial): c:\Users\matys\.vscode\extensions\redhat.java-1.53.0-win32-x64\server\plugins\org.eclipse.equinox.launcher_1.7.100.v20251111-0406.jar
Launcher Type: SUN_STANDARD

[Global flags]
    uintx AdaptiveSizePolicyWeight                 = 90                                        {product} {command line}
     intx CICompilerCount                          = 4                                         {product} {ergonomic}
    uintx GCTimeRatio                              = 4                                         {product} {command line}
     bool HeapDumpOnOutOfMemoryError               = true                                   {manageable} {command line}
    ccstr HeapDumpPath                             = c:\Users\matys\AppData\Roaming\Code\User\workspaceStorage\47e3c005e3d690642a0c1828fe6af43c\redhat.java         {manageable} {command line}
   size_t InitialHeapSize                          = 104857600                                 {product} {command line}
   size_t MaxHeapSize                              = 2147483648                                {product} {command line}
   size_t MaxNewSize                               = 715653120                                 {product} {ergonomic}
   size_t MinHeapDeltaBytes                        = 524288                                    {product} {ergonomic}
   size_t MinHeapSize                              = 104857600                                 {product} {command line}
   size_t NewSize                                  = 34603008                                  {product} {ergonomic}
    uintx NonNMethodCodeHeapSize                   = 5839372                                {pd product} {ergonomic}
    uintx NonProfiledCodeHeapSize                  = 122909434                              {pd product} {ergonomic}
   size_t OldSize                                  = 70254592                                  {product} {ergonomic}
    uintx ProfiledCodeHeapSize                     = 122909434                              {pd product} {ergonomic}
    uintx ReservedCodeCacheSize                    = 251658240                              {pd product} {ergonomic}
     bool SegmentedCodeCache                       = true                                      {product} {ergonomic}
   size_t SoftMaxHeapSize                          = 2147483648                             {manageable} {ergonomic}
     bool UseCompressedOops                        = true                           {product lp64_product} {ergonomic}
     bool UseLargePagesIndividualAllocation        = false                                  {pd product} {ergonomic}
     bool UseParallelGC                            = true                                      {product} {command line}

Logging:
Log output configuration:
 #0: stdout all=off uptime,level,tags foldmultilines=false
 #1: stderr all=off uptime,level,tags foldmultilines=false

Release file:
JAVA_VERSION="21.0.10" 
MODULES="java.base java.compiler java.datatransfer java.xml java.prefs java.desktop java.instrument java.logging java.management java.security.sasl java.naming java.rmi java.management.rmi java.net.http java.scripting java.security.jgss java.transaction.xa java.sql java.sql.rowset java.xml.crypto java.se java.smartcardio jdk.accessibility jdk.internal.jvmstat jdk.attach jdk.charsets jdk.internal.opt jdk.zipfs jdk.compiler jdk.crypto.ec jdk.crypto.cryptoki jdk.crypto.mscapi jdk.dynalink jdk.internal.ed jdk.editpad jdk.hotspot.agent jdk.httpserver jdk.internal.le jdk.internal.vm.ci jdk.internal.vm.compiler jdk.internal.vm.compiler.management jdk.jartool jdk.javadoc jdk.jcmd jdk.management jdk.management.agent jdk.jconsole jdk.jdeps jdk.jdwp.agent jdk.jdi jdk.jfr jdk.jshell jdk.jsobject jdk.jstatd jdk.localedata jdk.management.jfr jdk.naming.dns jdk.naming.rmi jdk.net jdk.nio.mapmode jdk.random jdk.sctp jdk.security.auth jdk.security.jgss jdk.unsupported jdk.unsupported.desktop jdk.xml.dom" 

Environment Variables:
PATH=D:\Programy\Microsoft VS Code;C:\Program Files\Common Files\Oracle\Java\javapath;D:\Oculus\Support\oculus-runtime;C:\Python312\Scripts\;C:\Python312\;C:\Windows\system32;C:\Windows;C:\Windows\System32\Wbem;C:\Windows\System32\WindowsPowerShell\v1.0\;C:\Windows\System32\OpenSSH\;C:\WINDOWS\system32;C:\WINDOWS;C:\WINDOWS\System32\Wbem;C:\WINDOWS\System32\WindowsPowerShell\v1.0\;C:\WINDOWS\System32\OpenSSH\;C:\Program Files\dotnet\;C:\Program Files (x86)\NVIDIA Corporation\PhysX\Common;C:\Program Files\nodejs\;C:\ProgramData\chocolatey\bin;C:\WINDOWS\system32;C:\WINDOWS;C:\WINDOWS\System32\Wbem;C:\WINDOWS\System32\WindowsPowerShell\v1.0\;C:\WINDOWS\System32\OpenSSH\;C:\Program Files\NVIDIA Corporation\NVIDIA app\NvDLISR;C:\php\;C:\ProgramData\ComposerSetup\bin;C:\Program Files (x86)\Paragon Software\LinuxFS for Windows\;C:\ffmpeg\bin;C:\Program Files\Git\cmd;C:\Program Files\Tailscale\;D:\Docker\resources\bin;C:\Users\matys\AppData\Local\Microsoft\WindowsApps;D:\Programy\Microsoft VS Code\bin;C:\Users\matys\AppData\Roaming\npm;D:\Programy\apache-maven-3.9.9\bin;C:\Users\matys\AppData\Roaming\Composer\vendor\bin;C:\ffmpeg\bin;D:\OllamaApp;
USERNAME=matys
OS=Windows_NT
PROCESSOR_IDENTIFIER=Intel64 Family 6 Model 140 Stepping 1, GenuineIntel
TMP=C:\Users\matys\AppData\Local\Temp
TEMP=C:\Users\matys\AppData\Local\Temp




Periodic native trim disabled

---------------  S Y S T E M  ---------------

OS:
 Windows 11 , 64 bit Build 26100 (10.0.26100.8115)
OS uptime: 2 days 0:29 hours
Hyper-V role detected

CPU: total 8 (initial active 8) (4 cores per cpu, 2 threads per core) family 6 model 140 stepping 1 microcode 0x86, cx8, cmov, fxsr, ht, mmx, 3dnowpref, sse, sse2, sse3, ssse3, sse4.1, sse4.2, popcnt, lzcnt, tsc, tscinvbit, avx, avx2, aes, erms, clmul, bmi1, bmi2, adx, avx512f, avx512dq, avx512cd, avx512bw, avx512vl, sha, fma, vzeroupper, avx512_vpopcntdq, avx512_vpclmulqdq, avx512_vaes, avx512_vnni, clflush, clflushopt, clwb, avx512_vbmi2, avx512_vbmi, hv, rdtscp, rdpid, fsrm, gfni, avx512_bitalg, f16c, cet_ibt, cet_ss, avx512_ifma
Processor Information for the first 8 processors :
  Max Mhz: 3302, Current Mhz: 3302, Mhz Limit: 3302

Memory: 4k page, system-wide physical 16075M (1607M free)
TotalPageFile size 28315M (AvailPageFile size 28M)
current process WorkingSet (physical memory assigned to process): 32M, peak: 352M
current process commit charge ("private bytes"): 371M, peak: 421M

vm_info: OpenJDK 64-Bit Server VM (21.0.10+7-LTS) for windows-amd64 JRE (21.0.10+7-LTS), built on 2026-01-20T00:00:00Z by "admin" with MS VC++ 17.12 (VS2022)

END.
