#
# There is insufficient memory for the Java Runtime Environment to continue.
# Native memory allocation (malloc) failed to allocate 1514256 bytes. Error detail: Chunk::new
# Possible reasons:
#   The system is out of physical RAM or swap space
#   This process is running with CompressedOops enabled, and the Java Heap may be blocking the growth of the native heap
# Possible solutions:
#   Reduce memory load on the system
#   Increase physical memory or swap space
#   Check if swap backing store is full
#   Decrease Java heap size (-Xmx/-Xms)
#   Decrease number of Java threads
#   Decrease Java thread stack sizes (-Xss)
#   Set larger code cache with -XX:ReservedCodeCacheSize=
#   JVM is running with Unscaled Compressed Oops mode in which the Java heap is
#     placed in the first 4GB address space. The Java Heap base address is the
#     maximum limit for the native heap growth. Please use -XX:HeapBaseMinAddress
#     to set the Java Heap base and to place the Java Heap above 4GB virtual address.
# This output file may be truncated or incomplete.
#
#  Out of Memory Error (arena.cpp:168), pid=21084, tid=14756
#
# JRE version: OpenJDK Runtime Environment Temurin-21.0.10+7 (21.0.10+7) (build 21.0.10+7-LTS)
# Java VM: OpenJDK 64-Bit Server VM Temurin-21.0.10+7 (21.0.10+7-LTS, mixed mode, sharing, tiered, compressed oops, compressed class ptrs, parallel gc, windows-amd64)
# No core dump will be written. Minidumps are not enabled by default on client versions of Windows
#

---------------  S U M M A R Y ------------

Command Line: --add-modules=ALL-SYSTEM --add-opens=java.base/java.util=ALL-UNNAMED --add-opens=java.base/java.lang=ALL-UNNAMED --add-opens=java.base/sun.nio.fs=ALL-UNNAMED -Declipse.application=org.eclipse.jdt.ls.core.id1 -Dosgi.bundles.defaultStartLevel=4 -Declipse.product=org.eclipse.jdt.ls.core.product -Djava.import.generatesMetadataFilesAtProjectRoot=false -DDetectVMInstallationsJob.disabled=true -Dfile.encoding=utf8 -XX:+UseParallelGC -XX:GCTimeRatio=4 -XX:AdaptiveSizePolicyWeight=90 -Dsun.zip.disableMemoryMapping=true -Xmx2G -Xms100m -Xlog:disable -javaagent:c:\Users\matys\.vscode\extensions\redhat.java-1.53.0-win32-x64\lombok\lombok-1.18.39-4050.jar -XX:+HeapDumpOnOutOfMemoryError -XX:HeapDumpPath=c:\Users\matys\AppData\Roaming\Code\User\workspaceStorage\47e3c005e3d690642a0c1828fe6af43c\redhat.java -Daether.dependencyCollector.impl=bf c:\Users\matys\.vscode\extensions\redhat.java-1.53.0-win32-x64\server\plugins\org.eclipse.equinox.launcher_1.7.100.v20251111-0406.jar -configuration c:\Users\matys\AppData\Roaming\Code\User\globalStorage\redhat.java\1.53.0\config_win -data c:\Users\matys\AppData\Roaming\Code\User\workspaceStorage\47e3c005e3d690642a0c1828fe6af43c\redhat.java\jdt_ws --pipe=\\.\pipe\lsp-acc95a2e8ee5697fffc76242f9b0184d-sock

Host: 11th Gen Intel(R) Core(TM) i7-11370H @ 3.30GHz, 8 cores, 15G,  Windows 11 , 64 bit Build 26100 (10.0.26100.8115)
Time: Sat Apr  4 21:47:14 2026 elapsed time: 15.971642 seconds (0d 0h 0m 15s)

---------------  T H R E A D  ---------------

Current thread (0x0000024d7858f0b0):  JavaThread "C2 CompilerThread0" daemon [_thread_in_native, id=14756, stack(0x0000007a3f000000,0x0000007a3f100000) (1024K)]


Current CompileTask:
C2:15971 3121       4       java.lang.invoke.MethodType::makeImpl (109 bytes)

Stack: [0x0000007a3f000000,0x0000007a3f100000]
Native frames: (J=compiled Java code, j=interpreted, Vv=VM code, C=native code)
V  [jvm.dll+0x6d7a39]
V  [jvm.dll+0x8b4b26]
V  [jvm.dll+0x8b70de]
V  [jvm.dll+0x8b77c3]
V  [jvm.dll+0x284346]
V  [jvm.dll+0xc66ed]
V  [jvm.dll+0xc6c31]
V  [jvm.dll+0x3bec01]
V  [jvm.dll+0x38b162]
V  [jvm.dll+0x38a5aa]
V  [jvm.dll+0x24c560]
V  [jvm.dll+0x24bb40]
V  [jvm.dll+0x1cb34e]
V  [jvm.dll+0x25b85d]
V  [jvm.dll+0x259dea]
V  [jvm.dll+0x3f857e]
V  [jvm.dll+0x85f59d]
V  [jvm.dll+0x6d626d]
C  [ucrtbase.dll+0x37b0]
C  [KERNEL32.DLL+0x2e8d7]
C  [ntdll.dll+0x8c3fc]


---------------  P R O C E S S  ---------------

Threads class SMR info:
_java_thread_list=0x0000024d56b81ed0, length=21, elements={
0x0000024d762976f0, 0x0000024d78579f90, 0x0000024d7857cb80, 0x0000024d785880b0,
0x0000024d78588d90, 0x0000024d785897f0, 0x0000024d7858a250, 0x0000024d7858f0b0,
0x0000024d785ae480, 0x0000024d51a8b0e0, 0x0000024d560502a0, 0x0000024d5652f780,
0x0000024d56576600, 0x0000024d567ba170, 0x0000024d567ba7e0, 0x0000024d56e1cb00,
0x0000024d5689c300, 0x0000024d57100b80, 0x0000024d5606bcf0, 0x0000024d5606b660,
0x0000024d56068f00
}

Java Threads: ( => current thread )
  0x0000024d762976f0 JavaThread "main"                              [_thread_blocked, id=23488, stack(0x0000007a3e600000,0x0000007a3e700000) (1024K)]
  0x0000024d78579f90 JavaThread "Reference Handler"          daemon [_thread_blocked, id=18716, stack(0x0000007a3ea00000,0x0000007a3eb00000) (1024K)]
  0x0000024d7857cb80 JavaThread "Finalizer"                  daemon [_thread_blocked, id=24920, stack(0x0000007a3eb00000,0x0000007a3ec00000) (1024K)]
  0x0000024d785880b0 JavaThread "Signal Dispatcher"          daemon [_thread_blocked, id=7668, stack(0x0000007a3ec00000,0x0000007a3ed00000) (1024K)]
  0x0000024d78588d90 JavaThread "Attach Listener"            daemon [_thread_blocked, id=8392, stack(0x0000007a3ed00000,0x0000007a3ee00000) (1024K)]
  0x0000024d785897f0 JavaThread "Service Thread"             daemon [_thread_blocked, id=14920, stack(0x0000007a3ee00000,0x0000007a3ef00000) (1024K)]
  0x0000024d7858a250 JavaThread "Monitor Deflation Thread"   daemon [_thread_blocked, id=8132, stack(0x0000007a3ef00000,0x0000007a3f000000) (1024K)]
=>0x0000024d7858f0b0 JavaThread "C2 CompilerThread0"         daemon [_thread_in_native, id=14756, stack(0x0000007a3f000000,0x0000007a3f100000) (1024K)]
  0x0000024d785ae480 JavaThread "C1 CompilerThread0"         daemon [_thread_blocked, id=12596, stack(0x0000007a3f100000,0x0000007a3f200000) (1024K)]
  0x0000024d51a8b0e0 JavaThread "Common-Cleaner"             daemon [_thread_blocked, id=10004, stack(0x0000007a3f200000,0x0000007a3f300000) (1024K)]
  0x0000024d560502a0 JavaThread "Notification Thread"        daemon [_thread_blocked, id=21616, stack(0x0000007a3f400000,0x0000007a3f500000) (1024K)]
  0x0000024d5652f780 JavaThread "Active Thread: Equinox Container: 3a544332-2a56-4386-b654-4bd14d76c4fc"        [_thread_blocked, id=11908, stack(0x0000007a3fc00000,0x0000007a3fd00000) (1024K)]
  0x0000024d56576600 JavaThread "Refresh Thread: Equinox Container: 3a544332-2a56-4386-b654-4bd14d76c4fc" daemon [_thread_blocked, id=28036, stack(0x0000007a3fe00000,0x0000007a3ff00000) (1024K)]
  0x0000024d567ba170 JavaThread "Framework Event Dispatcher: Equinox Container: 3a544332-2a56-4386-b654-4bd14d76c4fc" daemon [_thread_blocked, id=22096, stack(0x0000007a3ff00000,0x0000007a40000000) (1024K)]
  0x0000024d567ba7e0 JavaThread "Start Level: Equinox Container: 3a544332-2a56-4386-b654-4bd14d76c4fc" daemon [_thread_in_Java, id=24460, stack(0x0000007a40000000,0x0000007a40100000) (1024K)]
  0x0000024d56e1cb00 JavaThread "Bundle File Closer"         daemon [_thread_blocked, id=19640, stack(0x0000007a3f500000,0x0000007a3f600000) (1024K)]
  0x0000024d5689c300 JavaThread "SCR Component Actor"        daemon [_thread_blocked, id=12424, stack(0x0000007a40100000,0x0000007a40200000) (1024K)]
  0x0000024d57100b80 JavaThread "Worker-JM"                         [_thread_blocked, id=18184, stack(0x0000007a40300000,0x0000007a40400000) (1024K)]
  0x0000024d5606bcf0 JavaThread "JNA Cleaner"                daemon [_thread_blocked, id=8800, stack(0x0000007a3f300000,0x0000007a3f400000) (1024K)]
  0x0000024d5606b660 JavaThread "Worker-0: Checking project encoding"        [_thread_blocked, id=1452, stack(0x0000007a40200000,0x0000007a40300000) (1024K)]
  0x0000024d56068f00 JavaThread "Worker-1"                          [_thread_blocked, id=21480, stack(0x0000007a40400000,0x0000007a40500000) (1024K)]
Total: 21

Other Threads:
  0x0000024d786a6680 VMThread "VM Thread"                           [id=21248, stack(0x0000007a3e900000,0x0000007a3ea00000) (1024K)]
  0x0000024d78675150 WatcherThread "VM Periodic Task Thread"        [id=28004, stack(0x0000007a3e800000,0x0000007a3e900000) (1024K)]
  0x0000024d78621f70 WorkerThread "GC Thread#0"                     [id=25140, stack(0x0000007a3e700000,0x0000007a3e800000) (1024K)]
  0x0000024d566ffc80 WorkerThread "GC Thread#1"                     [id=6120, stack(0x0000007a3f600000,0x0000007a3f700000) (1024K)]
  0x0000024d56616eb0 WorkerThread "GC Thread#2"                     [id=22056, stack(0x0000007a3f700000,0x0000007a3f800000) (1024K)]
  0x0000024d56406420 WorkerThread "GC Thread#3"                     [id=23692, stack(0x0000007a3f800000,0x0000007a3f900000) (1024K)]
  0x0000024d56407df0 WorkerThread "GC Thread#4"                     [id=16684, stack(0x0000007a3f900000,0x0000007a3fa00000) (1024K)]
  0x0000024d564072e0 WorkerThread "GC Thread#5"                     [id=16560, stack(0x0000007a3fa00000,0x0000007a3fb00000) (1024K)]
  0x0000024d564067d0 WorkerThread "GC Thread#6"                     [id=18792, stack(0x0000007a3fb00000,0x0000007a3fc00000) (1024K)]
  0x0000024d56407690 WorkerThread "GC Thread#7"                     [id=9496, stack(0x0000007a3fd00000,0x0000007a3fe00000) (1024K)]
Total: 10

Threads with active compile tasks:
C2 CompilerThread0  15998 3121       4       java.lang.invoke.MethodType::makeImpl (109 bytes)
Total: 1

VM state: not at safepoint (normal execution)

VM Mutex/Monitor currently owned by a thread: None

Heap address: 0x0000000080000000, size: 2048 MB, Compressed Oops mode: 32-bit

CDS archive(s) mapped at: [0x0000024d0f000000-0x0000024d0fba0000-0x0000024d0fba0000), size 12189696, SharedBaseAddress: 0x0000024d0f000000, ArchiveRelocationMode: 1.
Compressed class space mapped at: 0x0000024d10000000-0x0000024d50000000, reserved size: 1073741824
Narrow klass base: 0x0000024d0f000000, Narrow klass shift: 0, Narrow klass range: 0x100000000

GC Precious Log:
 CardTable entry size: 512
 CPUs: 8 total, 8 available
 Memory: 16075M
 Large Page Support: Disabled
 NUMA Support: Disabled
 Compressed Oops: Enabled (32-bit)
 Alignments: Space 512K, Generation 512K, Heap 2M
 Heap Min Capacity: 100M
 Heap Initial Capacity: 100M
 Heap Max Capacity: 2G
 Pre-touch: Disabled
 Parallel Workers: 8

Heap:
 PSYoungGen      total 29184K, used 18052K [0x00000000d5580000, 0x00000000d7a00000, 0x0000000100000000)
  eden space 25088K, 55% used [0x00000000d5580000,0x00000000d6325c18,0x00000000d6e00000)
  from space 4096K, 99% used [0x00000000d6e80000,0x00000000d727b498,0x00000000d7280000)
  to   space 6144K, 0% used [0x00000000d7400000,0x00000000d7400000,0x00000000d7a00000)
 ParOldGen       total 68608K, used 8360K [0x0000000080000000, 0x0000000084300000, 0x00000000d5580000)
  object space 68608K, 12% used [0x0000000080000000,0x000000008082a348,0x0000000084300000)
 Metaspace       used 17567K, committed 18240K, reserved 1114112K
  class space    used 1854K, committed 2112K, reserved 1048576K

Card table byte_map: [0x0000024d77fa0000,0x0000024d783b0000] _byte_map_base: 0x0000024d77ba0000

Marking Bits: (ParMarkBitMap*) 0x00007ffd630d3450
 Begin Bits: [0x0000024d7bab0000, 0x0000024d7dab0000)
 End Bits:   [0x0000024d7dab0000, 0x0000024d7fab0000)

Polling page: 0x0000024d763c0000

Metaspace:

Usage:
  Non-class:     15.34 MB used.
      Class:      1.81 MB used.
       Both:     17.16 MB used.

Virtual space:
  Non-class space:       64.00 MB reserved,      15.75 MB ( 25%) committed,  1 nodes.
      Class space:        1.00 GB reserved,       2.06 MB ( <1%) committed,  1 nodes.
             Both:        1.06 GB reserved,      17.81 MB (  2%) committed. 

Chunk freelists:
   Non-Class:  256.00 KB
       Class:  13.77 MB
        Both:  14.02 MB

MaxMetaspaceSize: unlimited
CompressedClassSpaceSize: 1.00 GB
Initial GC threshold: 21.00 MB
Current GC threshold: 21.00 MB
CDS: on
 - commit_granule_bytes: 65536.
 - commit_granule_words: 8192.
 - virtual_space_node_default_size: 8388608.
 - enlarge_chunks_in_place: 1.
 - use_allocation_guard: 0.


Internal statistics:

num_allocs_failed_limit: 0.
num_arena_births: 548.
num_arena_deaths: 0.
num_vsnodes_births: 2.
num_vsnodes_deaths: 0.
num_space_committed: 285.
num_space_uncommitted: 0.
num_chunks_returned_to_freelist: 0.
num_chunks_taken_from_freelist: 1179.
num_chunk_merges: 0.
num_chunk_splits: 751.
num_chunks_enlarged: 483.
num_inconsistent_stats: 0.

CodeHeap 'non-profiled nmethods': size=120000Kb used=1481Kb max_used=1481Kb free=118518Kb
 bounds [0x0000024d07ad0000, 0x0000024d07d40000, 0x0000024d0f000000]
CodeHeap 'profiled nmethods': size=120000Kb used=6338Kb max_used=6338Kb free=113661Kb
 bounds [0x0000024d00000000, 0x0000024d00640000, 0x0000024d07530000]
CodeHeap 'non-nmethods': size=5760Kb used=1287Kb max_used=1298Kb free=4472Kb
 bounds [0x0000024d07530000, 0x0000024d077a0000, 0x0000024d07ad0000]
CodeCache: size=245760Kb, used=9106Kb, max_used=9117Kb, free=236651Kb
 total_blobs=3768, nmethods=3213, adapters=461, full_count=0
Compilation: enabled, stopped_count=0, restarted_count=0

Compilation events (20 events):
Event: 14.954 Thread 0x0000024d785ae480 3191       3       org.eclipse.osgi.internal.serviceregistry.ServiceRegistrationImpl::compareTo (9 bytes)
Event: 14.955 Thread 0x0000024d785ae480 nmethod 3191 0x0000024d00627b90 code [0x0000024d00627d60, 0x0000024d00628370]
Event: 14.955 Thread 0x0000024d785ae480 3192       3       org.eclipse.osgi.internal.serviceregistry.ServiceRegistrationImpl::compareTo (13 bytes)
Event: 14.955 Thread 0x0000024d785ae480 nmethod 3192 0x0000024d00628510 code [0x0000024d006286c0, 0x0000024d00628b00]
Event: 14.955 Thread 0x0000024d785ae480 3193       1       org.apache.felix.scr.impl.manager.DependencyManager::access$000 (5 bytes)
Event: 14.955 Thread 0x0000024d785ae480 nmethod 3193 0x0000024d07c40090 code [0x0000024d07c40220, 0x0000024d07c402d0]
Event: 14.955 Thread 0x0000024d785ae480 3189       1       java.util.concurrent.atomic.AtomicInteger::set (6 bytes)
Event: 14.955 Thread 0x0000024d785ae480 nmethod 3189 0x0000024d07c40390 code [0x0000024d07c40520, 0x0000024d07c405f0]
Event: 14.956 Thread 0x0000024d785ae480 3194       3       org.apache.felix.scr.impl.manager.AbstractComponentManager::getState (42 bytes)
Event: 14.956 Thread 0x0000024d785ae480 nmethod 3194 0x0000024d00628c90 code [0x0000024d00628e80, 0x0000024d00629408]
Event: 14.956 Thread 0x0000024d785ae480 3195       3       org.apache.felix.scr.impl.logger.ScrLogManager$ScrLoggerFacade::log (16 bytes)
Event: 14.956 Thread 0x0000024d785ae480 nmethod 3195 0x0000024d00629610 code [0x0000024d006297e0, 0x0000024d006299e0]
Event: 14.956 Thread 0x0000024d785ae480 3197       3       org.apache.felix.scr.impl.manager.DependencyManager::getName (8 bytes)
Event: 14.956 Thread 0x0000024d785ae480 nmethod 3197 0x0000024d00629b10 code [0x0000024d00629ca0, 0x0000024d00629dd0]
Event: 14.956 Thread 0x0000024d785ae480 3198       3       java.util.concurrent.atomic.AtomicBoolean::get (13 bytes)
Event: 14.956 Thread 0x0000024d785ae480 nmethod 3198 0x0000024d00629e90 code [0x0000024d0062a020, 0x0000024d0062a180]
Event: 14.956 Thread 0x0000024d785ae480 3196       3       org.apache.felix.scr.impl.manager.DependencyManager::hasGetPermission (37 bytes)
Event: 14.956 Thread 0x0000024d785ae480 nmethod 3196 0x0000024d0062a210 code [0x0000024d0062a3c0, 0x0000024d0062a5b8]
Event: 14.956 Thread 0x0000024d785ae480 3199       3       org.apache.felix.scr.impl.manager.DependencyManager::cardinalitySatisfied (14 bytes)
Event: 14.956 Thread 0x0000024d785ae480 nmethod 3199 0x0000024d0062a690 code [0x0000024d0062a820, 0x0000024d0062a980]

GC Heap History (10 events):
Event: 4.260 GC heap before
{Heap before GC invocations=1 (full 0):
 PSYoungGen      total 29696K, used 25600K [0x00000000d5580000, 0x00000000d7680000, 0x0000000100000000)
  eden space 25600K, 100% used [0x00000000d5580000,0x00000000d6e80000,0x00000000d6e80000)
  from space 4096K, 0% used [0x00000000d7280000,0x00000000d7280000,0x00000000d7680000)
  to   space 4096K, 0% used [0x00000000d6e80000,0x00000000d6e80000,0x00000000d7280000)
 ParOldGen       total 68608K, used 0K [0x0000000080000000, 0x0000000084300000, 0x00000000d5580000)
  object space 68608K, 0% used [0x0000000080000000,0x0000000080000000,0x0000000084300000)
 Metaspace       used 4364K, committed 4608K, reserved 1114112K
  class space    used 475K, committed 576K, reserved 1048576K
}
Event: 4.266 GC heap after
{Heap after GC invocations=1 (full 0):
 PSYoungGen      total 29696K, used 3287K [0x00000000d5580000, 0x00000000d7680000, 0x0000000100000000)
  eden space 25600K, 0% used [0x00000000d5580000,0x00000000d5580000,0x00000000d6e80000)
  from space 4096K, 80% used [0x00000000d6e80000,0x00000000d71b5e88,0x00000000d7280000)
  to   space 4096K, 0% used [0x00000000d7280000,0x00000000d7280000,0x00000000d7680000)
 ParOldGen       total 68608K, used 16K [0x0000000080000000, 0x0000000084300000, 0x00000000d5580000)
  object space 68608K, 0% used [0x0000000080000000,0x0000000080004000,0x0000000084300000)
 Metaspace       used 4364K, committed 4608K, reserved 1114112K
  class space    used 475K, committed 576K, reserved 1048576K
}
Event: 8.061 GC heap before
{Heap before GC invocations=2 (full 0):
 PSYoungGen      total 29696K, used 28887K [0x00000000d5580000, 0x00000000d7680000, 0x0000000100000000)
  eden space 25600K, 100% used [0x00000000d5580000,0x00000000d6e80000,0x00000000d6e80000)
  from space 4096K, 80% used [0x00000000d6e80000,0x00000000d71b5e88,0x00000000d7280000)
  to   space 4096K, 0% used [0x00000000d7280000,0x00000000d7280000,0x00000000d7680000)
 ParOldGen       total 68608K, used 16K [0x0000000080000000, 0x0000000084300000, 0x00000000d5580000)
  object space 68608K, 0% used [0x0000000080000000,0x0000000080004000,0x0000000084300000)
 Metaspace       used 7977K, committed 8256K, reserved 1114112K
  class space    used 830K, committed 960K, reserved 1048576K
}
Event: 8.067 GC heap after
{Heap after GC invocations=2 (full 0):
 PSYoungGen      total 29696K, used 4070K [0x00000000d5580000, 0x00000000d7680000, 0x0000000100000000)
  eden space 25600K, 0% used [0x00000000d5580000,0x00000000d5580000,0x00000000d6e80000)
  from space 4096K, 99% used [0x00000000d7280000,0x00000000d7679800,0x00000000d7680000)
  to   space 4096K, 0% used [0x00000000d6e80000,0x00000000d6e80000,0x00000000d7280000)
 ParOldGen       total 68608K, used 2157K [0x0000000080000000, 0x0000000084300000, 0x00000000d5580000)
  object space 68608K, 3% used [0x0000000080000000,0x000000008021b648,0x0000000084300000)
 Metaspace       used 7977K, committed 8256K, reserved 1114112K
  class space    used 830K, committed 960K, reserved 1048576K
}
Event: 8.734 GC heap before
{Heap before GC invocations=3 (full 0):
 PSYoungGen      total 29696K, used 29670K [0x00000000d5580000, 0x00000000d7680000, 0x0000000100000000)
  eden space 25600K, 100% used [0x00000000d5580000,0x00000000d6e80000,0x00000000d6e80000)
  from space 4096K, 99% used [0x00000000d7280000,0x00000000d7679800,0x00000000d7680000)
  to   space 4096K, 0% used [0x00000000d6e80000,0x00000000d6e80000,0x00000000d7280000)
 ParOldGen       total 68608K, used 2157K [0x0000000080000000, 0x0000000084300000, 0x00000000d5580000)
  object space 68608K, 3% used [0x0000000080000000,0x000000008021b648,0x0000000084300000)
 Metaspace       used 9477K, committed 9792K, reserved 1114112K
  class space    used 1013K, committed 1152K, reserved 1048576K
}
Event: 8.740 GC heap after
{Heap after GC invocations=3 (full 0):
 PSYoungGen      total 29696K, used 4095K [0x00000000d5580000, 0x00000000d7680000, 0x0000000100000000)
  eden space 25600K, 0% used [0x00000000d5580000,0x00000000d5580000,0x00000000d6e80000)
  from space 4096K, 99% used [0x00000000d6e80000,0x00000000d727fdd8,0x00000000d7280000)
  to   space 4096K, 0% used [0x00000000d7280000,0x00000000d7280000,0x00000000d7680000)
 ParOldGen       total 68608K, used 4881K [0x0000000080000000, 0x0000000084300000, 0x00000000d5580000)
  object space 68608K, 7% used [0x0000000080000000,0x00000000804c47a0,0x0000000084300000)
 Metaspace       used 9477K, committed 9792K, reserved 1114112K
  class space    used 1013K, committed 1152K, reserved 1048576K
}
Event: 10.415 GC heap before
{Heap before GC invocations=4 (full 0):
 PSYoungGen      total 29696K, used 29695K [0x00000000d5580000, 0x00000000d7680000, 0x0000000100000000)
  eden space 25600K, 100% used [0x00000000d5580000,0x00000000d6e80000,0x00000000d6e80000)
  from space 4096K, 99% used [0x00000000d6e80000,0x00000000d727fdd8,0x00000000d7280000)
  to   space 4096K, 0% used [0x00000000d7280000,0x00000000d7280000,0x00000000d7680000)
 ParOldGen       total 68608K, used 4881K [0x0000000080000000, 0x0000000084300000, 0x00000000d5580000)
  object space 68608K, 7% used [0x0000000080000000,0x00000000804c47a0,0x0000000084300000)
 Metaspace       used 11562K, committed 11904K, reserved 1114112K
  class space    used 1218K, committed 1344K, reserved 1048576K
}
Event: 10.422 GC heap after
{Heap after GC invocations=4 (full 0):
 PSYoungGen      total 29696K, used 4087K [0x00000000d5580000, 0x00000000d7680000, 0x0000000100000000)
  eden space 25600K, 0% used [0x00000000d5580000,0x00000000d5580000,0x00000000d6e80000)
  from space 4096K, 99% used [0x00000000d7280000,0x00000000d767dca0,0x00000000d7680000)
  to   space 4096K, 0% used [0x00000000d6e80000,0x00000000d6e80000,0x00000000d7280000)
 ParOldGen       total 68608K, used 6892K [0x0000000080000000, 0x0000000084300000, 0x00000000d5580000)
  object space 68608K, 10% used [0x0000000080000000,0x00000000806bb3d0,0x0000000084300000)
 Metaspace       used 11562K, committed 11904K, reserved 1114112K
  class space    used 1218K, committed 1344K, reserved 1048576K
}
Event: 13.477 GC heap before
{Heap before GC invocations=5 (full 0):
 PSYoungGen      total 29696K, used 29687K [0x00000000d5580000, 0x00000000d7680000, 0x0000000100000000)
  eden space 25600K, 100% used [0x00000000d5580000,0x00000000d6e80000,0x00000000d6e80000)
  from space 4096K, 99% used [0x00000000d7280000,0x00000000d767dca0,0x00000000d7680000)
  to   space 4096K, 0% used [0x00000000d6e80000,0x00000000d6e80000,0x00000000d7280000)
 ParOldGen       total 68608K, used 6892K [0x0000000080000000, 0x0000000084300000, 0x00000000d5580000)
  object space 68608K, 10% used [0x0000000080000000,0x00000000806bb3d0,0x0000000084300000)
 Metaspace       used 15455K, committed 16064K, reserved 1114112K
  class space    used 1603K, committed 1856K, reserved 1048576K
}
Event: 13.483 GC heap after
{Heap after GC invocations=5 (full 0):
 PSYoungGen      total 29184K, used 4077K [0x00000000d5580000, 0x00000000d7a00000, 0x0000000100000000)
  eden space 25088K, 0% used [0x00000000d5580000,0x00000000d5580000,0x00000000d6e00000)
  from space 4096K, 99% used [0x00000000d6e80000,0x00000000d727b498,0x00000000d7280000)
  to   space 6144K, 0% used [0x00000000d7400000,0x00000000d7400000,0x00000000d7a00000)
 ParOldGen       total 68608K, used 8360K [0x0000000080000000, 0x0000000084300000, 0x00000000d5580000)
  object space 68608K, 12% used [0x0000000080000000,0x000000008082a348,0x0000000084300000)
 Metaspace       used 15455K, committed 16064K, reserved 1114112K
  class space    used 1603K, committed 1856K, reserved 1048576K
}

Dll operation events (10 events):
Event: 0.116 Loaded shared library c:\Users\matys\.vscode\extensions\redhat.java-1.53.0-win32-x64\jre\21.0.10-win32-x86_64\bin\java.dll
Event: 0.241 Loaded shared library c:\Users\matys\.vscode\extensions\redhat.java-1.53.0-win32-x64\jre\21.0.10-win32-x86_64\bin\zip.dll
Event: 2.366 Loaded shared library C:\Users\matys\.vscode\extensions\redhat.java-1.53.0-win32-x64\jre\21.0.10-win32-x86_64\bin\instrument.dll
Event: 2.373 Loaded shared library C:\Users\matys\.vscode\extensions\redhat.java-1.53.0-win32-x64\jre\21.0.10-win32-x86_64\bin\net.dll
Event: 2.376 Loaded shared library C:\Users\matys\.vscode\extensions\redhat.java-1.53.0-win32-x64\jre\21.0.10-win32-x86_64\bin\nio.dll
Event: 2.380 Loaded shared library C:\Users\matys\.vscode\extensions\redhat.java-1.53.0-win32-x64\jre\21.0.10-win32-x86_64\bin\zip.dll
Event: 2.397 Loaded shared library C:\Users\matys\.vscode\extensions\redhat.java-1.53.0-win32-x64\jre\21.0.10-win32-x86_64\bin\jimage.dll
Event: 2.451 Loaded shared library c:\Users\matys\.vscode\extensions\redhat.java-1.53.0-win32-x64\jre\21.0.10-win32-x86_64\bin\verify.dll
Event: 8.102 Loaded shared library C:\Users\matys\AppData\Roaming\Code\User\globalStorage\redhat.java\1.53.0\config_win\org.eclipse.equinox.launcher\org.eclipse.equinox.launcher.win32.win32.x86_64_1.3.0.v20260203-2149\eclipse_11919.dll
Event: 13.783 Loaded shared library C:\Users\matys\AppData\Local\Temp\jna-103668858\jna8715569194852626848.dll

Deoptimization events (20 events):
Event: 13.582 Thread 0x0000024d567ba7e0 Uncommon trap: trap_request=0xffffff45 fr.pc=0x0000024d07c0ddfc relative=0x0000000000000cfc
Event: 13.582 Thread 0x0000024d567ba7e0 Uncommon trap: reason=unstable_if action=reinterpret pc=0x0000024d07c0ddfc method=java.io.DataInputStream.readFully([BII)V @ 37 c2
Event: 13.582 Thread 0x0000024d567ba7e0 DEOPT PACKING pc=0x0000024d07c0ddfc sp=0x0000007a400f9400
Event: 13.582 Thread 0x0000024d567ba7e0 DEOPT UNPACKING pc=0x0000024d07586da2 sp=0x0000007a400f92e0 mode 2
Event: 13.682 Thread 0x0000024d567ba7e0 Uncommon trap: trap_request=0xffffff45 fr.pc=0x0000024d07b565f4 relative=0x0000000000000634
Event: 13.682 Thread 0x0000024d567ba7e0 Uncommon trap: reason=unstable_if action=reinterpret pc=0x0000024d07b565f4 method=java.io.BufferedInputStream.implRead([BII)I @ 55 c2
Event: 13.682 Thread 0x0000024d567ba7e0 DEOPT PACKING pc=0x0000024d07b565f4 sp=0x0000007a400f8da0
Event: 13.682 Thread 0x0000024d567ba7e0 DEOPT UNPACKING pc=0x0000024d07586da2 sp=0x0000007a400f8d78 mode 2
Event: 13.716 Thread 0x0000024d567ba7e0 Uncommon trap: trap_request=0xffffff45 fr.pc=0x0000024d07b07fac relative=0x000000000000068c
Event: 13.716 Thread 0x0000024d567ba7e0 Uncommon trap: reason=unstable_if action=reinterpret pc=0x0000024d07b07fac method=java.lang.String.replace(Ljava/lang/CharSequence;Ljava/lang/CharSequence;)Ljava/lang/String; @ 42 c2
Event: 13.716 Thread 0x0000024d567ba7e0 DEOPT PACKING pc=0x0000024d07b07fac sp=0x0000007a400f7620
Event: 13.716 Thread 0x0000024d567ba7e0 DEOPT UNPACKING pc=0x0000024d07586da2 sp=0x0000007a400f75a0 mode 2
Event: 14.873 Thread 0x0000024d567ba7e0 Uncommon trap: trap_request=0xffffff45 fr.pc=0x0000024d07c2eea4 relative=0x0000000000000084
Event: 14.873 Thread 0x0000024d567ba7e0 Uncommon trap: reason=unstable_if action=reinterpret pc=0x0000024d07c2eea4 method=java.lang.ref.SoftReference.get()Ljava/lang/Object; @ 6 c2
Event: 14.873 Thread 0x0000024d567ba7e0 DEOPT PACKING pc=0x0000024d07c2eea4 sp=0x0000007a400f9520
Event: 14.873 Thread 0x0000024d567ba7e0 DEOPT UNPACKING pc=0x0000024d07586da2 sp=0x0000007a400f94b8 mode 2
Event: 14.899 Thread 0x0000024d5606b660 Uncommon trap: trap_request=0xffffff45 fr.pc=0x0000024d07bca460 relative=0x00000000000000c0
Event: 14.899 Thread 0x0000024d5606b660 Uncommon trap: reason=unstable_if action=reinterpret pc=0x0000024d07bca460 method=java.util.concurrent.locks.ReentrantLock$NonfairSync.initialTryLock()Z @ 25 c2
Event: 14.899 Thread 0x0000024d5606b660 DEOPT PACKING pc=0x0000024d07bca460 sp=0x0000007a402fe330
Event: 14.899 Thread 0x0000024d5606b660 DEOPT UNPACKING pc=0x0000024d07586da2 sp=0x0000007a402fe2b0 mode 2

Classes loaded (20 events):
Event: 13.814 Loading class java/lang/reflect/UndeclaredThrowableException
Event: 13.814 Loading class java/lang/reflect/UndeclaredThrowableException done
Event: 13.815 Loading class java/lang/Class$AnnotationData
Event: 13.815 Loading class java/lang/Class$AnnotationData done
Event: 13.816 Loading class jdk/internal/reflect/MethodHandleIntegerFieldAccessorImpl
Event: 13.816 Loading class jdk/internal/reflect/MethodHandleIntegerFieldAccessorImpl done
Event: 13.827 Loading class java/io/PrintWriter
Event: 13.827 Loading class java/io/PrintWriter done
Event: 13.834 Loading class jdk/internal/reflect/MethodHandleShortFieldAccessorImpl
Event: 13.834 Loading class jdk/internal/reflect/MethodHandleShortFieldAccessorImpl done
Event: 13.834 Loading class java/lang/Short$ShortCache
Event: 13.834 Loading class java/lang/Short$ShortCache done
Event: 14.864 Loading class java/util/function/LongUnaryOperator
Event: 14.864 Loading class java/util/function/LongUnaryOperator done
Event: 14.865 Loading class java/lang/ThreadDeath
Event: 14.865 Loading class java/lang/ThreadDeath done
Event: 14.878 Loading class java/util/stream/SortedOps$SizedRefSortingSink
Event: 14.879 Loading class java/util/stream/SortedOps$SizedRefSortingSink done
Event: 14.939 Loading class java/util/concurrent/atomic/Striped64$1
Event: 14.939 Loading class java/util/concurrent/atomic/Striped64$1 done

Classes unloaded (0 events):
No events

Classes redefined (0 events):
No events

Internal exceptions (20 events):
Event: 13.513 Thread 0x0000024d567ba7e0 Exception <a 'java/lang/NoSuchMethodError'{0x00000000d5607c70}: 'java.lang.Object java.lang.invoke.DirectMethodHandle$Holder.newInvokeSpecial(java.lang.Object, java.lang.Object, java.lang.Object, java.lang.Object, java.lang.Object)'> (0x00000000d5607c70) 
thrown [s\src\hotspot\share\interpreter\linkResolver.cpp, line 773]
Event: 13.647 Thread 0x0000024d567ba7e0 Exception <a 'java/lang/NoSuchMethodError'{0x00000000d57e2e50}: 'java.lang.Object java.lang.invoke.DirectMethodHandle$Holder.invokeStaticInit(java.lang.Object, int)'> (0x00000000d57e2e50) 
thrown [s\src\hotspot\share\interpreter\linkResolver.cpp, line 773]
Event: 13.721 Thread 0x0000024d567ba7e0 Exception <a 'java/lang/NoSuchMethodError'{0x00000000d5a600c8}: 'java.lang.Object java.lang.invoke.DirectMethodHandle$Holder.invokeStaticInit(java.lang.Object, int, int, int, int)'> (0x00000000d5a600c8) 
thrown [s\src\hotspot\share\interpreter\linkResolver.cpp, line 773]
Event: 13.767 Thread 0x0000024d567ba7e0 Exception <a 'java/lang/NoSuchMethodError'{0x00000000d5b8e278}: 'java.lang.Object java.lang.invoke.DirectMethodHandle$Holder.invokeStaticInit(java.lang.Object, java.lang.Object, int, int, int, int)'> (0x00000000d5b8e278) 
thrown [s\src\hotspot\share\interpreter\linkResolver.cpp, line 773]
Event: 13.817 Thread 0x0000024d567ba7e0 Exception <a 'java/lang/NoSuchMethodError'{0x00000000d5ca4fa8}: 'void java.lang.invoke.DirectMethodHandle$Holder.invokeSpecial(java.lang.Object, java.lang.Object, java.lang.Object, int)'> (0x00000000d5ca4fa8) 
thrown [s\src\hotspot\share\interpreter\linkResolver.cpp, line 773]
Event: 13.817 Thread 0x0000024d567ba7e0 Exception <a 'java/lang/NoSuchMethodError'{0x00000000d5ca8938}: 'void java.lang.invoke.DelegatingMethodHandle$Holder.reinvoke_L(java.lang.Object, java.lang.Object, int)'> (0x00000000d5ca8938) 
thrown [s\src\hotspot\share\interpreter\linkResolver.cpp, line 773]
Event: 13.817 Thread 0x0000024d567ba7e0 Exception <a 'java/lang/NoSuchMethodError'{0x00000000d5caf620}: 'int java.lang.invoke.Invokers$Holder.invokeExact_MT(java.lang.Object, java.lang.Object, java.lang.Object)'> (0x00000000d5caf620) 
thrown [s\src\hotspot\share\interpreter\linkResolver.cpp, line 773]
Event: 13.836 Thread 0x0000024d567ba7e0 Exception <a 'java/lang/NoSuchMethodError'{0x00000000d5dd4328}: 'void java.lang.invoke.Invokers$Holder.invokeExact_MT(java.lang.Object, java.lang.Object, int, java.lang.Object)'> (0x00000000d5dd4328) 
thrown [s\src\hotspot\share\interpreter\linkResolver.cpp, line 773]
Event: 13.852 Thread 0x0000024d567ba7e0 Exception <a 'java/lang/NoSuchMethodError'{0x00000000d5edf0b8}: 'java.lang.Object java.lang.invoke.DirectMethodHandle$Holder.invokeSpecial(java.lang.Object, java.lang.Object, java.lang.Object, long, java.lang.Object)'> (0x00000000d5edf0b8) 
thrown [s\src\hotspot\share\interpreter\linkResolver.cpp, line 773]
Event: 14.862 Thread 0x0000024d567ba7e0 Exception <a 'java/lang/NoSuchMethodError'{0x00000000d5ee6900}: 'java.lang.Object java.lang.invoke.DirectMethodHandle$Holder.newInvokeSpecial(java.lang.Object, java.lang.Object, java.lang.Object, long)'> (0x00000000d5ee6900) 
thrown [s\src\hotspot\share\interpreter\linkResolver.cpp, line 773]
Event: 14.863 Thread 0x0000024d567ba7e0 Exception <a 'java/lang/NoSuchMethodError'{0x00000000d5eeacb0}: 'java.lang.Object java.lang.invoke.DirectMethodHandle$Holder.invokeSpecial(java.lang.Object, java.lang.Object, java.lang.Object, java.lang.Object, long)'> (0x00000000d5eeacb0) 
thrown [s\src\hotspot\share\interpreter\linkResolver.cpp, line 773]
Event: 14.863 Thread 0x0000024d567ba7e0 Exception <a 'java/lang/NoSuchMethodError'{0x00000000d5eee8d0}: 'java.lang.Object java.lang.invoke.Invokers$Holder.linkToTargetMethod(java.lang.Object, java.lang.Object, long, java.lang.Object)'> (0x00000000d5eee8d0) 
thrown [s\src\hotspot\share\interpreter\linkResolver.cpp, line 773]
Event: 14.875 Thread 0x0000024d567ba7e0 Exception <a 'java/lang/NoSuchMethodError'{0x00000000d5f68cd8}: 'int java.lang.invoke.DirectMethodHandle$Holder.invokeStaticInit(java.lang.Object, java.lang.Object, java.lang.Object)'> (0x00000000d5f68cd8) 
thrown [s\src\hotspot\share\interpreter\linkResolver.cpp, line 773]
Event: 14.888 Thread 0x0000024d567ba7e0 Exception <a 'java/lang/IncompatibleClassChangeError'{0x00000000d6019ed0}: Found class java.lang.Object, but interface was expected> (0x00000000d6019ed0) 
thrown [s\src\hotspot\share\interpreter\linkResolver.cpp, line 840]
Event: 14.890 Thread 0x0000024d567ba7e0 Exception <a 'java/lang/NoSuchMethodError'{0x00000000d602a968}: 'java.lang.Object java.lang.invoke.DirectMethodHandle$Holder.invokeSpecial(java.lang.Object, java.lang.Object, java.lang.Object, int, java.lang.Object, java.lang.Object)'> (0x00000000d602a968) 
thrown [s\src\hotspot\share\interpreter\linkResolver.cpp, line 773]
Event: 14.891 Thread 0x0000024d567ba7e0 Exception <a 'java/lang/NoSuchMethodError'{0x00000000d6032380}: 'java.lang.Object java.lang.invoke.DirectMethodHandle$Holder.newInvokeSpecial(java.lang.Object, java.lang.Object, java.lang.Object, int, java.lang.Object)'> (0x00000000d6032380) 
thrown [s\src\hotspot\share\interpreter\linkResolver.cpp, line 773]
Event: 14.891 Thread 0x0000024d567ba7e0 Exception <a 'java/lang/NoSuchMethodError'{0x00000000d6036300}: 'java.lang.Object java.lang.invoke.DirectMethodHandle$Holder.invokeSpecial(java.lang.Object, java.lang.Object, java.lang.Object, java.lang.Object, int, java.lang.Object)'> (0x00000000d6036300) 
thrown [s\src\hotspot\share\interpreter\linkResolver.cpp, line 773]
Event: 14.891 Thread 0x0000024d567ba7e0 Exception <a 'java/lang/NoSuchMethodError'{0x00000000d6039e40}: 'java.lang.Object java.lang.invoke.Invokers$Holder.linkToTargetMethod(java.lang.Object, java.lang.Object, int, java.lang.Object, java.lang.Object)'> (0x00000000d6039e40) 
thrown [s\src\hotspot\share\interpreter\linkResolver.cpp, line 773]
Event: 14.893 Thread 0x0000024d5606b660 Exception <a 'java/lang/NoSuchMethodError'{0x00000000d5f3eff8}: 'java.lang.Object java.lang.invoke.DirectMethodHandle$Holder.invokeSpecial(java.lang.Object, java.lang.Object, int, java.lang.Object, java.lang.Object)'> (0x00000000d5f3eff8) 
thrown [s\src\hotspot\share\interpreter\linkResolver.cpp, line 773]
Event: 14.950 Thread 0x0000024d567ba7e0 Exception <a 'java/lang/NoSuchMethodError'{0x00000000d6142cc8}: 'void java.lang.invoke.DirectMethodHandle$Holder.invokeSpecial(java.lang.Object, java.lang.Object, java.lang.Object, java.lang.Object, java.lang.Object)'> (0x00000000d6142cc8) 
thrown [s\src\hotspot\share\interpreter\linkResolver.cpp, line 773]

ZGC Phase Switch (0 events):
No events

VM Operations (20 events):
Event: 10.411 Executing non-safepoint VM operation: HandshakeAllThreads (Deoptimize)
Event: 10.411 Executing non-safepoint VM operation: HandshakeAllThreads (Deoptimize) done
Event: 10.415 Executing safepoint VM operation: ParallelGCFailedAllocation (Allocation Failure)
Event: 10.422 Executing safepoint VM operation: ParallelGCFailedAllocation (Allocation Failure) done
Event: 11.434 Executing safepoint VM operation: Cleanup
Event: 11.434 Executing safepoint VM operation: Cleanup done
Event: 12.443 Executing safepoint VM operation: Cleanup
Event: 12.443 Executing safepoint VM operation: Cleanup done
Event: 13.269 Executing non-safepoint VM operation: HandshakeAllThreads (Deoptimize)
Event: 13.269 Executing non-safepoint VM operation: HandshakeAllThreads (Deoptimize) done
Event: 13.477 Executing safepoint VM operation: ParallelGCFailedAllocation (Allocation Failure)
Event: 13.483 Executing safepoint VM operation: ParallelGCFailedAllocation (Allocation Failure) done
Event: 13.750 Executing non-safepoint VM operation: HandshakeAllThreads (Deoptimize)
Event: 13.750 Executing non-safepoint VM operation: HandshakeAllThreads (Deoptimize) done
Event: 13.796 Executing non-safepoint VM operation: HandshakeAllThreads (Deoptimize)
Event: 13.796 Executing non-safepoint VM operation: HandshakeAllThreads (Deoptimize) done
Event: 14.798 Executing safepoint VM operation: Cleanup
Event: 14.798 Executing safepoint VM operation: Cleanup done
Event: 15.813 Executing safepoint VM operation: Cleanup
Event: 15.813 Executing safepoint VM operation: Cleanup done

Memory protections (0 events):
No events

Nmethod flushes (0 events):
No events

Events (20 events):
Event: 3.647 Thread 0x0000024d5608fe40 Thread exited: 0x0000024d5608fe40
Event: 3.665 Thread 0x0000024d51af6bf0 Thread exited: 0x0000024d51af6bf0
Event: 3.828 Thread 0x0000024d785ae480 Thread added: 0x0000024d5608fe20
Event: 3.842 Thread 0x0000024d785ae480 Thread added: 0x0000024d5614a9d0
Event: 6.396 Thread 0x0000024d5614a9d0 Thread exited: 0x0000024d5614a9d0
Event: 6.539 Thread 0x0000024d785ae480 Thread added: 0x0000024d56472410
Event: 6.804 Thread 0x0000024d762976f0 Thread added: 0x0000024d5652f780
Event: 8.089 Thread 0x0000024d762976f0 Thread added: 0x0000024d56576600
Event: 8.132 Thread 0x0000024d56576600 Thread added: 0x0000024d567ba170
Event: 8.135 Thread 0x0000024d762976f0 Thread added: 0x0000024d567ba7e0
Event: 8.389 Thread 0x0000024d56472410 Thread exited: 0x0000024d56472410
Event: 8.805 Thread 0x0000024d567ba7e0 Thread added: 0x0000024d56e1cb00
Event: 10.400 Thread 0x0000024d567ba7e0 Thread added: 0x0000024d5689c300
Event: 10.484 Thread 0x0000024d5608fe20 Thread added: 0x0000024d56ee2ed0
Event: 12.812 Thread 0x0000024d567ba7e0 Thread added: 0x0000024d57100b80
Event: 12.945 Thread 0x0000024d56ee2ed0 Thread exited: 0x0000024d56ee2ed0
Event: 13.054 Thread 0x0000024d5608fe20 Thread exited: 0x0000024d5608fe20
Event: 13.824 Thread 0x0000024d567ba7e0 Thread added: 0x0000024d5606bcf0
Event: 14.867 Thread 0x0000024d567ba7e0 Thread added: 0x0000024d5606b660
Event: 14.893 Thread 0x0000024d567ba7e0 Thread added: 0x0000024d56068f00


Dynamic libraries:
0x00007ff7e2e80000 - 0x00007ff7e2e8e000 	c:\Users\matys\.vscode\extensions\redhat.java-1.53.0-win32-x64\jre\21.0.10-win32-x86_64\bin\java.exe
0x00007ffe117c0000 - 0x00007ffe11a27000 	C:\WINDOWS\SYSTEM32\ntdll.dll
0x00007ffe10000000 - 0x00007ffe100c9000 	C:\WINDOWS\System32\KERNEL32.DLL
0x00007ffe0efd0000 - 0x00007ffe0f3c4000 	C:\WINDOWS\System32\KERNELBASE.dll
0x00007ffe0aa50000 - 0x00007ffe0aaef000 	C:\WINDOWS\SYSTEM32\apphelp.dll
0x00007ffe0e360000 - 0x00007ffe0e4ab000 	C:\WINDOWS\System32\ucrtbase.dll
0x00007ffe054e0000 - 0x00007ffe054f8000 	c:\Users\matys\.vscode\extensions\redhat.java-1.53.0-win32-x64\jre\21.0.10-win32-x86_64\bin\jli.dll
0x00007ffe113f0000 - 0x00007ffe115b5000 	C:\WINDOWS\System32\USER32.dll
0x00007ffe0e090000 - 0x00007ffe0e0b7000 	C:\WINDOWS\System32\win32u.dll
0x00007ffe0fde0000 - 0x00007ffe0fe0b000 	C:\WINDOWS\System32\GDI32.dll
0x00007ffe0e170000 - 0x00007ffe0e29a000 	C:\WINDOWS\System32\gdi32full.dll
0x00007ffe0ee90000 - 0x00007ffe0ef33000 	C:\WINDOWS\System32\msvcp_win.dll
0x00007ffdf8740000 - 0x00007ffdf89d3000 	C:\WINDOWS\WinSxS\amd64_microsoft.windows.common-controls_6595b64144ccf1df_6.0.26100.8115_none_3e075c82e3354f9c\COMCTL32.dll
0x00007ffe10360000 - 0x00007ffe10409000 	C:\WINDOWS\System32\msvcrt.dll
0x00007ffe05350000 - 0x00007ffe0536e000 	c:\Users\matys\.vscode\extensions\redhat.java-1.53.0-win32-x64\jre\21.0.10-win32-x86_64\bin\VCRUNTIME140.dll
0x00007ffe0f550000 - 0x00007ffe0f582000 	C:\WINDOWS\System32\IMM32.DLL
0x00007ffe0a950000 - 0x00007ffe0a95c000 	c:\Users\matys\.vscode\extensions\redhat.java-1.53.0-win32-x64\jre\21.0.10-win32-x86_64\bin\vcruntime140_1.dll
0x00007ffdf3e80000 - 0x00007ffdf3f0d000 	c:\Users\matys\.vscode\extensions\redhat.java-1.53.0-win32-x64\jre\21.0.10-win32-x86_64\bin\msvcp140.dll
0x00007ffd62410000 - 0x00007ffd631b1000 	c:\Users\matys\.vscode\extensions\redhat.java-1.53.0-win32-x64\jre\21.0.10-win32-x86_64\bin\server\jvm.dll
0x00007ffe101b0000 - 0x00007ffe10266000 	C:\WINDOWS\System32\ADVAPI32.dll
0x00007ffe0fd00000 - 0x00007ffe0fda7000 	C:\WINDOWS\System32\sechost.dll
0x00007ffe11660000 - 0x00007ffe11778000 	C:\WINDOWS\System32\RPCRT4.dll
0x00007ffe109b0000 - 0x00007ffe10a30000 	C:\WINDOWS\System32\WS2_32.dll
0x00007ffe0cc70000 - 0x00007ffe0ccce000 	C:\WINDOWS\SYSTEM32\POWRPROF.dll
0x00007ffe051a0000 - 0x00007ffe051d6000 	C:\WINDOWS\SYSTEM32\WINMM.dll
0x00007ffe05730000 - 0x00007ffe0573b000 	C:\WINDOWS\SYSTEM32\VERSION.dll
0x00007ffe0cc50000 - 0x00007ffe0cc64000 	C:\WINDOWS\SYSTEM32\UMPDC.dll
0x00007ffe0cf40000 - 0x00007ffe0cf5b000 	C:\WINDOWS\SYSTEM32\kernel.appcore.dll
0x00007ffe05340000 - 0x00007ffe0534a000 	c:\Users\matys\.vscode\extensions\redhat.java-1.53.0-win32-x64\jre\21.0.10-win32-x86_64\bin\jimage.dll
0x00007ffe0bdf0000 - 0x00007ffe0c032000 	C:\WINDOWS\SYSTEM32\DBGHELP.DLL
0x00007ffe10bb0000 - 0x00007ffe10f32000 	C:\WINDOWS\System32\combase.dll
0x00007ffe107d0000 - 0x00007ffe108a7000 	C:\WINDOWS\System32\OLEAUT32.dll
0x00007ffdc8520000 - 0x00007ffdc855b000 	C:\WINDOWS\SYSTEM32\dbgcore.DLL
0x00007ffe0e0c0000 - 0x00007ffe0e165000 	C:\WINDOWS\System32\bcryptPrimitives.dll
0x00007ffe052d0000 - 0x00007ffe052df000 	c:\Users\matys\.vscode\extensions\redhat.java-1.53.0-win32-x64\jre\21.0.10-win32-x86_64\bin\instrument.dll
0x00007ffe00520000 - 0x00007ffe00540000 	c:\Users\matys\.vscode\extensions\redhat.java-1.53.0-win32-x64\jre\21.0.10-win32-x86_64\bin\java.dll
0x00007ffe0f590000 - 0x00007ffe0fcf6000 	C:\WINDOWS\System32\SHELL32.dll
0x00007ffe0ed20000 - 0x00007ffe0ee8a000 	C:\WINDOWS\System32\wintypes.dll
0x00007ffe0e4b0000 - 0x00007ffe0ed15000 	C:\WINDOWS\System32\windows.storage.dll
0x00007ffe10410000 - 0x00007ffe10507000 	C:\WINDOWS\System32\SHCORE.dll
0x00007ffe10270000 - 0x00007ffe102d6000 	C:\WINDOWS\System32\shlwapi.dll
0x00007ffe0dfb0000 - 0x00007ffe0dfd9000 	C:\WINDOWS\SYSTEM32\profapi.dll
0x00007ffe000d0000 - 0x00007ffe000e8000 	c:\Users\matys\.vscode\extensions\redhat.java-1.53.0-win32-x64\jre\21.0.10-win32-x86_64\bin\zip.dll
0x00007ffe052c0000 - 0x00007ffe052d0000 	C:\Users\matys\.vscode\extensions\redhat.java-1.53.0-win32-x64\jre\21.0.10-win32-x86_64\bin\net.dll
0x00007ffe06210000 - 0x00007ffe0633d000 	C:\WINDOWS\SYSTEM32\WINHTTP.dll
0x00007ffe0d4b0000 - 0x00007ffe0d51c000 	C:\WINDOWS\system32\mswsock.dll
0x00007ffe000b0000 - 0x00007ffe000c6000 	C:\Users\matys\.vscode\extensions\redhat.java-1.53.0-win32-x64\jre\21.0.10-win32-x86_64\bin\nio.dll
0x00007ffe00510000 - 0x00007ffe00520000 	c:\Users\matys\.vscode\extensions\redhat.java-1.53.0-win32-x64\jre\21.0.10-win32-x86_64\bin\verify.dll
0x00007ffdf90d0000 - 0x00007ffdf9115000 	C:\Users\matys\AppData\Roaming\Code\User\globalStorage\redhat.java\1.53.0\config_win\org.eclipse.equinox.launcher\org.eclipse.equinox.launcher.win32.win32.x86_64_1.3.0.v20260203-2149\eclipse_11919.dll
0x00007ffe10630000 - 0x00007ffe107c7000 	C:\WINDOWS\System32\ole32.dll
0x00007ffe0d7a0000 - 0x00007ffe0d7bb000 	C:\WINDOWS\SYSTEM32\CRYPTSP.dll
0x00007ffe0cea0000 - 0x00007ffe0ced9000 	C:\WINDOWS\system32\rsaenh.dll
0x00007ffe0d560000 - 0x00007ffe0d593000 	C:\WINDOWS\SYSTEM32\USERENV.dll
0x00007ffe0df80000 - 0x00007ffe0dfaa000 	C:\WINDOWS\SYSTEM32\bcrypt.dll
0x00007ffe0d790000 - 0x00007ffe0d79c000 	C:\WINDOWS\SYSTEM32\CRYPTBASE.dll
0x00007ffe0c780000 - 0x00007ffe0c7b2000 	C:\WINDOWS\SYSTEM32\IPHLPAPI.DLL
0x00007ffe10ba0000 - 0x00007ffe10baa000 	C:\WINDOWS\System32\NSI.dll
0x00007ffdf6da0000 - 0x00007ffdf6de9000 	C:\Users\matys\AppData\Local\Temp\jna-103668858\jna8715569194852626848.dll
0x00007ffe11650000 - 0x00007ffe11658000 	C:\WINDOWS\System32\PSAPI.DLL

JVMTI agents:
c:\Users\matys\.vscode\extensions\redhat.java-1.53.0-win32-x64\lombok\lombok-1.18.39-4050.jar path:c:\Users\matys\.vscode\extensions\redhat.java-1.53.0-win32-x64\jre\21.0.10-win32-x86_64\bin\instrument.dll, loaded, initialized, instrumentlib options:none

dbghelp: loaded successfully - version: 4.0.5 - missing functions: none
symbol engine: initialized successfully - sym options: 0x614 - pdb path: .;c:\Users\matys\.vscode\extensions\redhat.java-1.53.0-win32-x64\jre\21.0.10-win32-x86_64\bin;C:\WINDOWS\SYSTEM32;C:\WINDOWS\WinSxS\amd64_microsoft.windows.common-controls_6595b64144ccf1df_6.0.26100.8115_none_3e075c82e3354f9c;c:\Users\matys\.vscode\extensions\redhat.java-1.53.0-win32-x64\jre\21.0.10-win32-x86_64\bin\server;C:\Users\matys\AppData\Roaming\Code\User\globalStorage\redhat.java\1.53.0\config_win\org.eclipse.equinox.launcher\org.eclipse.equinox.launcher.win32.win32.x86_64_1.3.0.v20260203-2149;C:\Users\matys\AppData\Local\Temp\jna-103668858

VM Arguments:
jvm_args: --add-modules=ALL-SYSTEM --add-opens=java.base/java.util=ALL-UNNAMED --add-opens=java.base/java.lang=ALL-UNNAMED --add-opens=java.base/sun.nio.fs=ALL-UNNAMED -Declipse.application=org.eclipse.jdt.ls.core.id1 -Dosgi.bundles.defaultStartLevel=4 -Declipse.product=org.eclipse.jdt.ls.core.product -Djava.import.generatesMetadataFilesAtProjectRoot=false -DDetectVMInstallationsJob.disabled=true -Dfile.encoding=utf8 -XX:+UseParallelGC -XX:GCTimeRatio=4 -XX:AdaptiveSizePolicyWeight=90 -Dsun.zip.disableMemoryMapping=true -Xmx2G -Xms100m -Xlog:disable -javaagent:c:\Users\matys\.vscode\extensions\redhat.java-1.53.0-win32-x64\lombok\lombok-1.18.39-4050.jar -XX:+HeapDumpOnOutOfMemoryError -XX:HeapDumpPath=c:\Users\matys\AppData\Roaming\Code\User\workspaceStorage\47e3c005e3d690642a0c1828fe6af43c\redhat.java -Daether.dependencyCollector.impl=bf 
java_command: c:\Users\matys\.vscode\extensions\redhat.java-1.53.0-win32-x64\server\plugins\org.eclipse.equinox.launcher_1.7.100.v20251111-0406.jar -configuration c:\Users\matys\AppData\Roaming\Code\User\globalStorage\redhat.java\1.53.0\config_win -data c:\Users\matys\AppData\Roaming\Code\User\workspaceStorage\47e3c005e3d690642a0c1828fe6af43c\redhat.java\jdt_ws --pipe=\\.\pipe\lsp-acc95a2e8ee5697fffc76242f9b0184d-sock
java_class_path (initial): c:\Users\matys\.vscode\extensions\redhat.java-1.53.0-win32-x64\server\plugins\org.eclipse.equinox.launcher_1.7.100.v20251111-0406.jar
Launcher Type: SUN_STANDARD

[Global flags]
    uintx AdaptiveSizePolicyWeight                 = 90                                        {product} {command line}
     intx CICompilerCount                          = 4                                         {product} {ergonomic}
    uintx GCTimeRatio                              = 4                                         {product} {command line}
     bool HeapDumpOnOutOfMemoryError               = true                                   {manageable} {command line}
    ccstr HeapDumpPath                             = c:\Users\matys\AppData\Roaming\Code\User\workspaceStorage\47e3c005e3d690642a0c1828fe6af43c\redhat.java         {manageable} {command line}
   size_t InitialHeapSize                          = 104857600                                 {product} {command line}
   size_t MaxHeapSize                              = 2147483648                                {product} {command line}
   size_t MaxNewSize                               = 715653120                                 {product} {ergonomic}
   size_t MinHeapDeltaBytes                        = 524288                                    {product} {ergonomic}
   size_t MinHeapSize                              = 104857600                                 {product} {command line}
   size_t NewSize                                  = 34603008                                  {product} {ergonomic}
    uintx NonNMethodCodeHeapSize                   = 5839372                                {pd product} {ergonomic}
    uintx NonProfiledCodeHeapSize                  = 122909434                              {pd product} {ergonomic}
   size_t OldSize                                  = 70254592                                  {product} {ergonomic}
    uintx ProfiledCodeHeapSize                     = 122909434                              {pd product} {ergonomic}
    uintx ReservedCodeCacheSize                    = 251658240                              {pd product} {ergonomic}
     bool SegmentedCodeCache                       = true                                      {product} {ergonomic}
   size_t SoftMaxHeapSize                          = 2147483648                             {manageable} {ergonomic}
     bool UseCompressedOops                        = true                           {product lp64_product} {ergonomic}
     bool UseLargePagesIndividualAllocation        = false                                  {pd product} {ergonomic}
     bool UseParallelGC                            = true                                      {product} {command line}

Logging:
Log output configuration:
 #0: stdout all=off uptime,level,tags foldmultilines=false
 #1: stderr all=off uptime,level,tags foldmultilines=false

Release file:
JAVA_VERSION="21.0.10" 
MODULES="java.base java.compiler java.datatransfer java.xml java.prefs java.desktop java.instrument java.logging java.management java.security.sasl java.naming java.rmi java.management.rmi java.net.http java.scripting java.security.jgss java.transaction.xa java.sql java.sql.rowset java.xml.crypto java.se java.smartcardio jdk.accessibility jdk.internal.jvmstat jdk.attach jdk.charsets jdk.internal.opt jdk.zipfs jdk.compiler jdk.crypto.ec jdk.crypto.cryptoki jdk.crypto.mscapi jdk.dynalink jdk.internal.ed jdk.editpad jdk.hotspot.agent jdk.httpserver jdk.internal.le jdk.internal.vm.ci jdk.internal.vm.compiler jdk.internal.vm.compiler.management jdk.jartool jdk.javadoc jdk.jcmd jdk.management jdk.management.agent jdk.jconsole jdk.jdeps jdk.jdwp.agent jdk.jdi jdk.jfr jdk.jshell jdk.jsobject jdk.jstatd jdk.localedata jdk.management.jfr jdk.naming.dns jdk.naming.rmi jdk.net jdk.nio.mapmode jdk.random jdk.sctp jdk.security.auth jdk.security.jgss jdk.unsupported jdk.unsupported.desktop jdk.xml.dom" 

Environment Variables:
PATH=D:\Programy\Microsoft VS Code;C:\Program Files\Common Files\Oracle\Java\javapath;D:\Oculus\Support\oculus-runtime;C:\Python312\Scripts\;C:\Python312\;C:\Windows\system32;C:\Windows;C:\Windows\System32\Wbem;C:\Windows\System32\WindowsPowerShell\v1.0\;C:\Windows\System32\OpenSSH\;C:\WINDOWS\system32;C:\WINDOWS;C:\WINDOWS\System32\Wbem;C:\WINDOWS\System32\WindowsPowerShell\v1.0\;C:\WINDOWS\System32\OpenSSH\;C:\Program Files\dotnet\;C:\Program Files (x86)\NVIDIA Corporation\PhysX\Common;C:\Program Files\nodejs\;C:\ProgramData\chocolatey\bin;C:\WINDOWS\system32;C:\WINDOWS;C:\WINDOWS\System32\Wbem;C:\WINDOWS\System32\WindowsPowerShell\v1.0\;C:\WINDOWS\System32\OpenSSH\;C:\Program Files\NVIDIA Corporation\NVIDIA app\NvDLISR;C:\php\;C:\ProgramData\ComposerSetup\bin;C:\Program Files (x86)\Paragon Software\LinuxFS for Windows\;C:\ffmpeg\bin;C:\Program Files\Git\cmd;C:\Program Files\Tailscale\;D:\Docker\resources\bin;C:\Users\matys\AppData\Local\Microsoft\WindowsApps;D:\Programy\Microsoft VS Code\bin;C:\Users\matys\AppData\Roaming\npm;D:\Programy\apache-maven-3.9.9\bin;C:\Users\matys\AppData\Roaming\Composer\vendor\bin;C:\ffmpeg\bin;D:\OllamaApp;
USERNAME=matys
OS=Windows_NT
PROCESSOR_IDENTIFIER=Intel64 Family 6 Model 140 Stepping 1, GenuineIntel
TMP=C:\Users\matys\AppData\Local\Temp
TEMP=C:\Users\matys\AppData\Local\Temp




Periodic native trim disabled

---------------  S Y S T E M  ---------------

OS:
 Windows 11 , 64 bit Build 26100 (10.0.26100.8115)
OS uptime: 2 days 0:30 hours
Hyper-V role detected

CPU: total 8 (initial active 8) (4 cores per cpu, 2 threads per core) family 6 model 140 stepping 1 microcode 0x86, cx8, cmov, fxsr, ht, mmx, 3dnowpref, sse, sse2, sse3, ssse3, sse4.1, sse4.2, popcnt, lzcnt, tsc, tscinvbit, avx, avx2, aes, erms, clmul, bmi1, bmi2, adx, avx512f, avx512dq, avx512cd, avx512bw, avx512vl, sha, fma, vzeroupper, avx512_vpopcntdq, avx512_vpclmulqdq, avx512_vaes, avx512_vnni, clflush, clflushopt, clwb, avx512_vbmi2, avx512_vbmi, hv, rdtscp, rdpid, fsrm, gfni, avx512_bitalg, f16c, cet_ibt, cet_ss, avx512_ifma
Processor Information for the first 8 processors :
  Max Mhz: 3302, Current Mhz: 3302, Mhz Limit: 3302

Memory: 4k page, system-wide physical 16075M (1183M free)
TotalPageFile size 28315M (AvailPageFile size 1M)
current process WorkingSet (physical memory assigned to process): 137M, peak: 137M
current process commit charge ("private bytes"): 274M, peak: 275M

vm_info: OpenJDK 64-Bit Server VM (21.0.10+7-LTS) for windows-amd64 JRE (21.0.10+7-LTS), built on 2026-01-20T00:00:00Z by "admin" with MS VC++ 17.12 (VS2022)

END.
