#
# There is insufficient memory for the Java Runtime Environment to continue.
# Native memory allocation (malloc) failed to allocate 1486096 bytes. Error detail: Chunk::new
# Possible reasons:
#   The system is out of physical RAM or swap space
#   This process is running with CompressedOops enabled, and the Java Heap may be blocking the growth of the native heap
# Possible solutions:
#   Reduce memory load on the system
#   Increase physical memory or swap space
#   Check if swap backing store is full
#   Decrease Java heap size (-Xmx/-Xms)
#   Decrease number of Java threads
#   Decrease Java thread stack sizes (-Xss)
#   Set larger code cache with -XX:ReservedCodeCacheSize=
#   JVM is running with Unscaled Compressed Oops mode in which the Java heap is
#     placed in the first 4GB address space. The Java Heap base address is the
#     maximum limit for the native heap growth. Please use -XX:HeapBaseMinAddress
#     to set the Java Heap base and to place the Java Heap above 4GB virtual address.
# This output file may be truncated or incomplete.
#
#  Out of Memory Error (arena.cpp:168), pid=19704, tid=20424
#
# JRE version: OpenJDK Runtime Environment Temurin-21.0.10+7 (21.0.10+7) (build 21.0.10+7-LTS)
# Java VM: OpenJDK 64-Bit Server VM Temurin-21.0.10+7 (21.0.10+7-LTS, mixed mode, sharing, tiered, compressed oops, compressed class ptrs, parallel gc, windows-amd64)
# No core dump will be written. Minidumps are not enabled by default on client versions of Windows
#

---------------  S U M M A R Y ------------

Command Line: --add-modules=ALL-SYSTEM --add-opens=java.base/java.util=ALL-UNNAMED --add-opens=java.base/java.lang=ALL-UNNAMED --add-opens=java.base/sun.nio.fs=ALL-UNNAMED -Declipse.application=org.eclipse.jdt.ls.core.id1 -Dosgi.bundles.defaultStartLevel=4 -Declipse.product=org.eclipse.jdt.ls.core.product -Djava.import.generatesMetadataFilesAtProjectRoot=false -DDetectVMInstallationsJob.disabled=true -Dfile.encoding=utf8 -XX:+UseParallelGC -XX:GCTimeRatio=4 -XX:AdaptiveSizePolicyWeight=90 -Dsun.zip.disableMemoryMapping=true -Xmx2G -Xms100m -Xlog:disable -javaagent:c:\Users\matys\.vscode\extensions\redhat.java-1.53.0-win32-x64\lombok\lombok-1.18.39-4050.jar -XX:+HeapDumpOnOutOfMemoryError -XX:HeapDumpPath=c:\Users\matys\AppData\Roaming\Code\User\workspaceStorage\47e3c005e3d690642a0c1828fe6af43c\redhat.java -Daether.dependencyCollector.impl=bf c:\Users\matys\.vscode\extensions\redhat.java-1.53.0-win32-x64\server\plugins\org.eclipse.equinox.launcher_1.7.100.v20251111-0406.jar -configuration c:\Users\matys\AppData\Roaming\Code\User\globalStorage\redhat.java\1.53.0\config_win -data c:\Users\matys\AppData\Roaming\Code\User\workspaceStorage\47e3c005e3d690642a0c1828fe6af43c\redhat.java\jdt_ws --pipe=\\.\pipe\lsp-ebdabce41e7703be8bd5aee5628fc663-sock

Host: 11th Gen Intel(R) Core(TM) i7-11370H @ 3.30GHz, 8 cores, 15G,  Windows 11 , 64 bit Build 26100 (10.0.26100.8115)
Time: Sun Apr  5 21:38:28 2026 elapsed time: 19.117711 seconds (0d 0h 0m 19s)

---------------  T H R E A D  ---------------

Current thread (0x0000029efb273ce0):  JavaThread "C2 CompilerThread0" daemon [_thread_in_native, id=20424, stack(0x000000a62c800000,0x000000a62c900000) (1024K)]


Current CompileTask:
C2:19117 17060 % !   4       org.eclipse.jdt.internal.core.JarPackageFragmentRoot::computeChildren @ 247 (606 bytes)

Stack: [0x000000a62c800000,0x000000a62c900000]
Native frames: (J=compiled Java code, j=interpreted, Vv=VM code, C=native code)
V  [jvm.dll+0x6d7a39]
V  [jvm.dll+0x8b4b26]
V  [jvm.dll+0x8b70de]
V  [jvm.dll+0x8b77c3]
V  [jvm.dll+0x284346]
V  [jvm.dll+0xc66ed]
V  [jvm.dll+0xc6c31]
V  [jvm.dll+0x2fb29e]
V  [jvm.dll+0x5fe884]
V  [jvm.dll+0x255b17]
V  [jvm.dll+0x255edd]
V  [jvm.dll+0x24e500]
V  [jvm.dll+0x24ba42]
V  [jvm.dll+0x1cb34e]
V  [jvm.dll+0x25b85d]
V  [jvm.dll+0x259dea]
V  [jvm.dll+0x3f857e]
V  [jvm.dll+0x85f59d]
V  [jvm.dll+0x6d626d]
C  [ucrtbase.dll+0x37b0]
C  [KERNEL32.DLL+0x2e8d7]
C  [ntdll.dll+0x8c3fc]


---------------  P R O C E S S  ---------------

Threads class SMR info:
_java_thread_list=0x0000029ec643cea0, length=69, elements={
0x0000029ee47e0a20, 0x0000029efb2561a0, 0x0000029efb258df0, 0x0000029ee489d800,
0x0000029ee489e460, 0x0000029efb264230, 0x0000029efb267b90, 0x0000029efb273ce0,
0x0000029efb2786a0, 0x0000029efccd8110, 0x0000029efcd0fde0, 0x0000029efcf0e860,
0x0000029efccd7370, 0x0000029efd5ad030, 0x0000029efd7e15f0, 0x0000029efdae9cc0,
0x0000029efdaee940, 0x0000029efdc0e5c0, 0x0000029efdd2bb80, 0x0000029efe11a070,
0x0000029efe169680, 0x0000029efe16aa30, 0x0000029efe169d10, 0x0000029efe167c40,
0x0000029efe16a3a0, 0x0000029efe168ff0, 0x0000029efe168960, 0x0000029efe16b0c0,
0x0000029efe1682d0, 0x0000029efe36ac50, 0x0000029efe36e0d0, 0x0000029efe36b970,
0x0000029efe36da40, 0x0000029efe36e760, 0x0000029efe36c690, 0x0000029efe36b2e0,
0x0000029efe36edf0, 0x0000029efe36f480, 0x0000029efe36fb10, 0x0000029efe370830,
0x0000029efe36d3b0, 0x0000029efe370ec0, 0x0000029efe371550, 0x0000029efe372270,
0x0000029efe371be0, 0x0000029ec6076100, 0x0000029ec6078ef0, 0x0000029ec60774b0,
0x0000029ec6079c10, 0x0000029ec6076e20, 0x0000029ec6077b40, 0x0000029ec60781d0,
0x0000029ec6078860, 0x0000029ec6079580, 0x0000029ec607b650, 0x0000029ec607ca00,
0x0000029ec607d090, 0x0000029ec607d720, 0x0000029ec607a2a0, 0x0000029ec607a930,
0x0000029ec607c370, 0x0000029ed0426510, 0x0000029ed04278c0, 0x0000029ed0428c70,
0x0000029ed0427230, 0x0000029ed0427f50, 0x0000029ed0426ba0, 0x0000029ed042ce10,
0x0000029ed042ad40
}

Java Threads: ( => current thread )
  0x0000029ee47e0a20 JavaThread "main"                              [_thread_blocked, id=21680, stack(0x000000a62be00000,0x000000a62bf00000) (1024K)]
  0x0000029efb2561a0 JavaThread "Reference Handler"          daemon [_thread_blocked, id=14528, stack(0x000000a62c200000,0x000000a62c300000) (1024K)]
  0x0000029efb258df0 JavaThread "Finalizer"                  daemon [_thread_blocked, id=22200, stack(0x000000a62c300000,0x000000a62c400000) (1024K)]
  0x0000029ee489d800 JavaThread "Signal Dispatcher"          daemon [_thread_blocked, id=13216, stack(0x000000a62c400000,0x000000a62c500000) (1024K)]
  0x0000029ee489e460 JavaThread "Attach Listener"            daemon [_thread_blocked, id=6752, stack(0x000000a62c500000,0x000000a62c600000) (1024K)]
  0x0000029efb264230 JavaThread "Service Thread"             daemon [_thread_blocked, id=3724, stack(0x000000a62c600000,0x000000a62c700000) (1024K)]
  0x0000029efb267b90 JavaThread "Monitor Deflation Thread"   daemon [_thread_blocked, id=3236, stack(0x000000a62c700000,0x000000a62c800000) (1024K)]
=>0x0000029efb273ce0 JavaThread "C2 CompilerThread0"         daemon [_thread_in_native, id=20424, stack(0x000000a62c800000,0x000000a62c900000) (1024K)]
  0x0000029efb2786a0 JavaThread "C1 CompilerThread0"         daemon [_thread_blocked, id=2568, stack(0x000000a62c900000,0x000000a62ca00000) (1024K)]
  0x0000029efccd8110 JavaThread "C2 CompilerThread1"         daemon [_thread_in_native, id=23856, stack(0x000000a62ca00000,0x000000a62cb00000) (1024K)]
  0x0000029efcd0fde0 JavaThread "Common-Cleaner"             daemon [_thread_blocked, id=22592, stack(0x000000a62cb00000,0x000000a62cc00000) (1024K)]
  0x0000029efcf0e860 JavaThread "Notification Thread"        daemon [_thread_blocked, id=23188, stack(0x000000a62cc00000,0x000000a62cd00000) (1024K)]
  0x0000029efccd7370 JavaThread "C2 CompilerThread2"         daemon [_thread_in_native, id=15340, stack(0x000000a62cd00000,0x000000a62ce00000) (1024K)]
  0x0000029efd5ad030 JavaThread "Active Thread: Equinox Container: 549938f1-3155-48ff-a8e1-e1cf0682aa8f"        [_thread_blocked, id=27432, stack(0x000000a62d400000,0x000000a62d500000) (1024K)]
  0x0000029efd7e15f0 JavaThread "Refresh Thread: Equinox Container: 549938f1-3155-48ff-a8e1-e1cf0682aa8f" daemon [_thread_blocked, id=11860, stack(0x000000a62d600000,0x000000a62d700000) (1024K)]
  0x0000029efdae9cc0 JavaThread "Framework Event Dispatcher: Equinox Container: 549938f1-3155-48ff-a8e1-e1cf0682aa8f" daemon [_thread_blocked, id=6276, stack(0x000000a62d700000,0x000000a62d800000) (1024K)]
  0x0000029efdaee940 JavaThread "Start Level: Equinox Container: 549938f1-3155-48ff-a8e1-e1cf0682aa8f" daemon [_thread_blocked, id=21784, stack(0x000000a62d800000,0x000000a62d900000) (1024K)]
  0x0000029efdc0e5c0 JavaThread "Bundle File Closer"         daemon [_thread_blocked, id=744, stack(0x000000a62d900000,0x000000a62da00000) (1024K)]
  0x0000029efdd2bb80 JavaThread "SCR Component Actor"        daemon [_thread_blocked, id=19300, stack(0x000000a62da00000,0x000000a62db00000) (1024K)]
  0x0000029efe11a070 JavaThread "Worker-JM"                         [_thread_blocked, id=18968, stack(0x000000a62db00000,0x000000a62dc00000) (1024K)]
  0x0000029efe169680 JavaThread "JNA Cleaner"                daemon [_thread_blocked, id=17412, stack(0x000000a62dc00000,0x000000a62dd00000) (1024K)]
  0x0000029efe16aa30 JavaThread "Worker-0"                          [_thread_blocked, id=22312, stack(0x000000a62dd00000,0x000000a62de00000) (1024K)]
  0x0000029efe169d10 JavaThread "Worker-1: Initialize workspace"        [_thread_in_Java, id=20816, stack(0x000000a62de00000,0x000000a62df00000) (1024K)]
  0x0000029efe167c40 JavaThread "Java indexing"              daemon [_thread_blocked, id=1556, stack(0x000000a62df00000,0x000000a62e000000) (1024K)]
  0x0000029efe16a3a0 JavaThread "Worker-2"                          [_thread_blocked, id=14900, stack(0x000000a62e200000,0x000000a62e300000) (1024K)]
  0x0000029efe168ff0 JavaThread "Worker-3"                          [_thread_blocked, id=27576, stack(0x000000a62e300000,0x000000a62e400000) (1024K)]
  0x0000029efe168960 JavaThread "Thread-1"                   daemon [_thread_in_native, id=7408, stack(0x000000a62e400000,0x000000a62e500000) (1024K)]
  0x0000029efe16b0c0 JavaThread "Thread-2"                   daemon [_thread_in_native, id=24992, stack(0x000000a62e500000,0x000000a62e600000) (1024K)]
  0x0000029efe1682d0 JavaThread "Thread-3"                   daemon [_thread_in_native, id=17868, stack(0x000000a62e600000,0x000000a62e700000) (1024K)]
  0x0000029efe36ac50 JavaThread "Thread-4"                   daemon [_thread_in_native, id=24748, stack(0x000000a62e700000,0x000000a62e800000) (1024K)]
  0x0000029efe36e0d0 JavaThread "Thread-5"                   daemon [_thread_in_native, id=13816, stack(0x000000a62e800000,0x000000a62e900000) (1024K)]
  0x0000029efe36b970 JavaThread "Thread-6"                   daemon [_thread_in_native, id=18980, stack(0x000000a62e900000,0x000000a62ea00000) (1024K)]
  0x0000029efe36da40 JavaThread "Thread-7"                   daemon [_thread_in_native, id=13904, stack(0x000000a62ea00000,0x000000a62eb00000) (1024K)]
  0x0000029efe36e760 JavaThread "Thread-8"                   daemon [_thread_in_native, id=21328, stack(0x000000a62eb00000,0x000000a62ec00000) (1024K)]
  0x0000029efe36c690 JavaThread "Thread-9"                   daemon [_thread_in_native, id=15452, stack(0x000000a62ec00000,0x000000a62ed00000) (1024K)]
  0x0000029efe36b2e0 JavaThread "pool-2-thread-1"                   [_thread_blocked, id=3452, stack(0x000000a62ed00000,0x000000a62ee00000) (1024K)]
  0x0000029efe36edf0 JavaThread "WorkspaceEventsHandler"            [_thread_blocked, id=24292, stack(0x000000a62ee00000,0x000000a62ef00000) (1024K)]
  0x0000029efe36f480 JavaThread "pool-1-thread-1"                   [_thread_blocked, id=20108, stack(0x000000a62ef00000,0x000000a62f000000) (1024K)]
  0x0000029efe36fb10 JavaThread "Worker-4"                          [_thread_blocked, id=22724, stack(0x000000a62f000000,0x000000a62f100000) (1024K)]
  0x0000029efe370830 JavaThread "ForkJoinPool.commonPool-worker-1" daemon [_thread_blocked, id=16988, stack(0x000000a62f100000,0x000000a62f200000) (1024K)]
  0x0000029efe36d3b0 JavaThread "ForkJoinPool.commonPool-worker-2" daemon [_thread_blocked, id=10804, stack(0x000000a62f200000,0x000000a62f300000) (1024K)]
  0x0000029efe370ec0 JavaThread "ForkJoinPool.commonPool-worker-3" daemon [_thread_blocked, id=25396, stack(0x000000a62f300000,0x000000a62f400000) (1024K)]
  0x0000029efe371550 JavaThread "ForkJoinPool.commonPool-worker-4" daemon [_thread_blocked, id=25056, stack(0x000000a62f400000,0x000000a62f500000) (1024K)]
  0x0000029efe372270 JavaThread "ForkJoinPool.commonPool-worker-5" daemon [_thread_blocked, id=24388, stack(0x000000a62f500000,0x000000a62f600000) (1024K)]
  0x0000029efe371be0 JavaThread "ForkJoinPool.commonPool-worker-6" daemon [_thread_blocked, id=23036, stack(0x000000a62f600000,0x000000a62f700000) (1024K)]
  0x0000029ec6076100 JavaThread "ForkJoinPool.commonPool-worker-7" daemon [_thread_blocked, id=25712, stack(0x000000a62f700000,0x000000a62f800000) (1024K)]
  0x0000029ec6078ef0 JavaThread "LocalFile Deleter"          daemon [_thread_blocked, id=15276, stack(0x000000a62f800000,0x000000a62f900000) (1024K)]
  0x0000029ec60774b0 JavaThread "LocalFile Deleter"          daemon [_thread_blocked, id=6556, stack(0x000000a62f900000,0x000000a62fa00000) (1024K)]
  0x0000029ec6079c10 JavaThread "LocalFile Deleter"          daemon [_thread_blocked, id=2788, stack(0x000000a62fa00000,0x000000a62fb00000) (1024K)]
  0x0000029ec6076e20 JavaThread "LocalFile Deleter"          daemon [_thread_blocked, id=22908, stack(0x000000a62fb00000,0x000000a62fc00000) (1024K)]
  0x0000029ec6077b40 JavaThread "LocalFile Deleter"          daemon [_thread_blocked, id=26700, stack(0x000000a62fc00000,0x000000a62fd00000) (1024K)]
  0x0000029ec60781d0 JavaThread "LocalFile Deleter"          daemon [_thread_blocked, id=14420, stack(0x000000a62fd00000,0x000000a62fe00000) (1024K)]
  0x0000029ec6078860 JavaThread "LocalFile Deleter"          daemon [_thread_blocked, id=23776, stack(0x000000a62fe00000,0x000000a62ff00000) (1024K)]
  0x0000029ec6079580 JavaThread "LocalFile Deleter"          daemon [_thread_blocked, id=25800, stack(0x000000a62ff00000,0x000000a630000000) (1024K)]
  0x0000029ec607b650 JavaThread "Compiler Source File Reader" daemon [_thread_blocked, id=24480, stack(0x000000a630000000,0x000000a630100000) (1024K)]
  0x0000029ec607ca00 JavaThread "Compiler Source File Reader" daemon [_thread_blocked, id=14192, stack(0x000000a630100000,0x000000a630200000) (1024K)]
  0x0000029ec607d090 JavaThread "Compiler Source File Reader" daemon [_thread_blocked, id=152, stack(0x000000a630200000,0x000000a630300000) (1024K)]
  0x0000029ec607d720 JavaThread "Compiler Source File Reader" daemon [_thread_blocked, id=24400, stack(0x000000a630300000,0x000000a630400000) (1024K)]
  0x0000029ec607a2a0 JavaThread "Compiler Source File Reader" daemon [_thread_blocked, id=24084, stack(0x000000a630400000,0x000000a630500000) (1024K)]
  0x0000029ec607a930 JavaThread "Compiler Source File Reader" daemon [_thread_blocked, id=15680, stack(0x000000a630500000,0x000000a630600000) (1024K)]
  0x0000029ec607c370 JavaThread "Compiler Processing Task"   daemon [_thread_blocked, id=10432, stack(0x000000a630600000,0x000000a630700000) (1024K)]
  0x0000029ed0426510 JavaThread "Compiler Class File Writer" daemon [_thread_blocked, id=24420, stack(0x000000a630700000,0x000000a630800000) (1024K)]
  0x0000029ed04278c0 JavaThread "Compiler Class File Writer" daemon [_thread_blocked, id=5088, stack(0x000000a630800000,0x000000a630900000) (1024K)]
  0x0000029ed0428c70 JavaThread "Compiler Class File Writer" daemon [_thread_blocked, id=16756, stack(0x000000a630900000,0x000000a630a00000) (1024K)]
  0x0000029ed0427230 JavaThread "Compiler Class File Writer" daemon [_thread_blocked, id=1828, stack(0x000000a630a00000,0x000000a630b00000) (1024K)]
  0x0000029ed0427f50 JavaThread "Compiler Class File Writer" daemon [_thread_blocked, id=180, stack(0x000000a630b00000,0x000000a630c00000) (1024K)]
  0x0000029ed0426ba0 JavaThread "Compiler Class File Writer" daemon [_thread_blocked, id=2864, stack(0x000000a630c00000,0x000000a630d00000) (1024K)]
  0x0000029ed042ce10 JavaThread "Worker-5"                          [_thread_blocked, id=18592, stack(0x000000a630d00000,0x000000a630e00000) (1024K)]
  0x0000029ed042ad40 JavaThread "Worker-6"                          [_thread_blocked, id=27348, stack(0x000000a630e00000,0x000000a630f00000) (1024K)]
Total: 69

Other Threads:
  0x0000029efb253a30 VMThread "VM Thread"                           [id=26144, stack(0x000000a62c100000,0x000000a62c200000) (1024K)]
  0x0000029ee484ae80 WatcherThread "VM Periodic Task Thread"        [id=18836, stack(0x000000a62c000000,0x000000a62c100000) (1024K)]
  0x0000029ee47ff140 WorkerThread "GC Thread#0"                     [id=20808, stack(0x000000a62bf00000,0x000000a62c000000) (1024K)]
  0x0000029efd707af0 WorkerThread "GC Thread#1"                     [id=27496, stack(0x000000a62ce00000,0x000000a62cf00000) (1024K)]
  0x0000029efd708250 WorkerThread "GC Thread#2"                     [id=14356, stack(0x000000a62cf00000,0x000000a62d000000) (1024K)]
  0x0000029efd706880 WorkerThread "GC Thread#3"                     [id=2732, stack(0x000000a62d000000,0x000000a62d100000) (1024K)]
  0x0000029efd707390 WorkerThread "GC Thread#4"                     [id=11344, stack(0x000000a62d100000,0x000000a62d200000) (1024K)]
  0x0000029efd707ea0 WorkerThread "GC Thread#5"                     [id=27180, stack(0x000000a62d200000,0x000000a62d300000) (1024K)]
  0x0000029efd707740 WorkerThread "GC Thread#6"                     [id=6184, stack(0x000000a62d300000,0x000000a62d400000) (1024K)]
  0x0000029efd4d6560 WorkerThread "GC Thread#7"                     [id=25864, stack(0x000000a62d500000,0x000000a62d600000) (1024K)]
Total: 10

Threads with active compile tasks:
C2 CompilerThread0  20080 17060 % !   4       org.eclipse.jdt.internal.core.JarPackageFragmentRoot::computeChildren @ 247 (606 bytes)
C2 CompilerThread1  20080 17229       4       org.eclipse.jdt.internal.core.index.DiskIndex::addQueryResults (739 bytes)
C2 CompilerThread2  20080 17246 % !   4       java.util.jar.Attributes::read @ 214 (494 bytes)
Total: 3

VM state: not at safepoint (normal execution)

VM Mutex/Monitor currently owned by a thread: None

Heap address: 0x0000000080000000, size: 2048 MB, Compressed Oops mode: 32-bit

CDS archive(s) mapped at: [0x0000029e80000000-0x0000029e80ba0000-0x0000029e80ba0000), size 12189696, SharedBaseAddress: 0x0000029e80000000, ArchiveRelocationMode: 1.
Compressed class space mapped at: 0x0000029e81000000-0x0000029ec1000000, reserved size: 1073741824
Narrow klass base: 0x0000029e80000000, Narrow klass shift: 0, Narrow klass range: 0x100000000

GC Precious Log:
 CardTable entry size: 512
 CPUs: 8 total, 8 available
 Memory: 16075M
 Large Page Support: Disabled
 NUMA Support: Disabled
 Compressed Oops: Enabled (32-bit)
 Alignments: Space 512K, Generation 512K, Heap 2M
 Heap Min Capacity: 100M
 Heap Initial Capacity: 100M
 Heap Max Capacity: 2G
 Pre-touch: Disabled
 Parallel Workers: 8

Heap:
 PSYoungGen      total 4608K, used 3778K [0x00000000d5580000, 0x00000000d5c00000, 0x0000000100000000)
  eden space 4096K, 88% used [0x00000000d5580000,0x00000000d59089e8,0x00000000d5980000)
  from space 512K, 31% used [0x00000000d5b80000,0x00000000d5ba8000,0x00000000d5c00000)
  to   space 512K, 0% used [0x00000000d5b00000,0x00000000d5b00000,0x00000000d5b80000)
 ParOldGen       total 184320K, used 184190K [0x0000000080000000, 0x000000008b400000, 0x00000000d5580000)
  object space 184320K, 99% used [0x0000000080000000,0x000000008b3df980,0x000000008b400000)
 Metaspace       used 76587K, committed 78272K, reserved 1179648K
  class space    used 7911K, committed 8640K, reserved 1048576K

Card table byte_map: [0x0000029ee41b0000,0x0000029ee45c0000] _byte_map_base: 0x0000029ee3db0000

Marking Bits: (ParMarkBitMap*) 0x00007ffb61973450
 Begin Bits: [0x0000029ef6c90000, 0x0000029ef8c90000)
 End Bits:   [0x0000029ef8c90000, 0x0000029efac90000)

Polling page: 0x0000029ee3fa0000

Metaspace:

Usage:
  Non-class:     67.07 MB used.
      Class:      7.73 MB used.
       Both:     74.79 MB used.

Virtual space:
  Non-class space:      128.00 MB reserved,      68.00 MB ( 53%) committed,  2 nodes.
      Class space:        1.00 GB reserved,       8.44 MB ( <1%) committed,  1 nodes.
             Both:        1.12 GB reserved,      76.44 MB (  7%) committed. 

Chunk freelists:
   Non-Class:  11.67 MB
       Class:  7.50 MB
        Both:  19.17 MB

MaxMetaspaceSize: unlimited
CompressedClassSpaceSize: 1.00 GB
Initial GC threshold: 21.00 MB
Current GC threshold: 126.06 MB
CDS: on
 - commit_granule_bytes: 65536.
 - commit_granule_words: 8192.
 - virtual_space_node_default_size: 8388608.
 - enlarge_chunks_in_place: 1.
 - use_allocation_guard: 0.


Internal statistics:

num_allocs_failed_limit: 9.
num_arena_births: 1374.
num_arena_deaths: 22.
num_vsnodes_births: 3.
num_vsnodes_deaths: 0.
num_space_committed: 1226.
num_space_uncommitted: 2.
num_chunks_returned_to_freelist: 55.
num_chunks_taken_from_freelist: 4967.
num_chunk_merges: 21.
num_chunk_splits: 2998.
num_chunks_enlarged: 1650.
num_inconsistent_stats: 0.

CodeHeap 'non-profiled nmethods': size=120000Kb used=13219Kb max_used=13219Kb free=106780Kb
 bounds [0x0000029eef4b0000, 0x0000029ef01a0000, 0x0000029ef69e0000]
CodeHeap 'profiled nmethods': size=120000Kb used=37798Kb max_used=38736Kb free=82201Kb
 bounds [0x0000029ee79e0000, 0x0000029ee9fc0000, 0x0000029eeef10000]
CodeHeap 'non-nmethods': size=5760Kb used=1498Kb max_used=1576Kb free=4261Kb
 bounds [0x0000029eeef10000, 0x0000029eef180000, 0x0000029eef4b0000]
CodeCache: size=245760Kb, used=52515Kb, max_used=53531Kb, free=193242Kb
 total_blobs=16188, nmethods=15393, adapters=698, full_count=0
Compilation: enabled, stopped_count=0, restarted_count=0

Compilation events (20 events):
Event: 18.078 Thread 0x0000029efb2786a0 17240       3       org.eclipse.jdt.internal.core.search.PatternSearchJob$IndexResult::<init> (15 bytes)
Event: 18.078 Thread 0x0000029efb2786a0 nmethod 17240 0x0000029ee849d310 code [0x0000029ee849d4c0, 0x0000029ee849d650]
Event: 18.078 Thread 0x0000029efb2786a0 17241       3       java.util.concurrent.locks.LockSupport::park (24 bytes)
Event: 18.078 Thread 0x0000029efb2786a0 nmethod 17241 0x0000029ee8529a10 code [0x0000029ee8529be0, 0x0000029ee8529f20]
Event: 18.082 Thread 0x0000029efccd7370 nmethod 17189 0x0000029ef0190d10 code [0x0000029ef0191120, 0x0000029ef0193db0]
Event: 18.082 Thread 0x0000029efccd7370 17224       4       org.eclipse.jdt.internal.compiler.util.SimpleLookupTable::get (59 bytes)
Event: 18.083 Thread 0x0000029efb2786a0 17243       3       java.util.concurrent.ForkJoinTask::get (50 bytes)
Event: 18.084 Thread 0x0000029efb2786a0 nmethod 17243 0x0000029ee7a93e90 code [0x0000029ee7a94080, 0x0000029ee7a94578]
Event: 18.084 Thread 0x0000029efb2786a0 17244       3       org.eclipse.jdt.internal.core.search.PatternSearchJob$$Lambda/0x0000029e814cb560::<init> (10 bytes)
Event: 18.084 Thread 0x0000029efb2786a0 nmethod 17244 0x0000029ee84bb590 code [0x0000029ee84bb740, 0x0000029ee84bb8c8]
Event: 18.084 Thread 0x0000029efb2786a0 17245       3       com.google.gson.internal.LinkedTreeMap::containsKey (14 bytes)
Event: 18.084 Thread 0x0000029efb2786a0 nmethod 17245 0x0000029ee7a93990 code [0x0000029ee7a93b40, 0x0000029ee7a93da8]
Event: 18.084 Thread 0x0000029efccd7370 nmethod 17224 0x0000029ef0195610 code [0x0000029ef01957c0, 0x0000029ef0195ac0]
Event: 18.084 Thread 0x0000029efccd7370 17242       4       org.eclipse.jdt.core.compiler.CharOperation::prefixEquals (36 bytes)
Event: 18.086 Thread 0x0000029efccd7370 nmethod 17242 0x0000029ef0195d10 code [0x0000029ef0195ea0, 0x0000029ef0195f98]
Event: 18.086 Thread 0x0000029efccd7370 17227       4       org.eclipse.osgi.internal.hooks.EclipseLazyStarter::preFindLocalClass (120 bytes)
Event: 18.098 Thread 0x0000029efb2786a0 17249       3       org.eclipse.m2e.jdt.internal.InternalModuleInfo::withAutomaticName (18 bytes)
Event: 18.098 Thread 0x0000029efb2786a0 nmethod 17249 0x0000029ee7a93390 code [0x0000029ee7a93560, 0x0000029ee7a93810]
Event: 18.106 Thread 0x0000029efccd7370 nmethod 17227 0x0000029ef0196090 code [0x0000029ef01963e0, 0x0000029ef01978f8]
Event: 18.106 Thread 0x0000029efccd7370 17246 % !   4       java.util.jar.Attributes::read @ 214 (494 bytes)

GC Heap History (20 events):
Event: 17.884 GC heap before
{Heap before GC invocations=757 (full 4):
 PSYoungGen      total 5120K, used 4487K [0x00000000d5580000, 0x00000000d5b80000, 0x0000000100000000)
  eden space 4096K, 100% used [0x00000000d5580000,0x00000000d5980000,0x00000000d5980000)
  from space 1024K, 38% used [0x00000000d5980000,0x00000000d59e1d88,0x00000000d5a80000)
  to   space 512K, 0% used [0x00000000d5b00000,0x00000000d5b00000,0x00000000d5b80000)
 ParOldGen       total 179200K, used 179153K [0x0000000080000000, 0x000000008af00000, 0x00000000d5580000)
  object space 179200K, 99% used [0x0000000080000000,0x000000008aef47a8,0x000000008af00000)
 Metaspace       used 76137K, committed 77888K, reserved 1179648K
  class space    used 7876K, committed 8640K, reserved 1048576K
}
Event: 17.885 GC heap after
{Heap after GC invocations=757 (full 4):
 PSYoungGen      total 4608K, used 417K [0x00000000d5580000, 0x00000000d5b80000, 0x0000000100000000)
  eden space 4096K, 0% used [0x00000000d5580000,0x00000000d5580000,0x00000000d5980000)
  from space 512K, 81% used [0x00000000d5b00000,0x00000000d5b685b0,0x00000000d5b80000)
  to   space 512K, 0% used [0x00000000d5a80000,0x00000000d5a80000,0x00000000d5b00000)
 ParOldGen       total 179712K, used 179387K [0x0000000080000000, 0x000000008af80000, 0x00000000d5580000)
  object space 179712K, 99% used [0x0000000080000000,0x000000008af2ed88,0x000000008af80000)
 Metaspace       used 76137K, committed 77888K, reserved 1179648K
  class space    used 7876K, committed 8640K, reserved 1048576K
}
Event: 17.890 GC heap before
{Heap before GC invocations=758 (full 4):
 PSYoungGen      total 4608K, used 4513K [0x00000000d5580000, 0x00000000d5b80000, 0x0000000100000000)
  eden space 4096K, 100% used [0x00000000d5580000,0x00000000d5980000,0x00000000d5980000)
  from space 512K, 81% used [0x00000000d5b00000,0x00000000d5b685b0,0x00000000d5b80000)
  to   space 512K, 0% used [0x00000000d5a80000,0x00000000d5a80000,0x00000000d5b00000)
 ParOldGen       total 179712K, used 179387K [0x0000000080000000, 0x000000008af80000, 0x00000000d5580000)
  object space 179712K, 99% used [0x0000000080000000,0x000000008af2ed88,0x000000008af80000)
 Metaspace       used 76149K, committed 77888K, reserved 1179648K
  class space    used 7878K, committed 8640K, reserved 1048576K
}
Event: 17.891 GC heap after
{Heap after GC invocations=758 (full 4):
 PSYoungGen      total 4608K, used 256K [0x00000000d5580000, 0x00000000d5b80000, 0x0000000100000000)
  eden space 4096K, 0% used [0x00000000d5580000,0x00000000d5580000,0x00000000d5980000)
  from space 512K, 50% used [0x00000000d5a80000,0x00000000d5ac0000,0x00000000d5b00000)
  to   space 512K, 0% used [0x00000000d5b00000,0x00000000d5b00000,0x00000000d5b80000)
 ParOldGen       total 180224K, used 179749K [0x0000000080000000, 0x000000008b000000, 0x00000000d5580000)
  object space 180224K, 99% used [0x0000000080000000,0x000000008af897a0,0x000000008b000000)
 Metaspace       used 76149K, committed 77888K, reserved 1179648K
  class space    used 7878K, committed 8640K, reserved 1048576K
}
Event: 17.901 GC heap before
{Heap before GC invocations=759 (full 4):
 PSYoungGen      total 4608K, used 4352K [0x00000000d5580000, 0x00000000d5b80000, 0x0000000100000000)
  eden space 4096K, 100% used [0x00000000d5580000,0x00000000d5980000,0x00000000d5980000)
  from space 512K, 50% used [0x00000000d5a80000,0x00000000d5ac0000,0x00000000d5b00000)
  to   space 512K, 0% used [0x00000000d5b00000,0x00000000d5b00000,0x00000000d5b80000)
 ParOldGen       total 180224K, used 179749K [0x0000000080000000, 0x000000008b000000, 0x00000000d5580000)
  object space 180224K, 99% used [0x0000000080000000,0x000000008af897a0,0x000000008b000000)
 Metaspace       used 76170K, committed 77888K, reserved 1179648K
  class space    used 7879K, committed 8640K, reserved 1048576K
}
Event: 17.903 GC heap after
{Heap after GC invocations=759 (full 4):
 PSYoungGen      total 4608K, used 384K [0x00000000d5580000, 0x00000000d5b80000, 0x0000000100000000)
  eden space 4096K, 0% used [0x00000000d5580000,0x00000000d5580000,0x00000000d5980000)
  from space 512K, 75% used [0x00000000d5b00000,0x00000000d5b60000,0x00000000d5b80000)
  to   space 512K, 0% used [0x00000000d5a80000,0x00000000d5a80000,0x00000000d5b00000)
 ParOldGen       total 180224K, used 179861K [0x0000000080000000, 0x000000008b000000, 0x00000000d5580000)
  object space 180224K, 99% used [0x0000000080000000,0x000000008afa57a0,0x000000008b000000)
 Metaspace       used 76170K, committed 77888K, reserved 1179648K
  class space    used 7879K, committed 8640K, reserved 1048576K
}
Event: 17.921 GC heap before
{Heap before GC invocations=760 (full 4):
 PSYoungGen      total 4608K, used 4480K [0x00000000d5580000, 0x00000000d5b80000, 0x0000000100000000)
  eden space 4096K, 100% used [0x00000000d5580000,0x00000000d5980000,0x00000000d5980000)
  from space 512K, 75% used [0x00000000d5b00000,0x00000000d5b60000,0x00000000d5b80000)
  to   space 512K, 0% used [0x00000000d5a80000,0x00000000d5a80000,0x00000000d5b00000)
 ParOldGen       total 180224K, used 179861K [0x0000000080000000, 0x000000008b000000, 0x00000000d5580000)
  object space 180224K, 99% used [0x0000000080000000,0x000000008afa57a0,0x000000008b000000)
 Metaspace       used 76262K, committed 77952K, reserved 1179648K
  class space    used 7880K, committed 8640K, reserved 1048576K
}
Event: 17.924 GC heap after
{Heap after GC invocations=760 (full 4):
 PSYoungGen      total 4608K, used 482K [0x00000000d5580000, 0x00000000d5d80000, 0x0000000100000000)
  eden space 4096K, 0% used [0x00000000d5580000,0x00000000d5580000,0x00000000d5980000)
  from space 512K, 94% used [0x00000000d5a80000,0x00000000d5af8a18,0x00000000d5b00000)
  to   space 2048K, 0% used [0x00000000d5b80000,0x00000000d5b80000,0x00000000d5d80000)
 ParOldGen       total 181248K, used 180778K [0x0000000080000000, 0x000000008b100000, 0x00000000d5580000)
  object space 181248K, 99% used [0x0000000080000000,0x000000008b08aa88,0x000000008b100000)
 Metaspace       used 76262K, committed 77952K, reserved 1179648K
  class space    used 7880K, committed 8640K, reserved 1048576K
}
Event: 17.934 GC heap before
{Heap before GC invocations=761 (full 4):
 PSYoungGen      total 4608K, used 4578K [0x00000000d5580000, 0x00000000d5d80000, 0x0000000100000000)
  eden space 4096K, 100% used [0x00000000d5580000,0x00000000d5980000,0x00000000d5980000)
  from space 512K, 94% used [0x00000000d5a80000,0x00000000d5af8a18,0x00000000d5b00000)
  to   space 2048K, 0% used [0x00000000d5b80000,0x00000000d5b80000,0x00000000d5d80000)
 ParOldGen       total 181248K, used 180778K [0x0000000080000000, 0x000000008b100000, 0x00000000d5580000)
  object space 181248K, 99% used [0x0000000080000000,0x000000008b08aa88,0x000000008b100000)
 Metaspace       used 76283K, committed 77952K, reserved 1179648K
  class space    used 7882K, committed 8640K, reserved 1048576K
}
Event: 17.935 GC heap after
{Heap after GC invocations=761 (full 4):
 PSYoungGen      total 4608K, used 368K [0x00000000d5580000, 0x00000000d5c00000, 0x0000000100000000)
  eden space 4096K, 0% used [0x00000000d5580000,0x00000000d5580000,0x00000000d5980000)
  from space 512K, 71% used [0x00000000d5b80000,0x00000000d5bdc010,0x00000000d5c00000)
  to   space 1024K, 0% used [0x00000000d5a00000,0x00000000d5a00000,0x00000000d5b00000)
 ParOldGen       total 181248K, used 181207K [0x0000000080000000, 0x000000008b100000, 0x00000000d5580000)
  object space 181248K, 99% used [0x0000000080000000,0x000000008b0f5ea8,0x000000008b100000)
 Metaspace       used 76283K, committed 77952K, reserved 1179648K
  class space    used 7882K, committed 8640K, reserved 1048576K
}
Event: 17.954 GC heap before
{Heap before GC invocations=762 (full 4):
 PSYoungGen      total 4608K, used 4464K [0x00000000d5580000, 0x00000000d5c00000, 0x0000000100000000)
  eden space 4096K, 100% used [0x00000000d5580000,0x00000000d5980000,0x00000000d5980000)
  from space 512K, 71% used [0x00000000d5b80000,0x00000000d5bdc010,0x00000000d5c00000)
  to   space 1024K, 0% used [0x00000000d5a00000,0x00000000d5a00000,0x00000000d5b00000)
 ParOldGen       total 181248K, used 181207K [0x0000000080000000, 0x000000008b100000, 0x00000000d5580000)
  object space 181248K, 99% used [0x0000000080000000,0x000000008b0f5ea8,0x000000008b100000)
 Metaspace       used 76373K, committed 78080K, reserved 1179648K
  class space    used 7893K, committed 8640K, reserved 1048576K
}
Event: 17.956 GC heap after
{Heap after GC invocations=762 (full 4):
 PSYoungGen      total 5120K, used 640K [0x00000000d5580000, 0x00000000d5c00000, 0x0000000100000000)
  eden space 4096K, 0% used [0x00000000d5580000,0x00000000d5580000,0x00000000d5980000)
  from space 1024K, 62% used [0x00000000d5a00000,0x00000000d5aa0000,0x00000000d5b00000)
  to   space 1024K, 0% used [0x00000000d5b00000,0x00000000d5b00000,0x00000000d5c00000)
 ParOldGen       total 181760K, used 181487K [0x0000000080000000, 0x000000008b180000, 0x00000000d5580000)
  object space 181760K, 99% used [0x0000000080000000,0x000000008b13bed8,0x000000008b180000)
 Metaspace       used 76373K, committed 78080K, reserved 1179648K
  class space    used 7893K, committed 8640K, reserved 1048576K
}
Event: 18.029 GC heap before
{Heap before GC invocations=763 (full 4):
 PSYoungGen      total 5120K, used 4736K [0x00000000d5580000, 0x00000000d5c00000, 0x0000000100000000)
  eden space 4096K, 100% used [0x00000000d5580000,0x00000000d5980000,0x00000000d5980000)
  from space 1024K, 62% used [0x00000000d5a00000,0x00000000d5aa0000,0x00000000d5b00000)
  to   space 1024K, 0% used [0x00000000d5b00000,0x00000000d5b00000,0x00000000d5c00000)
 ParOldGen       total 181760K, used 181487K [0x0000000080000000, 0x000000008b180000, 0x00000000d5580000)
  object space 181760K, 99% used [0x0000000080000000,0x000000008b13bed8,0x000000008b180000)
 Metaspace       used 76515K, committed 78208K, reserved 1179648K
  class space    used 7905K, committed 8640K, reserved 1048576K
}
Event: 18.030 GC heap after
{Heap after GC invocations=763 (full 4):
 PSYoungGen      total 4608K, used 320K [0x00000000d5580000, 0x00000000d5b80000, 0x0000000100000000)
  eden space 4096K, 0% used [0x00000000d5580000,0x00000000d5580000,0x00000000d5980000)
  from space 512K, 62% used [0x00000000d5b00000,0x00000000d5b50000,0x00000000d5b80000)
  to   space 512K, 0% used [0x00000000d5a80000,0x00000000d5a80000,0x00000000d5b00000)
 ParOldGen       total 182272K, used 181999K [0x0000000080000000, 0x000000008b200000, 0x00000000d5580000)
  object space 182272K, 99% used [0x0000000080000000,0x000000008b1bbe38,0x000000008b200000)
 Metaspace       used 76515K, committed 78208K, reserved 1179648K
  class space    used 7905K, committed 8640K, reserved 1048576K
}
Event: 18.074 GC heap before
{Heap before GC invocations=764 (full 4):
 PSYoungGen      total 4608K, used 4416K [0x00000000d5580000, 0x00000000d5b80000, 0x0000000100000000)
  eden space 4096K, 100% used [0x00000000d5580000,0x00000000d5980000,0x00000000d5980000)
  from space 512K, 62% used [0x00000000d5b00000,0x00000000d5b50000,0x00000000d5b80000)
  to   space 512K, 0% used [0x00000000d5a80000,0x00000000d5a80000,0x00000000d5b00000)
 ParOldGen       total 182272K, used 181999K [0x0000000080000000, 0x000000008b200000, 0x00000000d5580000)
  object space 182272K, 99% used [0x0000000080000000,0x000000008b1bbe38,0x000000008b200000)
 Metaspace       used 76561K, committed 78208K, reserved 1179648K
  class space    used 7910K, committed 8640K, reserved 1048576K
}
Event: 18.076 GC heap after
{Heap after GC invocations=764 (full 4):
 PSYoungGen      total 4608K, used 511K [0x00000000d5580000, 0x00000000d5d80000, 0x0000000100000000)
  eden space 4096K, 0% used [0x00000000d5580000,0x00000000d5580000,0x00000000d5980000)
  from space 512K, 99% used [0x00000000d5a80000,0x00000000d5affcb0,0x00000000d5b00000)
  to   space 2048K, 0% used [0x00000000d5b80000,0x00000000d5b80000,0x00000000d5d80000)
 ParOldGen       total 183296K, used 183236K [0x0000000080000000, 0x000000008b300000, 0x00000000d5580000)
  object space 183296K, 99% used [0x0000000080000000,0x000000008b2f1110,0x000000008b300000)
 Metaspace       used 76561K, committed 78208K, reserved 1179648K
  class space    used 7910K, committed 8640K, reserved 1048576K
}
Event: 18.085 GC heap before
{Heap before GC invocations=765 (full 4):
 PSYoungGen      total 4608K, used 4606K [0x00000000d5580000, 0x00000000d5d80000, 0x0000000100000000)
  eden space 4096K, 99% used [0x00000000d5580000,0x00000000d597fec0,0x00000000d5980000)
  from space 512K, 99% used [0x00000000d5a80000,0x00000000d5affcb0,0x00000000d5b00000)
  to   space 2048K, 0% used [0x00000000d5b80000,0x00000000d5b80000,0x00000000d5d80000)
 ParOldGen       total 183296K, used 183236K [0x0000000080000000, 0x000000008b300000, 0x00000000d5580000)
  object space 183296K, 99% used [0x0000000080000000,0x000000008b2f1110,0x000000008b300000)
 Metaspace       used 76584K, committed 78272K, reserved 1179648K
  class space    used 7911K, committed 8640K, reserved 1048576K
}
Event: 18.086 GC heap after
{Heap after GC invocations=765 (full 4):
 PSYoungGen      total 5120K, used 768K [0x00000000d5580000, 0x00000000d5c80000, 0x0000000100000000)
  eden space 4096K, 0% used [0x00000000d5580000,0x00000000d5580000,0x00000000d5980000)
  from space 1024K, 75% used [0x00000000d5b80000,0x00000000d5c40020,0x00000000d5c80000)
  to   space 1536K, 0% used [0x00000000d5980000,0x00000000d5980000,0x00000000d5b00000)
 ParOldGen       total 183808K, used 183470K [0x0000000080000000, 0x000000008b380000, 0x00000000d5580000)
  object space 183808K, 99% used [0x0000000080000000,0x000000008b32b960,0x000000008b380000)
 Metaspace       used 76584K, committed 78272K, reserved 1179648K
  class space    used 7911K, committed 8640K, reserved 1048576K
}
Event: 18.099 GC heap before
{Heap before GC invocations=766 (full 4):
 PSYoungGen      total 5120K, used 4864K [0x00000000d5580000, 0x00000000d5c80000, 0x0000000100000000)
  eden space 4096K, 100% used [0x00000000d5580000,0x00000000d5980000,0x00000000d5980000)
  from space 1024K, 75% used [0x00000000d5b80000,0x00000000d5c40020,0x00000000d5c80000)
  to   space 1536K, 0% used [0x00000000d5980000,0x00000000d5980000,0x00000000d5b00000)
 ParOldGen       total 183808K, used 183470K [0x0000000080000000, 0x000000008b380000, 0x00000000d5580000)
  object space 183808K, 99% used [0x0000000080000000,0x000000008b32b960,0x000000008b380000)
 Metaspace       used 76584K, committed 78272K, reserved 1179648K
  class space    used 7911K, committed 8640K, reserved 1048576K
}
Event: 18.100 GC heap after
{Heap after GC invocations=766 (full 4):
 PSYoungGen      total 5632K, used 192K [0x00000000d5580000, 0x00000000d5c00000, 0x0000000100000000)
  eden space 4096K, 0% used [0x00000000d5580000,0x00000000d5580000,0x00000000d5980000)
  from space 1536K, 12% used [0x00000000d5980000,0x00000000d59b0000,0x00000000d5b00000)
  to   space 512K, 0% used [0x00000000d5b80000,0x00000000d5b80000,0x00000000d5c00000)
 ParOldGen       total 184320K, used 184150K [0x0000000080000000, 0x000000008b400000, 0x00000000d5580000)
  object space 184320K, 99% used [0x0000000080000000,0x000000008b3d5980,0x000000008b400000)
 Metaspace       used 76584K, committed 78272K, reserved 1179648K
  class space    used 7911K, committed 8640K, reserved 1048576K
}

Dll operation events (12 events):
Event: 0.013 Loaded shared library c:\Users\matys\.vscode\extensions\redhat.java-1.53.0-win32-x64\jre\21.0.10-win32-x86_64\bin\java.dll
Event: 0.063 Loaded shared library c:\Users\matys\.vscode\extensions\redhat.java-1.53.0-win32-x64\jre\21.0.10-win32-x86_64\bin\zip.dll
Event: 0.227 Loaded shared library C:\Users\matys\.vscode\extensions\redhat.java-1.53.0-win32-x64\jre\21.0.10-win32-x86_64\bin\instrument.dll
Event: 0.234 Loaded shared library C:\Users\matys\.vscode\extensions\redhat.java-1.53.0-win32-x64\jre\21.0.10-win32-x86_64\bin\net.dll
Event: 0.237 Loaded shared library C:\Users\matys\.vscode\extensions\redhat.java-1.53.0-win32-x64\jre\21.0.10-win32-x86_64\bin\nio.dll
Event: 0.242 Loaded shared library C:\Users\matys\.vscode\extensions\redhat.java-1.53.0-win32-x64\jre\21.0.10-win32-x86_64\bin\zip.dll
Event: 0.267 Loaded shared library C:\Users\matys\.vscode\extensions\redhat.java-1.53.0-win32-x64\jre\21.0.10-win32-x86_64\bin\jimage.dll
Event: 0.339 Loaded shared library c:\Users\matys\.vscode\extensions\redhat.java-1.53.0-win32-x64\jre\21.0.10-win32-x86_64\bin\verify.dll
Event: 1.125 Loaded shared library C:\Users\matys\AppData\Roaming\Code\User\globalStorage\redhat.java\1.53.0\config_win\org.eclipse.equinox.launcher\org.eclipse.equinox.launcher.win32.win32.x86_64_1.3.0.v20260203-2149\eclipse_11919.dll
Event: 2.191 Loaded shared library C:\Users\matys\AppData\Local\Temp\jna-103668858\jna6364258647156645930.dll
Event: 13.567 Loaded shared library C:\Users\matys\.vscode\extensions\redhat.java-1.53.0-win32-x64\jre\21.0.10-win32-x86_64\bin\sunmscapi.dll
Event: 13.920 Loaded shared library C:\Users\matys\.vscode\extensions\redhat.java-1.53.0-win32-x64\jre\21.0.10-win32-x86_64\bin\extnet.dll

Deoptimization events (20 events):
Event: 18.081 Thread 0x0000029efe169d10 Uncommon trap: trap_request=0xffffffd6 fr.pc=0x0000029ef0176a90 relative=0x0000000000007370
Event: 18.081 Thread 0x0000029efe169d10 Uncommon trap: reason=array_check action=maybe_recompile pc=0x0000029ef0176a90 method=org.eclipse.jdt.internal.compiler.classfmt.ModuleInfo.readModuleAttribute(I)V @ 1029 c2
Event: 18.081 Thread 0x0000029efe169d10 DEOPT PACKING pc=0x0000029ef0176a90 sp=0x000000a62defe120
Event: 18.081 Thread 0x0000029efe169d10 DEOPT UNPACKING pc=0x0000029eeef66da2 sp=0x000000a62defe0c8 mode 2
Event: 18.081 Thread 0x0000029efe169d10 Uncommon trap: trap_request=0xffffffd6 fr.pc=0x0000029ef0176a90 relative=0x0000000000007370
Event: 18.081 Thread 0x0000029efe169d10 Uncommon trap: reason=array_check action=maybe_recompile pc=0x0000029ef0176a90 method=org.eclipse.jdt.internal.compiler.classfmt.ModuleInfo.readModuleAttribute(I)V @ 1029 c2
Event: 18.081 Thread 0x0000029efe169d10 DEOPT PACKING pc=0x0000029ef0176a90 sp=0x000000a62defe120
Event: 18.081 Thread 0x0000029efe169d10 DEOPT UNPACKING pc=0x0000029eeef66da2 sp=0x000000a62defe0c8 mode 2
Event: 18.082 Thread 0x0000029efe370830 Uncommon trap: trap_request=0xffffff45 fr.pc=0x0000029eeff26ab4 relative=0x0000000000000274
Event: 18.082 Thread 0x0000029efe370830 Uncommon trap: reason=unstable_if action=reinterpret pc=0x0000029eeff26ab4 method=org.eclipse.jdt.core.compiler.CharOperation.equals([C[CZ)Z @ 1 c2
Event: 18.082 Thread 0x0000029efe370830 DEOPT PACKING pc=0x0000029eeff26ab4 sp=0x000000a62f1febd0
Event: 18.082 Thread 0x0000029efe370830 DEOPT UNPACKING pc=0x0000029eeef66da2 sp=0x000000a62f1feb78 mode 2
Event: 18.083 Thread 0x0000029efe169d10 Uncommon trap: trap_request=0xffffffd6 fr.pc=0x0000029ef0176a90 relative=0x0000000000007370
Event: 18.083 Thread 0x0000029efe169d10 Uncommon trap: reason=array_check action=maybe_recompile pc=0x0000029ef0176a90 method=org.eclipse.jdt.internal.compiler.classfmt.ModuleInfo.readModuleAttribute(I)V @ 1029 c2
Event: 18.083 Thread 0x0000029efe169d10 DEOPT PACKING pc=0x0000029ef0176a90 sp=0x000000a62defe120
Event: 18.083 Thread 0x0000029efe169d10 DEOPT UNPACKING pc=0x0000029eeef66da2 sp=0x000000a62defe0c8 mode 2
Event: 18.088 Thread 0x0000029efe169d10 Uncommon trap: trap_request=0xffffffd6 fr.pc=0x0000029ef0176a90 relative=0x0000000000007370
Event: 18.088 Thread 0x0000029efe169d10 Uncommon trap: reason=array_check action=maybe_recompile pc=0x0000029ef0176a90 method=org.eclipse.jdt.internal.compiler.classfmt.ModuleInfo.readModuleAttribute(I)V @ 1029 c2
Event: 18.088 Thread 0x0000029efe169d10 DEOPT PACKING pc=0x0000029ef0176a90 sp=0x000000a62defe120
Event: 18.088 Thread 0x0000029efe169d10 DEOPT UNPACKING pc=0x0000029eeef66da2 sp=0x000000a62defe0c8 mode 2

Classes loaded (20 events):
Event: 14.217 Loading class sun/security/ssl/NewSessionTicket$NewSessionTicketMessage done
Event: 14.217 Loading class sun/security/ssl/NewSessionTicket$T13NewSessionTicketMessage done
Event: 14.229 Loading class java/util/zip/CheckedInputStream
Event: 14.229 Loading class java/util/zip/CheckedInputStream done
Event: 14.230 Loading class java/nio/HeapByteBufferR
Event: 14.230 Loading class java/nio/HeapByteBufferR done
Event: 14.232 Loading class java/util/zip/GZIPInputStream$1
Event: 14.232 Loading class java/util/zip/GZIPInputStream$1 done
Event: 15.349 Loading class java/util/ArrayDeque$DeqSpliterator
Event: 15.349 Loading class java/util/ArrayDeque$DeqSpliterator done
Event: 15.605 Loading class sun/security/ssl/Alert
Event: 15.606 Loading class sun/security/ssl/Alert done
Event: 15.606 Loading class sun/security/ssl/Alert$AlertConsumer
Event: 15.607 Loading class sun/security/ssl/Alert$AlertConsumer done
Event: 15.607 Loading class sun/security/ssl/Alert$Level
Event: 15.607 Loading class sun/security/ssl/Alert$Level done
Event: 15.885 Loading class jdk/internal/module/IllegalAccessLogger
Event: 15.885 Loading class jdk/internal/module/IllegalAccessLogger done
Event: 16.466 Loading class jdk/internal/module/IllegalAccessLogger
Event: 16.466 Loading class jdk/internal/module/IllegalAccessLogger done

Classes unloaded (20 events):
Event: 15.487 Thread 0x0000029efb253a30 Unloading class 0x0000029e817585c8 'org/codehaus/plexus/interpolation/BasicInterpolator'
Event: 15.487 Thread 0x0000029efb253a30 Unloading class 0x0000029e817583c8 'org/codehaus/plexus/interpolation/ValueSource'
Event: 15.487 Thread 0x0000029efb253a30 Unloading class 0x0000029e81758000 'org/apache/maven/shared/filtering/MavenResourcesExecution'
Event: 15.487 Thread 0x0000029efb253a30 Unloading class 0x0000029e81757400 'org/apache/maven/shared/filtering/AbstractMavenFilteringRequest'
Event: 15.487 Thread 0x0000029efb253a30 Unloading class 0x0000029e81757ce0 'org/apache/maven/shared/filtering/MavenFilteringException'
Event: 15.487 Thread 0x0000029efb253a30 Unloading class 0x0000029e81757a90 'org/apache/maven/shared/filtering/DefaultMavenResourcesFiltering'
Event: 15.487 Thread 0x0000029efb253a30 Unloading class 0x0000029e81756e00 'org/apache/maven/shared/filtering/MavenResourcesFiltering'
Event: 15.487 Thread 0x0000029efb253a30 Unloading class 0x0000029e81757800 'org/apache/maven/shared/filtering/DefaultMavenReaderFilter'
Event: 15.487 Thread 0x0000029efb253a30 Unloading class 0x0000029e81756c00 'org/apache/maven/shared/filtering/MavenReaderFilter'
Event: 15.487 Thread 0x0000029efb253a30 Unloading class 0x0000029e81756960 'org/apache/maven/shared/filtering/DefaultMavenFileFilter'
Event: 15.487 Thread 0x0000029efb253a30 Unloading class 0x0000029e81756710 'org/apache/maven/shared/filtering/BaseFilter'
Event: 15.487 Thread 0x0000029efb253a30 Unloading class 0x0000029e81756510 'org/apache/maven/shared/filtering/MavenFileFilter'
Event: 15.487 Thread 0x0000029efb253a30 Unloading class 0x0000029e81756310 'org/apache/maven/shared/filtering/DefaultFilterInfo'
Event: 15.487 Thread 0x0000029efb253a30 Unloading class 0x0000029e81756000 'org/apache/maven/plugins/resources/TestResourcesMojo'
Event: 15.487 Thread 0x0000029efb253a30 Unloading class 0x0000029e81755400 'org/apache/maven/plugins/maven_resources_plugin/HelpMojo'
Event: 15.487 Thread 0x0000029efb253a30 Unloading class 0x0000029e81755b10 'org/apache/maven/plugins/resources/CopyResourcesMojo'
Event: 15.487 Thread 0x0000029efb253a30 Unloading class 0x0000029e81755800 'org/apache/maven/plugins/resources/ResourcesMojo'
Event: 15.487 Thread 0x0000029efb253a30 Unloading class 0x0000029e8170cc00 'java/lang/invoke/LambdaForm$DMH+0x0000029e8170cc00'
Event: 15.487 Thread 0x0000029efb253a30 Unloading class 0x0000029e8170c800 'java/lang/invoke/LambdaForm$DMH+0x0000029e8170c800'
Event: 15.487 Thread 0x0000029efb253a30 Unloading class 0x0000029e8170c400 'java/lang/invoke/LambdaForm$DMH+0x0000029e8170c400'

Classes redefined (0 events):
No events

Internal exceptions (20 events):
Event: 17.735 Thread 0x0000029ed042ce10 Exception <a 'sun/nio/fs/WindowsException'{0x00000000d55de0c8}> (0x00000000d55de0c8) 
thrown [s\src\hotspot\share\prims\jni.cpp, line 520]
Event: 17.735 Thread 0x0000029ed042ce10 Exception <a 'sun/nio/fs/WindowsException'{0x00000000d55debf8}> (0x00000000d55debf8) 
thrown [s\src\hotspot\share\prims\jni.cpp, line 520]
Event: 17.736 Thread 0x0000029ed042ce10 Exception <a 'sun/nio/fs/WindowsException'{0x00000000d55eda50}> (0x00000000d55eda50) 
thrown [s\src\hotspot\share\prims\jni.cpp, line 520]
Event: 17.739 Thread 0x0000029ed042ce10 Exception <a 'sun/nio/fs/WindowsException'{0x00000000d55efad0}> (0x00000000d55efad0) 
thrown [s\src\hotspot\share\prims\jni.cpp, line 520]
Event: 17.752 Thread 0x0000029ed042ce10 Exception <a 'sun/nio/fs/WindowsException'{0x00000000d59d96d8}> (0x00000000d59d96d8) 
thrown [s\src\hotspot\share\prims\jni.cpp, line 520]
Event: 17.752 Thread 0x0000029ed042ce10 Exception <a 'sun/nio/fs/WindowsException'{0x00000000d59f02e0}> (0x00000000d59f02e0) 
thrown [s\src\hotspot\share\prims\jni.cpp, line 520]
Event: 17.972 Thread 0x0000029ed042ce10 Exception <a 'sun/nio/fs/WindowsException'{0x00000000d571fb80}> (0x00000000d571fb80) 
thrown [s\src\hotspot\share\prims\jni.cpp, line 520]
Event: 17.974 Thread 0x0000029ed042ce10 Exception <a 'sun/nio/fs/WindowsException'{0x00000000d57217c0}> (0x00000000d57217c0) 
thrown [s\src\hotspot\share\prims\jni.cpp, line 520]
Event: 17.978 Thread 0x0000029ed042ce10 Exception <a 'sun/nio/fs/WindowsException'{0x00000000d5723670}> (0x00000000d5723670) 
thrown [s\src\hotspot\share\prims\jni.cpp, line 520]
Event: 17.979 Thread 0x0000029ed042ce10 Exception <a 'sun/nio/fs/WindowsException'{0x00000000d5725fd0}> (0x00000000d5725fd0) 
thrown [s\src\hotspot\share\prims\jni.cpp, line 520]
Event: 18.026 Thread 0x0000029ed042ce10 Exception <a 'sun/nio/fs/WindowsException'{0x00000000d5948b48}> (0x00000000d5948b48) 
thrown [s\src\hotspot\share\prims\jni.cpp, line 520]
Event: 18.026 Thread 0x0000029ed042ce10 Exception <a 'sun/nio/fs/WindowsException'{0x00000000d5949428}> (0x00000000d5949428) 
thrown [s\src\hotspot\share\prims\jni.cpp, line 520]
Event: 18.068 Thread 0x0000029efe169d10 Exception <a 'sun/nio/fs/WindowsException'{0x00000000d57c6320}> (0x00000000d57c6320) 
thrown [s\src\hotspot\share\prims\jni.cpp, line 520]
Event: 18.068 Thread 0x0000029efe169d10 Exception <a 'sun/nio/fs/WindowsException'{0x00000000d57c77b0}> (0x00000000d57c77b0) 
thrown [s\src\hotspot\share\prims\jni.cpp, line 520]
Event: 18.068 Thread 0x0000029efe169d10 Exception <a 'sun/nio/fs/WindowsException'{0x00000000d57cb720}> (0x00000000d57cb720) 
thrown [s\src\hotspot\share\prims\jni.cpp, line 520]
Event: 18.068 Thread 0x0000029efe169d10 Exception <a 'sun/nio/fs/WindowsException'{0x00000000d57d2c80}> (0x00000000d57d2c80) 
thrown [s\src\hotspot\share\prims\jni.cpp, line 520]
Event: 18.068 Thread 0x0000029efe169d10 Exception <a 'sun/nio/fs/WindowsException'{0x00000000d57ecd20}> (0x00000000d57ecd20) 
thrown [s\src\hotspot\share\prims\jni.cpp, line 520]
Event: 18.069 Thread 0x0000029efe169d10 Exception <a 'sun/nio/fs/WindowsException'{0x00000000d57f72f0}> (0x00000000d57f72f0) 
thrown [s\src\hotspot\share\prims\jni.cpp, line 520]
Event: 18.071 Thread 0x0000029efe169d10 Exception <a 'sun/nio/fs/WindowsException'{0x00000000d58c3950}> (0x00000000d58c3950) 
thrown [s\src\hotspot\share\prims\jni.cpp, line 520]
Event: 18.071 Thread 0x0000029efe169d10 Exception <a 'sun/nio/fs/WindowsException'{0x00000000d58d6950}> (0x00000000d58d6950) 
thrown [s\src\hotspot\share\prims\jni.cpp, line 520]

ZGC Phase Switch (0 events):
No events

VM Operations (20 events):
Event: 17.883 Executing safepoint VM operation: ParallelGCFailedAllocation (Allocation Failure)
Event: 17.885 Executing safepoint VM operation: ParallelGCFailedAllocation (Allocation Failure) done
Event: 17.890 Executing safepoint VM operation: ParallelGCFailedAllocation (Allocation Failure)
Event: 17.891 Executing safepoint VM operation: ParallelGCFailedAllocation (Allocation Failure) done
Event: 17.901 Executing safepoint VM operation: ParallelGCFailedAllocation (Allocation Failure)
Event: 17.903 Executing safepoint VM operation: ParallelGCFailedAllocation (Allocation Failure) done
Event: 17.921 Executing safepoint VM operation: ParallelGCFailedAllocation (Allocation Failure)
Event: 17.924 Executing safepoint VM operation: ParallelGCFailedAllocation (Allocation Failure) done
Event: 17.934 Executing safepoint VM operation: ParallelGCFailedAllocation (Allocation Failure)
Event: 17.935 Executing safepoint VM operation: ParallelGCFailedAllocation (Allocation Failure) done
Event: 17.954 Executing safepoint VM operation: ParallelGCFailedAllocation (Allocation Failure)
Event: 17.956 Executing safepoint VM operation: ParallelGCFailedAllocation (Allocation Failure) done
Event: 18.029 Executing safepoint VM operation: ParallelGCFailedAllocation (Allocation Failure)
Event: 18.030 Executing safepoint VM operation: ParallelGCFailedAllocation (Allocation Failure) done
Event: 18.074 Executing safepoint VM operation: ParallelGCFailedAllocation (Allocation Failure)
Event: 18.076 Executing safepoint VM operation: ParallelGCFailedAllocation (Allocation Failure) done
Event: 18.085 Executing safepoint VM operation: ParallelGCFailedAllocation (Allocation Failure)
Event: 18.086 Executing safepoint VM operation: ParallelGCFailedAllocation (Allocation Failure) done
Event: 18.099 Executing safepoint VM operation: ParallelGCFailedAllocation (Allocation Failure)
Event: 18.100 Executing safepoint VM operation: ParallelGCFailedAllocation (Allocation Failure) done

Memory protections (0 events):
No events

Nmethod flushes (20 events):
Event: 15.517 Thread 0x0000029efb253a30 flushing  nmethod 0x0000029ee8b40710
Event: 15.517 Thread 0x0000029efb253a30 flushing  nmethod 0x0000029ee8b45b90
Event: 15.517 Thread 0x0000029efb253a30 flushing  nmethod 0x0000029ee8b60a90
Event: 15.517 Thread 0x0000029efb253a30 flushing  nmethod 0x0000029ee8b65510
Event: 15.517 Thread 0x0000029efb253a30 flushing  nmethod 0x0000029ee8b9d990
Event: 15.517 Thread 0x0000029efb253a30 flushing  nmethod 0x0000029ee8bc4410
Event: 15.517 Thread 0x0000029efb253a30 flushing  nmethod 0x0000029ee8be9110
Event: 15.517 Thread 0x0000029efb253a30 flushing  nmethod 0x0000029ee8c11f10
Event: 15.517 Thread 0x0000029efb253a30 flushing  nmethod 0x0000029ee8c23310
Event: 15.517 Thread 0x0000029efb253a30 flushing  nmethod 0x0000029ee8c23790
Event: 15.517 Thread 0x0000029efb253a30 flushing  nmethod 0x0000029ee8c24a10
Event: 15.517 Thread 0x0000029efb253a30 flushing  nmethod 0x0000029ee8c57310
Event: 15.517 Thread 0x0000029efb253a30 flushing  nmethod 0x0000029ee8caa690
Event: 15.517 Thread 0x0000029efb253a30 flushing  nmethod 0x0000029ee8cab490
Event: 15.517 Thread 0x0000029efb253a30 flushing  nmethod 0x0000029ee8ce4510
Event: 15.517 Thread 0x0000029efb253a30 flushing  nmethod 0x0000029ee8ce6f90
Event: 15.517 Thread 0x0000029efb253a30 flushing  nmethod 0x0000029ee9760a10
Event: 15.517 Thread 0x0000029efb253a30 flushing  nmethod 0x0000029ee9762d10
Event: 15.517 Thread 0x0000029efb253a30 flushing  nmethod 0x0000029ee9764e10
Event: 15.517 Thread 0x0000029efb253a30 flushing  nmethod 0x0000029ee976e690

Events (20 events):
Event: 17.037 Thread 0x0000029ed042ce10 Thread added: 0x0000029ecf239b50
Event: 17.037 Thread 0x0000029ed042ce10 Thread added: 0x0000029ecf23a1e0
Event: 17.037 Thread 0x0000029ed042ce10 Thread added: 0x0000029efe3701a0
Event: 17.037 Thread 0x0000029ed042ce10 Thread added: 0x0000029ec5eb8680
Event: 17.037 Thread 0x0000029ed042ce10 Thread added: 0x0000029ec5eb6c40
Event: 17.195 Thread 0x0000029ecf23a1e0 Thread exited: 0x0000029ecf23a1e0
Event: 17.195 Thread 0x0000029efe3701a0 Thread exited: 0x0000029efe3701a0
Event: 17.195 Thread 0x0000029ec5eb8680 Thread exited: 0x0000029ec5eb8680
Event: 17.196 Thread 0x0000029ecf239b50 Thread exited: 0x0000029ecf239b50
Event: 17.196 Thread 0x0000029ec5eb6c40 Thread exited: 0x0000029ec5eb6c40
Event: 17.798 Thread 0x0000029ed042ce10 Thread added: 0x0000029ecf239b50
Event: 17.798 Thread 0x0000029ed042ce10 Thread added: 0x0000029ecf23a1e0
Event: 17.798 Thread 0x0000029ed042ce10 Thread added: 0x0000029efe3701a0
Event: 17.798 Thread 0x0000029ed042ce10 Thread added: 0x0000029ed01229d0
Event: 17.798 Thread 0x0000029ed042ce10 Thread added: 0x0000029ed0123060
Event: 17.832 Thread 0x0000029ed0123060 Thread exited: 0x0000029ed0123060
Event: 17.832 Thread 0x0000029ecf239b50 Thread exited: 0x0000029ecf239b50
Event: 17.832 Thread 0x0000029ecf23a1e0 Thread exited: 0x0000029ecf23a1e0
Event: 17.833 Thread 0x0000029efe3701a0 Thread exited: 0x0000029efe3701a0
Event: 17.833 Thread 0x0000029ed01229d0 Thread exited: 0x0000029ed01229d0


Dynamic libraries:
0x00007ff7e9620000 - 0x00007ff7e962e000 	c:\Users\matys\.vscode\extensions\redhat.java-1.53.0-win32-x64\jre\21.0.10-win32-x86_64\bin\java.exe
0x00007ffc0d480000 - 0x00007ffc0d6e7000 	C:\WINDOWS\SYSTEM32\ntdll.dll
0x00007ffc0bbe0000 - 0x00007ffc0bca9000 	C:\WINDOWS\System32\KERNEL32.DLL
0x00007ffc09ed0000 - 0x00007ffc0a2c4000 	C:\WINDOWS\System32\KERNELBASE.dll
0x00007ffc0af50000 - 0x00007ffc0b09b000 	C:\WINDOWS\System32\ucrtbase.dll
0x00007ffbe25c0000 - 0x00007ffbe25d8000 	c:\Users\matys\.vscode\extensions\redhat.java-1.53.0-win32-x64\jre\21.0.10-win32-x86_64\bin\jli.dll
0x00007ffbe25a0000 - 0x00007ffbe25be000 	c:\Users\matys\.vscode\extensions\redhat.java-1.53.0-win32-x64\jre\21.0.10-win32-x86_64\bin\VCRUNTIME140.dll
0x00007ffc0bd30000 - 0x00007ffc0bef5000 	C:\WINDOWS\System32\USER32.dll
0x00007ffc0ac80000 - 0x00007ffc0aca7000 	C:\WINDOWS\System32\win32u.dll
0x00007ffbf9d50000 - 0x00007ffbf9fe3000 	C:\WINDOWS\WinSxS\amd64_microsoft.windows.common-controls_6595b64144ccf1df_6.0.26100.8115_none_3e075c82e3354f9c\COMCTL32.dll
0x00007ffc0d310000 - 0x00007ffc0d33b000 	C:\WINDOWS\System32\GDI32.dll
0x00007ffc0d140000 - 0x00007ffc0d1e9000 	C:\WINDOWS\System32\msvcrt.dll
0x00007ffc0ad70000 - 0x00007ffc0ae9a000 	C:\WINDOWS\System32\gdi32full.dll
0x00007ffc0abd0000 - 0x00007ffc0ac73000 	C:\WINDOWS\System32\msvcp_win.dll
0x00007ffc0b700000 - 0x00007ffc0b732000 	C:\WINDOWS\System32\IMM32.DLL
0x00007ffbedb40000 - 0x00007ffbedb4c000 	c:\Users\matys\.vscode\extensions\redhat.java-1.53.0-win32-x64\jre\21.0.10-win32-x86_64\bin\vcruntime140_1.dll
0x00007ffb78530000 - 0x00007ffb785bd000 	c:\Users\matys\.vscode\extensions\redhat.java-1.53.0-win32-x64\jre\21.0.10-win32-x86_64\bin\msvcp140.dll
0x00007ffb60cb0000 - 0x00007ffb61a51000 	c:\Users\matys\.vscode\extensions\redhat.java-1.53.0-win32-x64\jre\21.0.10-win32-x86_64\bin\server\jvm.dll
0x00007ffc0b7d0000 - 0x00007ffc0b886000 	C:\WINDOWS\System32\ADVAPI32.dll
0x00007ffc0bf00000 - 0x00007ffc0bfa7000 	C:\WINDOWS\System32\sechost.dll
0x00007ffc0c190000 - 0x00007ffc0c2a8000 	C:\WINDOWS\System32\RPCRT4.dll
0x00007ffc0b2e0000 - 0x00007ffc0b360000 	C:\WINDOWS\System32\WS2_32.dll
0x00007ffc08950000 - 0x00007ffc089ae000 	C:\WINDOWS\SYSTEM32\POWRPROF.dll
0x00007ffc00eb0000 - 0x00007ffc00ee6000 	C:\WINDOWS\SYSTEM32\WINMM.dll
0x00007ffc016e0000 - 0x00007ffc016eb000 	C:\WINDOWS\SYSTEM32\VERSION.dll
0x00007ffc08930000 - 0x00007ffc08944000 	C:\WINDOWS\SYSTEM32\UMPDC.dll
0x00007ffc08c00000 - 0x00007ffc08c1b000 	C:\WINDOWS\SYSTEM32\kernel.appcore.dll
0x00007ffbe2590000 - 0x00007ffbe259a000 	c:\Users\matys\.vscode\extensions\redhat.java-1.53.0-win32-x64\jre\21.0.10-win32-x86_64\bin\jimage.dll
0x00007ffc07900000 - 0x00007ffc07b42000 	C:\WINDOWS\SYSTEM32\DBGHELP.DLL
0x00007ffc0b370000 - 0x00007ffc0b6f2000 	C:\WINDOWS\System32\combase.dll
0x00007ffc0d060000 - 0x00007ffc0d137000 	C:\WINDOWS\System32\OLEAUT32.dll
0x00007ffbe19f0000 - 0x00007ffbe1a2b000 	C:\WINDOWS\SYSTEM32\dbgcore.DLL
0x00007ffc0aea0000 - 0x00007ffc0af45000 	C:\WINDOWS\System32\bcryptPrimitives.dll
0x00007ffbec280000 - 0x00007ffbec28f000 	c:\Users\matys\.vscode\extensions\redhat.java-1.53.0-win32-x64\jre\21.0.10-win32-x86_64\bin\instrument.dll
0x00007ffb8d920000 - 0x00007ffb8d940000 	c:\Users\matys\.vscode\extensions\redhat.java-1.53.0-win32-x64\jre\21.0.10-win32-x86_64\bin\java.dll
0x00007ffc0c2f0000 - 0x00007ffc0ca56000 	C:\WINDOWS\System32\SHELL32.dll
0x00007ffc0b0a0000 - 0x00007ffc0b20a000 	C:\WINDOWS\System32\wintypes.dll
0x00007ffc0a2d0000 - 0x00007ffc0ab35000 	C:\WINDOWS\System32\windows.storage.dll
0x00007ffc0d1f0000 - 0x00007ffc0d2e7000 	C:\WINDOWS\System32\SHCORE.dll
0x00007ffc0b210000 - 0x00007ffc0b276000 	C:\WINDOWS\System32\shlwapi.dll
0x00007ffc09c70000 - 0x00007ffc09c99000 	C:\WINDOWS\SYSTEM32\profapi.dll
0x00007ffb8c1d0000 - 0x00007ffb8c1e8000 	c:\Users\matys\.vscode\extensions\redhat.java-1.53.0-win32-x64\jre\21.0.10-win32-x86_64\bin\zip.dll
0x00007ffbe2570000 - 0x00007ffbe2580000 	C:\Users\matys\.vscode\extensions\redhat.java-1.53.0-win32-x64\jre\21.0.10-win32-x86_64\bin\net.dll
0x00007ffc01c20000 - 0x00007ffc01d4d000 	C:\WINDOWS\SYSTEM32\WINHTTP.dll
0x00007ffc09170000 - 0x00007ffc091dc000 	C:\WINDOWS\system32\mswsock.dll
0x00007ffb78360000 - 0x00007ffb78376000 	C:\Users\matys\.vscode\extensions\redhat.java-1.53.0-win32-x64\jre\21.0.10-win32-x86_64\bin\nio.dll
0x00007ffbfb750000 - 0x00007ffbfb760000 	c:\Users\matys\.vscode\extensions\redhat.java-1.53.0-win32-x64\jre\21.0.10-win32-x86_64\bin\verify.dll
0x00007ffbf49c0000 - 0x00007ffbf4a05000 	C:\Users\matys\AppData\Roaming\Code\User\globalStorage\redhat.java\1.53.0\config_win\org.eclipse.equinox.launcher\org.eclipse.equinox.launcher.win32.win32.x86_64_1.3.0.v20260203-2149\eclipse_11919.dll
0x00007ffc0b9e0000 - 0x00007ffc0bb77000 	C:\WINDOWS\System32\ole32.dll
0x00007ffc09450000 - 0x00007ffc0946b000 	C:\WINDOWS\SYSTEM32\CRYPTSP.dll
0x00007ffc08b60000 - 0x00007ffc08b99000 	C:\WINDOWS\system32\rsaenh.dll
0x00007ffc09220000 - 0x00007ffc09253000 	C:\WINDOWS\SYSTEM32\USERENV.dll
0x00007ffc09c40000 - 0x00007ffc09c6a000 	C:\WINDOWS\SYSTEM32\bcrypt.dll
0x00007ffc09470000 - 0x00007ffc0947c000 	C:\WINDOWS\SYSTEM32\CRYPTBASE.dll
0x00007ffc085e0000 - 0x00007ffc08612000 	C:\WINDOWS\SYSTEM32\IPHLPAPI.DLL
0x00007ffc0c2e0000 - 0x00007ffc0c2ea000 	C:\WINDOWS\System32\NSI.dll
0x00007ffbf4970000 - 0x00007ffbf49b9000 	C:\Users\matys\AppData\Local\Temp\jna-103668858\jna6364258647156645930.dll
0x00007ffc0b280000 - 0x00007ffc0b288000 	C:\WINDOWS\System32\PSAPI.DLL
0x00007ffc020b0000 - 0x00007ffc020cd000 	C:\WINDOWS\SYSTEM32\dhcpcsvc6.DLL
0x00007ffc02080000 - 0x00007ffc020a5000 	C:\WINDOWS\SYSTEM32\dhcpcsvc.DLL
0x00007ffc08d20000 - 0x00007ffc08d56000 	C:\WINDOWS\SYSTEM32\ntmarta.dll
0x00007ffbfc240000 - 0x00007ffbfc24e000 	C:\Users\matys\.vscode\extensions\redhat.java-1.53.0-win32-x64\jre\21.0.10-win32-x86_64\bin\sunmscapi.dll
0x00007ffc09d50000 - 0x00007ffc09ec7000 	C:\WINDOWS\System32\CRYPT32.dll
0x00007ffc09670000 - 0x00007ffc096a0000 	C:\WINDOWS\SYSTEM32\ncrypt.dll
0x00007ffc09620000 - 0x00007ffc0965f000 	C:\WINDOWS\SYSTEM32\NTASN1.dll
0x00007ffc086e0000 - 0x00007ffc08812000 	C:\WINDOWS\SYSTEM32\DNSAPI.dll
0x00007ffc017e0000 - 0x00007ffc017eb000 	C:\Windows\System32\rasadhlp.dll
0x00007ffc022a0000 - 0x00007ffc02326000 	C:\WINDOWS\System32\fwpuclnt.dll
0x00007ffbfc350000 - 0x00007ffbfc359000 	C:\Users\matys\.vscode\extensions\redhat.java-1.53.0-win32-x64\jre\21.0.10-win32-x86_64\bin\extnet.dll

JVMTI agents:
c:\Users\matys\.vscode\extensions\redhat.java-1.53.0-win32-x64\lombok\lombok-1.18.39-4050.jar path:c:\Users\matys\.vscode\extensions\redhat.java-1.53.0-win32-x64\jre\21.0.10-win32-x86_64\bin\instrument.dll, loaded, initialized, instrumentlib options:none

dbghelp: loaded successfully - version: 4.0.5 - missing functions: none
symbol engine: initialized successfully - sym options: 0x614 - pdb path: .;c:\Users\matys\.vscode\extensions\redhat.java-1.53.0-win32-x64\jre\21.0.10-win32-x86_64\bin;C:\WINDOWS\SYSTEM32;C:\WINDOWS\WinSxS\amd64_microsoft.windows.common-controls_6595b64144ccf1df_6.0.26100.8115_none_3e075c82e3354f9c;c:\Users\matys\.vscode\extensions\redhat.java-1.53.0-win32-x64\jre\21.0.10-win32-x86_64\bin\server;C:\Users\matys\AppData\Roaming\Code\User\globalStorage\redhat.java\1.53.0\config_win\org.eclipse.equinox.launcher\org.eclipse.equinox.launcher.win32.win32.x86_64_1.3.0.v20260203-2149;C:\Users\matys\AppData\Local\Temp\jna-103668858

VM Arguments:
jvm_args: --add-modules=ALL-SYSTEM --add-opens=java.base/java.util=ALL-UNNAMED --add-opens=java.base/java.lang=ALL-UNNAMED --add-opens=java.base/sun.nio.fs=ALL-UNNAMED -Declipse.application=org.eclipse.jdt.ls.core.id1 -Dosgi.bundles.defaultStartLevel=4 -Declipse.product=org.eclipse.jdt.ls.core.product -Djava.import.generatesMetadataFilesAtProjectRoot=false -DDetectVMInstallationsJob.disabled=true -Dfile.encoding=utf8 -XX:+UseParallelGC -XX:GCTimeRatio=4 -XX:AdaptiveSizePolicyWeight=90 -Dsun.zip.disableMemoryMapping=true -Xmx2G -Xms100m -Xlog:disable -javaagent:c:\Users\matys\.vscode\extensions\redhat.java-1.53.0-win32-x64\lombok\lombok-1.18.39-4050.jar -XX:+HeapDumpOnOutOfMemoryError -XX:HeapDumpPath=c:\Users\matys\AppData\Roaming\Code\User\workspaceStorage\47e3c005e3d690642a0c1828fe6af43c\redhat.java -Daether.dependencyCollector.impl=bf 
java_command: c:\Users\matys\.vscode\extensions\redhat.java-1.53.0-win32-x64\server\plugins\org.eclipse.equinox.launcher_1.7.100.v20251111-0406.jar -configuration c:\Users\matys\AppData\Roaming\Code\User\globalStorage\redhat.java\1.53.0\config_win -data c:\Users\matys\AppData\Roaming\Code\User\workspaceStorage\47e3c005e3d690642a0c1828fe6af43c\redhat.java\jdt_ws --pipe=\\.\pipe\lsp-ebdabce41e7703be8bd5aee5628fc663-sock
java_class_path (initial): c:\Users\matys\.vscode\extensions\redhat.java-1.53.0-win32-x64\server\plugins\org.eclipse.equinox.launcher_1.7.100.v20251111-0406.jar
Launcher Type: SUN_STANDARD

[Global flags]
    uintx AdaptiveSizePolicyWeight                 = 90                                        {product} {command line}
     intx CICompilerCount                          = 4                                         {product} {ergonomic}
    uintx GCTimeRatio                              = 4                                         {product} {command line}
     bool HeapDumpOnOutOfMemoryError               = true                                   {manageable} {command line}
    ccstr HeapDumpPath                             = c:\Users\matys\AppData\Roaming\Code\User\workspaceStorage\47e3c005e3d690642a0c1828fe6af43c\redhat.java         {manageable} {command line}
   size_t InitialHeapSize                          = 104857600                                 {product} {command line}
   size_t MaxHeapSize                              = 2147483648                                {product} {command line}
   size_t MaxNewSize                               = 715653120                                 {product} {ergonomic}
   size_t MinHeapDeltaBytes                        = 524288                                    {product} {ergonomic}
   size_t MinHeapSize                              = 104857600                                 {product} {command line}
   size_t NewSize                                  = 34603008                                  {product} {ergonomic}
    uintx NonNMethodCodeHeapSize                   = 5839372                                {pd product} {ergonomic}
    uintx NonProfiledCodeHeapSize                  = 122909434                              {pd product} {ergonomic}
   size_t OldSize                                  = 70254592                                  {product} {ergonomic}
    uintx ProfiledCodeHeapSize                     = 122909434                              {pd product} {ergonomic}
    uintx ReservedCodeCacheSize                    = 251658240                              {pd product} {ergonomic}
     bool SegmentedCodeCache                       = true                                      {product} {ergonomic}
   size_t SoftMaxHeapSize                          = 2147483648                             {manageable} {ergonomic}
     bool UseCompressedOops                        = true                           {product lp64_product} {ergonomic}
     bool UseLargePagesIndividualAllocation        = false                                  {pd product} {ergonomic}
     bool UseParallelGC                            = true                                      {product} {command line}

Logging:
Log output configuration:
 #0: stdout all=off uptime,level,tags foldmultilines=false
 #1: stderr all=off uptime,level,tags foldmultilines=false

Release file:
JAVA_VERSION="21.0.10" 
MODULES="java.base java.compiler java.datatransfer java.xml java.prefs java.desktop java.instrument java.logging java.management java.security.sasl java.naming java.rmi java.management.rmi java.net.http java.scripting java.security.jgss java.transaction.xa java.sql java.sql.rowset java.xml.crypto java.se java.smartcardio jdk.accessibility jdk.internal.jvmstat jdk.attach jdk.charsets jdk.internal.opt jdk.zipfs jdk.compiler jdk.crypto.ec jdk.crypto.cryptoki jdk.crypto.mscapi jdk.dynalink jdk.internal.ed jdk.editpad jdk.hotspot.agent jdk.httpserver jdk.internal.le jdk.internal.vm.ci jdk.internal.vm.compiler jdk.internal.vm.compiler.management jdk.jartool jdk.javadoc jdk.jcmd jdk.management jdk.management.agent jdk.jconsole jdk.jdeps jdk.jdwp.agent jdk.jdi jdk.jfr jdk.jshell jdk.jsobject jdk.jstatd jdk.localedata jdk.management.jfr jdk.naming.dns jdk.naming.rmi jdk.net jdk.nio.mapmode jdk.random jdk.sctp jdk.security.auth jdk.security.jgss jdk.unsupported jdk.unsupported.desktop jdk.xml.dom" 

Environment Variables:
PATH=D:\Programy\Microsoft VS Code;C:\Program Files\Common Files\Oracle\Java\javapath;D:\Oculus\Support\oculus-runtime;C:\Python312\Scripts\;C:\Python312\;C:\Windows\system32;C:\Windows;C:\Windows\System32\Wbem;C:\Windows\System32\WindowsPowerShell\v1.0\;C:\Windows\System32\OpenSSH\;C:\WINDOWS\system32;C:\WINDOWS;C:\WINDOWS\System32\Wbem;C:\WINDOWS\System32\WindowsPowerShell\v1.0\;C:\WINDOWS\System32\OpenSSH\;C:\Program Files\dotnet\;C:\Program Files (x86)\NVIDIA Corporation\PhysX\Common;C:\Program Files\nodejs\;C:\ProgramData\chocolatey\bin;C:\WINDOWS\system32;C:\WINDOWS;C:\WINDOWS\System32\Wbem;C:\WINDOWS\System32\WindowsPowerShell\v1.0\;C:\WINDOWS\System32\OpenSSH\;C:\Program Files\NVIDIA Corporation\NVIDIA app\NvDLISR;C:\php\;C:\ProgramData\ComposerSetup\bin;C:\Program Files (x86)\Paragon Software\LinuxFS for Windows\;C:\ffmpeg\bin;C:\Program Files\Git\cmd;C:\Program Files\Tailscale\;D:\Docker\resources\bin;C:\Users\matys\AppData\Local\Microsoft\WindowsApps;D:\Programy\Microsoft VS Code\bin;C:\Users\matys\AppData\Roaming\npm;D:\Programy\apache-maven-3.9.9\bin;C:\Users\matys\AppData\Roaming\Composer\vendor\bin;C:\ffmpeg\bin;D:\OllamaApp;
USERNAME=matys
OS=Windows_NT
PROCESSOR_IDENTIFIER=Intel64 Family 6 Model 140 Stepping 1, GenuineIntel
TMP=C:\Users\matys\AppData\Local\Temp
TEMP=C:\Users\matys\AppData\Local\Temp




Periodic native trim disabled

---------------  S Y S T E M  ---------------

OS:
 Windows 11 , 64 bit Build 26100 (10.0.26100.8115)
OS uptime: 0 days 23:37 hours
Hyper-V role detected

CPU: total 8 (initial active 8) (4 cores per cpu, 2 threads per core) family 6 model 140 stepping 1 microcode 0x86, cx8, cmov, fxsr, ht, mmx, 3dnowpref, sse, sse2, sse3, ssse3, sse4.1, sse4.2, popcnt, lzcnt, tsc, tscinvbit, avx, avx2, aes, erms, clmul, bmi1, bmi2, adx, avx512f, avx512dq, avx512cd, avx512bw, avx512vl, sha, fma, vzeroupper, avx512_vpopcntdq, avx512_vpclmulqdq, avx512_vaes, avx512_vnni, clflush, clflushopt, clwb, avx512_vbmi2, avx512_vbmi, hv, rdtscp, rdpid, fsrm, gfni, avx512_bitalg, f16c, cet_ibt, cet_ss, avx512_ifma
Processor Information for the first 8 processors :
  Max Mhz: 3302, Current Mhz: 3302, Mhz Limit: 3302

Memory: 4k page, system-wide physical 16075M (1327M free)
TotalPageFile size 28315M (AvailPageFile size 388M)
current process WorkingSet (physical memory assigned to process): 492M, peak: 659M
current process commit charge ("private bytes"): 544M, peak: 722M

vm_info: OpenJDK 64-Bit Server VM (21.0.10+7-LTS) for windows-amd64 JRE (21.0.10+7-LTS), built on 2026-01-20T00:00:00Z by "admin" with MS VC++ 17.12 (VS2022)

END.
